[INFO][2016-04-07 18:32:48]#####################################################
[INFO][2016-04-07 18:32:48]\/\/\/\/\/\/---TestCase = LoginTest---\/\/\/\/\/\/
[INFO][2016-04-07 18:32:51]WebDriver navigating to:'http://test.boss.1jiajie.com/'
[INFO][2016-04-07 18:32:57]WebDriver changing value in element found By.id: loginform-username from '' to ''
[INFO][2016-04-07 18:32:58]WebDriver changing value in element found By.id: loginform-username from '' to 'admin'
[INFO][2016-04-07 18:32:58]WebDriver changing value in element found By.id: loginform-password from '' to ''
[INFO][2016-04-07 18:32:58]WebDriver changing value in element found By.id: loginform-password from '' to 'Test2016QA'
[INFO][2016-04-07 18:33:06]WebDriver clicking on:'xpath: //*[@id='list']/li[5]/button'
[INFO][2016-04-07 18:33:12]WebDriver navigating to:'http://test.boss.1jiajie.com/'
[INFO][2016-04-07 18:33:18]WebDriver changing value in element found By.id: loginform-username from '' to ''
[INFO][2016-04-07 18:33:19]WebDriver changing value in element found By.id: loginform-username from '' to 'admin'
[INFO][2016-04-07 18:33:19]WebDriver changing value in element found By.id: loginform-password from '' to ''
[INFO][2016-04-07 18:33:19]WebDriver changing value in element found By.id: loginform-password from '' to 'cuowumima'
[INFO][2016-04-07 18:33:27]WebDriver clicking on:'xpath: //*[@id='list']/li[5]/button'
[INFO][2016-04-07 18:33:28]/\/\/\/\/\/\---TestCase = LoginTest---/\/\/\/\/\/\
[INFO][2016-04-07 18:33:28]#####################################################
[INFO][2016-04-07 18:33:28]#####################################################
[INFO][2016-04-07 18:33:28]\/\/\/\/\/\/---TestCase = HomeLinkTest---\/\/\/\/\/\/
[INFO][2016-04-07 18:33:29]WebDriver navigating to:'http://test.boss.1jiajie.com/'
[INFO][2016-04-07 18:33:36]WebDriver changing value in element found By.id: loginform-username from '' to ''
[INFO][2016-04-07 18:33:36]WebDriver changing value in element found By.id: loginform-username from '' to 'admin'
[INFO][2016-04-07 18:33:36]WebDriver changing value in element found By.id: loginform-password from '' to ''
[INFO][2016-04-07 18:33:36]WebDriver changing value in element found By.id: loginform-password from '' to 'Test2016QA'
[INFO][2016-04-07 18:33:44]WebDriver clicking on:'xpath: //*[@id='list']/li[5]/button'
[ERROR][2016-04-07 18:33:47]WebDriver error:
org.openqa.selenium.InvalidSelectorException: invalid selector: Unable to locate an element with the xpath expression /html/body/div[2]/aside[1]/div/section/div[1]/div[2]/p[1] because of the following error:
TypeError: Failed to execute 'createNSResolver' on 'Document': parameter 1 is not of type 'Node'.
  (Session info: chrome=49.0.2623.87)
  (Driver info: chromedriver=2.16.333243 (0bfa1d3575fc1044244f21ddb82bf870944ef961),platform=Windows NT 6.1 SP1 x86_64) (WARNING: The server did not provide any stacktrace information)
Command duration or timeout: 2.65 seconds
For documentation on this error, please visit: http://seleniumhq.org/exceptions/invalid_selector_exception.html
Build info: version: '2.53.0', revision: '35ae25b1534ae328c771e0856c93e187490ca824', time: '2016-03-15 10:43:46'
System info: host: 'song-PC', ip: '192.168.12.104', os.name: 'Windows 7', os.arch: 'amd64', os.version: '6.1', java.version: '1.7.0_79'
*** Element info: {Using=xpath, value=/html/body/div[2]/aside[1]/div/section/div[1]/div[2]/p[1]}
Session ID: af6da993c8cd8bd27f902a4ac98f62c0
Driver info: org.openqa.selenium.chrome.ChromeDriver
Capabilities [{platform=XP, acceptSslCerts=true, javascriptEnabled=true, browserName=chrome, chrome={userDataDir=C:\Users\ADMINI~1\AppData\Local\Temp\scoped_dir2848_1606}, rotatable=false, locationContextEnabled=true, mobileEmulationEnabled=false, version=49.0.2623.87, takesHeapSnapshot=true, cssSelectorsEnabled=true, databaseEnabled=false, handlesAlerts=true, browserConnectionEnabled=false, webStorageEnabled=true, nativeEvents=true, hasTouchScreen=false, applicationCacheEnabled=false, takesScreenshot=true}]
	at sun.reflect.NativeConstructorAccessorImpl.newInstance0(Native Method)
	at sun.reflect.NativeConstructorAccessorImpl.newInstance(NativeConstructorAccessorImpl.java:57)
	at sun.reflect.DelegatingConstructorAccessorImpl.newInstance(DelegatingConstructorAccessorImpl.java:45)
	at java.lang.reflect.Constructor.newInstance(Constructor.java:526)
	at org.openqa.selenium.remote.ErrorHandler.createThrowable(ErrorHandler.java:206)
	at org.openqa.selenium.remote.ErrorHandler.throwIfResponseFailed(ErrorHandler.java:158)
	at org.openqa.selenium.remote.RemoteWebDriver.execute(RemoteWebDriver.java:678)
	at org.openqa.selenium.remote.RemoteWebDriver.findElement(RemoteWebDriver.java:363)
	at org.openqa.selenium.remote.RemoteWebDriver.findElementByXPath(RemoteWebDriver.java:500)
	at org.openqa.selenium.By$ByXPath.findElement(By.java:361)
	at org.openqa.selenium.remote.RemoteWebDriver.findElement(RemoteWebDriver.java:355)
	at sun.reflect.GeneratedMethodAccessor3.invoke(Unknown Source)
	at sun.reflect.DelegatingMethodAccessorImpl.invoke(DelegatingMethodAccessorImpl.java:43)
	at java.lang.reflect.Method.invoke(Method.java:606)
	at org.openqa.selenium.support.events.EventFiringWebDriver$2.invoke(EventFiringWebDriver.java:103)
	at com.sun.proxy.$Proxy10.findElement(Unknown Source)
	at org.openqa.selenium.support.events.EventFiringWebDriver.findElement(EventFiringWebDriver.java:188)
	at org.openqa.selenium.support.pagefactory.DefaultElementLocator.findElement(DefaultElementLocator.java:69)
	at org.openqa.selenium.support.pagefactory.internal.LocatingElementHandler.invoke(LocatingElementHandler.java:38)
	at com.sun.proxy.$Proxy12.getText(Unknown Source)
	at webtest.core.util.Wait.reFresh(Wait.java:26)
	at cases_ejj.LoginTest.login(LoginTest.java:24)
	at cases_ejj.HomeLinkTest.login(HomeLinkTest.java:38)
	at sun.reflect.NativeMethodAccessorImpl.invoke0(Native Method)
	at sun.reflect.NativeMethodAccessorImpl.invoke(NativeMethodAccessorImpl.java:57)
	at sun.reflect.DelegatingMethodAccessorImpl.invoke(DelegatingMethodAccessorImpl.java:43)
	at java.lang.reflect.Method.invoke(Method.java:606)
	at org.testng.internal.MethodInvocationHelper.invokeMethod(MethodInvocationHelper.java:84)
	at org.testng.internal.Invoker.invokeMethod(Invoker.java:714)
	at org.testng.internal.Invoker.invokeTestMethod(Invoker.java:901)
	at org.testng.internal.Invoker.invokeTestMethods(Invoker.java:1231)
	at org.testng.internal.TestMethodWorker.invokeTestMethods(TestMethodWorker.java:127)
	at org.testng.internal.TestMethodWorker.run(TestMethodWorker.java:111)
	at org.testng.TestRunner.privateRun(TestRunner.java:767)
	at org.testng.TestRunner.run(TestRunner.java:617)
	at org.testng.SuiteRunner.runTest(SuiteRunner.java:334)
	at org.testng.SuiteRunner.runSequentially(SuiteRunner.java:329)
	at org.testng.SuiteRunner.privateRun(SuiteRunner.java:291)
	at org.testng.SuiteRunner.run(SuiteRunner.java:240)
	at org.testng.SuiteRunnerWorker.runSuite(SuiteRunnerWorker.java:52)
	at org.testng.SuiteRunnerWorker.run(SuiteRunnerWorker.java:86)
	at org.testng.TestNG.runSuitesSequentially(TestNG.java:1224)
	at org.testng.TestNG.runSuitesLocally(TestNG.java:1149)
	at org.testng.TestNG.run(TestNG.java:1057)
	at org.apache.maven.surefire.testng.TestNGExecutor.run(TestNGExecutor.java:74)
	at org.apache.maven.surefire.testng.TestNGXmlTestSuite.execute(TestNGXmlTestSuite.java:92)
	at org.apache.maven.surefire.Surefire.run(Surefire.java:180)
	at sun.reflect.NativeMethodAccessorImpl.invoke0(Native Method)
	at sun.reflect.NativeMethodAccessorImpl.invoke(NativeMethodAccessorImpl.java:57)
	at sun.reflect.DelegatingMethodAccessorImpl.invoke(DelegatingMethodAccessorImpl.java:43)
	at java.lang.reflect.Method.invoke(Method.java:606)
	at org.apache.maven.surefire.booter.SurefireBooter.runSuitesInProcess(SurefireBooter.java:350)
	at org.apache.maven.surefire.booter.SurefireBooter.main(SurefireBooter.java:1021)
[INFO][2016-04-07 18:33:48]WebDriver navigating to:'http://test.boss.1jiajie.com/'
[INFO][2016-04-07 18:33:52]WebDriver navigating to:'http://test.boss.1jiajie.com/'
[INFO][2016-04-07 18:33:54]WebDriver navigating to:'http://test.boss.1jiajie.com/'
[INFO][2016-04-07 18:33:57]/\/\/\/\/\/\---TestCase = HomeLinkTest---/\/\/\/\/\/\
[INFO][2016-04-07 18:33:57]#####################################################
[INFO][2016-04-07 18:33:57]#####################################################
[INFO][2016-04-07 18:33:57]\/\/\/\/\/\/---TestCase = LoginTest---\/\/\/\/\/\/
[INFO][2016-04-07 18:34:07]WebDriver navigating to:'http://test.boss.1jiajie.com/'
[INFO][2016-04-07 18:34:12]WebDriver changing value in element found By.id: loginform-username from '' to ''
[INFO][2016-04-07 18:34:12]WebDriver changing value in element found By.id: loginform-username from '' to 'admin'
[INFO][2016-04-07 18:34:12]WebDriver changing value in element found By.id: loginform-password from '' to ''
[INFO][2016-04-07 18:34:12]WebDriver changing value in element found By.id: loginform-password from '' to 'Test2016QA'
[INFO][2016-04-07 18:34:20]WebDriver clicking on:'xpath: //*[@id='list']/li[5]/button'
[INFO][2016-04-07 18:34:33]WebDriver navigating to:'http://test.boss.1jiajie.com/'
[INFO][2016-04-07 18:34:38]WebDriver changing value in element found By.id: loginform-username from '' to ''
[INFO][2016-04-07 18:34:38]WebDriver changing value in element found By.id: loginform-username from '' to 'admin'
[INFO][2016-04-07 18:34:38]WebDriver changing value in element found By.id: loginform-password from '' to ''
[INFO][2016-04-07 18:34:38]WebDriver changing value in element found By.id: loginform-password from '' to 'cuowumima'
[INFO][2016-04-07 18:34:47]WebDriver clicking on:'xpath: //*[@id='list']/li[5]/button'
[INFO][2016-04-07 18:34:49]/\/\/\/\/\/\---TestCase = LoginTest---/\/\/\/\/\/\
[INFO][2016-04-07 18:34:49]#####################################################
[INFO][2016-04-07 18:34:49]#####################################################
[INFO][2016-04-07 18:34:49]\/\/\/\/\/\/---TestCase = HomeLinkTest---\/\/\/\/\/\/
[INFO][2016-04-07 18:34:58]WebDriver navigating to:'http://test.boss.1jiajie.com/'
[INFO][2016-04-07 18:35:05]WebDriver changing value in element found By.id: loginform-username from '' to ''
[INFO][2016-04-07 18:35:05]WebDriver changing value in element found By.id: loginform-username from '' to 'admin'
[INFO][2016-04-07 18:35:05]WebDriver changing value in element found By.id: loginform-password from '' to ''
[INFO][2016-04-07 18:35:05]WebDriver changing value in element found By.id: loginform-password from '' to 'Test2016QA'
[INFO][2016-04-07 18:35:13]WebDriver clicking on:'xpath: //*[@id='list']/li[5]/button'
[INFO][2016-04-07 18:35:16]WebDriver navigating to:'http://test.boss.1jiajie.com/'
[INFO][2016-04-07 18:35:22]WebDriver navigating to:'http://test.boss.1jiajie.com/'
[INFO][2016-04-07 18:35:26]WebDriver navigating to:'http://test.boss.1jiajie.com/'
[INFO][2016-04-07 18:35:30]/\/\/\/\/\/\---TestCase = HomeLinkTest---/\/\/\/\/\/\
[INFO][2016-04-07 18:35:30]#####################################################
[INFO][2016-04-07 18:35:30]#####################################################
[INFO][2016-04-07 18:35:30]\/\/\/\/\/\/---TestCase = LoginTest---\/\/\/\/\/\/
[INFO][2016-04-07 18:35:33]WebDriver navigating to:'http://test.boss.1jiajie.com/'
[ERROR][2016-04-07 18:35:38]WebDriver error: Element not found By.id: loginform-username
[INFO][2016-04-07 18:35:41]WebDriver navigating to:'http://test.boss.1jiajie.com/'
[ERROR][2016-04-07 18:35:45]WebDriver error: Element not found By.id: loginform-username
[INFO][2016-04-07 18:35:46]/\/\/\/\/\/\---TestCase = LoginTest---/\/\/\/\/\/\
[INFO][2016-04-07 18:35:46]#####################################################
[INFO][2016-04-07 18:35:46]#####################################################
[INFO][2016-04-07 18:35:46]\/\/\/\/\/\/---TestCase = HomeLinkTest---\/\/\/\/\/\/
[INFO][2016-04-07 18:35:49]WebDriver navigating to:'http://test.boss.1jiajie.com/'
[ERROR][2016-04-07 18:35:53]WebDriver error: Element not found By.id: loginform-username
[INFO][2016-04-07 18:35:53]WebDriver navigating to:'http://test.boss.1jiajie.com/'
[ERROR][2016-04-07 18:35:57]WebDriver error: Element not found By.xpath: /html/body/div[2]/aside[1]/div/section/ul/li[1]/ul/li[1]/a
[ERROR][2016-04-07 18:35:57]WebDriver error: Element not found By.xpath: /html/body/div[2]/aside[1]/div/section/ul/li[1]/ul/li[1]/a
[INFO][2016-04-07 18:35:57]WebDriver navigating to:'http://test.boss.1jiajie.com/'
[ERROR][2016-04-07 18:36:01]WebDriver error: Element not found By.xpath: /html/body/div[2]/aside[1]/div/section/ul/li[1]/ul/li[2]/a
[ERROR][2016-04-07 18:36:01]WebDriver error: Element not found By.xpath: /html/body/div[2]/aside[1]/div/section/ul/li[1]/ul/li[2]/a
[INFO][2016-04-07 18:36:01]WebDriver navigating to:'http://test.boss.1jiajie.com/'
[ERROR][2016-04-07 18:36:04]WebDriver error: Element not found By.xpath: /html/body/div[2]/aside[1]/div/section/ul/li[6]/ul/li[4]/a
[ERROR][2016-04-07 18:36:04]WebDriver error: Element not found By.xpath: /html/body/div[2]/aside[1]/div/section/ul/li[6]/ul/li[4]/a
[INFO][2016-04-07 18:36:05]/\/\/\/\/\/\---TestCase = HomeLinkTest---/\/\/\/\/\/\
[INFO][2016-04-07 18:36:05]#####################################################
