[INFO][2016-04-15 10:33:23]#####################################################
[INFO][2016-04-15 10:33:23]\/\/\/\/\/\/---TestCase = LoginTest---\/\/\/\/\/\/
[INFO][2016-04-15 10:33:25]WebDriver navigating to:'http://101.200.2.207/'
[INFO][2016-04-15 10:33:32]WebDriver changing value in element found By.id: loginform-username from '' to ''
[INFO][2016-04-15 10:33:32]WebDriver changing value in element found By.id: loginform-username from '' to 'admin'
[INFO][2016-04-15 10:33:32]WebDriver changing value in element found By.id: loginform-password from '' to ''
[INFO][2016-04-15 10:33:32]WebDriver changing value in element found By.id: loginform-password from '' to 'Test2016QA'
[INFO][2016-04-15 10:33:32]WebDriver clicking on:'xpath: //*[@id='list']/li[5]/button'
[INFO][2016-04-15 10:33:38]WebDriver navigating to:'http://101.200.2.207/'
[INFO][2016-04-15 10:33:45]WebDriver changing value in element found By.id: loginform-username from '' to ''
[INFO][2016-04-15 10:33:45]WebDriver changing value in element found By.id: loginform-username from '' to 'admin'
[INFO][2016-04-15 10:33:45]WebDriver changing value in element found By.id: loginform-password from '' to ''
[INFO][2016-04-15 10:33:45]WebDriver changing value in element found By.id: loginform-password from '' to 'cuowumima'
[INFO][2016-04-15 10:33:45]WebDriver clicking on:'xpath: //*[@id='list']/li[5]/button'
[INFO][2016-04-15 10:33:46]/\/\/\/\/\/\---TestCase = LoginTest---/\/\/\/\/\/\
[INFO][2016-04-15 10:33:46]#####################################################
[INFO][2016-04-15 10:33:46]#####################################################
[INFO][2016-04-15 10:33:46]\/\/\/\/\/\/---TestCase = HomeLinkTest---\/\/\/\/\/\/
[INFO][2016-04-15 10:33:47]WebDriver navigating to:'http://101.200.2.207/'
[INFO][2016-04-15 10:33:53]WebDriver changing value in element found By.id: loginform-username from '' to ''
[INFO][2016-04-15 10:33:53]WebDriver changing value in element found By.id: loginform-username from '' to 'admin'
[INFO][2016-04-15 10:33:53]WebDriver changing value in element found By.id: loginform-password from '' to ''
[INFO][2016-04-15 10:33:53]WebDriver changing value in element found By.id: loginform-password from '' to 'Test2016QA'
[INFO][2016-04-15 10:33:53]WebDriver clicking on:'xpath: //*[@id='list']/li[5]/button'
[INFO][2016-04-15 10:33:57]WebDriver navigating to:'http://101.200.2.207/'
[INFO][2016-04-15 10:34:01]WebDriver navigating to:'http://101.200.2.207/'
[INFO][2016-04-15 10:34:04]WebDriver navigating to:'http://101.200.2.207/'
[INFO][2016-04-15 10:34:07]WebDriver navigating to:'http://101.200.2.207/'
[INFO][2016-04-15 10:34:10]/\/\/\/\/\/\---TestCase = HomeLinkTest---/\/\/\/\/\/\
[INFO][2016-04-15 10:34:10]#####################################################
[INFO][2016-04-15 10:34:10]#####################################################
[INFO][2016-04-15 10:34:10]\/\/\/\/\/\/---TestCase = MakeOrder_Test---\/\/\/\/\/\/
[INFO][2016-04-15 10:34:11]WebDriver navigating to:'http://101.200.2.207/'
[INFO][2016-04-15 10:34:20]WebDriver changing value in element found By.id: loginform-username from '' to ''
[INFO][2016-04-15 10:34:20]WebDriver changing value in element found By.id: loginform-username from '' to 'admin'
[INFO][2016-04-15 10:34:20]WebDriver changing value in element found By.id: loginform-password from '' to ''
[INFO][2016-04-15 10:34:20]WebDriver changing value in element found By.id: loginform-password from '' to 'Test2016QA'
[INFO][2016-04-15 10:34:20]WebDriver clicking on:'xpath: //*[@id='list']/li[5]/button'
[ERROR][2016-04-15 10:34:23]WebDriver error:
org.openqa.selenium.InvalidSelectorException: invalid selector: Unable to locate an element with the xpath expression /html/body/div[2]/aside[1]/div/section/div[1]/div[2]/p[1] because of the following error:
TypeError: Failed to execute 'createNSResolver' on 'Document': parameter 1 is not of type 'Node'.
  (Session info: chrome=49.0.2623.87)
  (Driver info: chromedriver=2.16.333243 (0bfa1d3575fc1044244f21ddb82bf870944ef961),platform=Windows NT 6.1 SP1 x86_64) (WARNING: The server did not provide any stacktrace information)
Command duration or timeout: 2.81 seconds
For documentation on this error, please visit: http://seleniumhq.org/exceptions/invalid_selector_exception.html
Build info: version: '2.53.0', revision: '35ae25b1534ae328c771e0856c93e187490ca824', time: '2016-03-15 10:43:46'
System info: host: 'song-PC', ip: '192.168.12.104', os.name: 'Windows 7', os.arch: 'amd64', os.version: '6.1', java.version: '1.7.0_79'
*** Element info: {Using=xpath, value=/html/body/div[2]/aside[1]/div/section/div[1]/div[2]/p[1]}
Session ID: 391e4440a526f39c9e32224f47437b3c
Driver info: org.openqa.selenium.chrome.ChromeDriver
Capabilities [{platform=XP, acceptSslCerts=true, javascriptEnabled=true, browserName=chrome, chrome={userDataDir=C:\Users\ADMINI~1\AppData\Local\Temp\scoped_dir8156_19829}, rotatable=false, locationContextEnabled=true, mobileEmulationEnabled=false, version=49.0.2623.87, takesHeapSnapshot=true, cssSelectorsEnabled=true, databaseEnabled=false, handlesAlerts=true, browserConnectionEnabled=false, webStorageEnabled=true, nativeEvents=true, hasTouchScreen=false, applicationCacheEnabled=false, takesScreenshot=true}]
	at sun.reflect.NativeConstructorAccessorImpl.newInstance0(Native Method)
	at sun.reflect.NativeConstructorAccessorImpl.newInstance(NativeConstructorAccessorImpl.java:57)
	at sun.reflect.DelegatingConstructorAccessorImpl.newInstance(DelegatingConstructorAccessorImpl.java:45)
	at java.lang.reflect.Constructor.newInstance(Constructor.java:526)
	at org.openqa.selenium.remote.ErrorHandler.createThrowable(ErrorHandler.java:206)
	at org.openqa.selenium.remote.ErrorHandler.throwIfResponseFailed(ErrorHandler.java:158)
	at org.openqa.selenium.remote.RemoteWebDriver.execute(RemoteWebDriver.java:678)
	at org.openqa.selenium.remote.RemoteWebDriver.findElement(RemoteWebDriver.java:363)
	at org.openqa.selenium.remote.RemoteWebDriver.findElementByXPath(RemoteWebDriver.java:500)
	at org.openqa.selenium.By$ByXPath.findElement(By.java:361)
	at org.openqa.selenium.remote.RemoteWebDriver.findElement(RemoteWebDriver.java:355)
	at sun.reflect.GeneratedMethodAccessor3.invoke(Unknown Source)
	at sun.reflect.DelegatingMethodAccessorImpl.invoke(DelegatingMethodAccessorImpl.java:43)
	at java.lang.reflect.Method.invoke(Method.java:606)
	at org.openqa.selenium.support.events.EventFiringWebDriver$2.invoke(EventFiringWebDriver.java:103)
	at com.sun.proxy.$Proxy11.findElement(Unknown Source)
	at org.openqa.selenium.support.events.EventFiringWebDriver.findElement(EventFiringWebDriver.java:188)
	at org.openqa.selenium.support.pagefactory.DefaultElementLocator.findElement(DefaultElementLocator.java:69)
	at org.openqa.selenium.support.pagefactory.internal.LocatingElementHandler.invoke(LocatingElementHandler.java:38)
	at com.sun.proxy.$Proxy13.getText(Unknown Source)
	at webtest.core.util.Wait.reFresh(Wait.java:26)
	at cases_ejj.LoginTest.login(LoginTest.java:25)
	at cases_ejj.dingdan.MakeOrder_Test.beforeMethod(MakeOrder_Test.java:51)
	at sun.reflect.NativeMethodAccessorImpl.invoke0(Native Method)
	at sun.reflect.NativeMethodAccessorImpl.invoke(NativeMethodAccessorImpl.java:57)
	at sun.reflect.DelegatingMethodAccessorImpl.invoke(DelegatingMethodAccessorImpl.java:43)
	at java.lang.reflect.Method.invoke(Method.java:606)
	at org.testng.internal.MethodInvocationHelper.invokeMethod(MethodInvocationHelper.java:84)
	at org.testng.internal.Invoker.invokeConfigurationMethod(Invoker.java:564)
	at org.testng.internal.Invoker.invokeConfigurations(Invoker.java:213)
	at org.testng.internal.Invoker.invokeMethod(Invoker.java:653)
	at org.testng.internal.Invoker.invokeTestMethod(Invoker.java:901)
	at org.testng.internal.Invoker.invokeTestMethods(Invoker.java:1231)
	at org.testng.internal.TestMethodWorker.invokeTestMethods(TestMethodWorker.java:127)
	at org.testng.internal.TestMethodWorker.run(TestMethodWorker.java:111)
	at org.testng.TestRunner.privateRun(TestRunner.java:767)
	at org.testng.TestRunner.run(TestRunner.java:617)
	at org.testng.SuiteRunner.runTest(SuiteRunner.java:334)
	at org.testng.SuiteRunner.runSequentially(SuiteRunner.java:329)
	at org.testng.SuiteRunner.privateRun(SuiteRunner.java:291)
	at org.testng.SuiteRunner.run(SuiteRunner.java:240)
	at org.testng.SuiteRunnerWorker.runSuite(SuiteRunnerWorker.java:52)
	at org.testng.SuiteRunnerWorker.run(SuiteRunnerWorker.java:86)
	at org.testng.TestNG.runSuitesSequentially(TestNG.java:1224)
	at org.testng.TestNG.runSuitesLocally(TestNG.java:1149)
	at org.testng.TestNG.run(TestNG.java:1057)
	at org.testng.IDEARemoteTestNG.run(IDEARemoteTestNG.java:74)
	at org.testng.RemoteTestNGStarter.main(RemoteTestNGStarter.java:121)
	at sun.reflect.NativeMethodAccessorImpl.invoke0(Native Method)
	at sun.reflect.NativeMethodAccessorImpl.invoke(NativeMethodAccessorImpl.java:57)
	at sun.reflect.DelegatingMethodAccessorImpl.invoke(DelegatingMethodAccessorImpl.java:43)
	at java.lang.reflect.Method.invoke(Method.java:606)
	at com.intellij.rt.execution.application.AppMain.main(AppMain.java:144)
[INFO][2016-04-15 10:34:26]WebDriver changing value in element found By.id: order-order_customer_phone from '' to '14750325150'
[ERROR][2016-04-15 10:34:30]WebDriver error: Element not found By.xpath: //*[@id='order-address_id']/div[1]/div[1]/select
[INFO][2016-04-15 10:34:30]WebDriver clicking on:'xpath: //*[@id='order-address_id']/div[1]/button'
[INFO][2016-04-15 10:34:30]WebDriver changing value in element found By.xpath: //*[@id="order-address_id"]/div[1]/div[4]/input from '大悦城' to ''
[INFO][2016-04-15 10:34:30]WebDriver changing value in element found By.xpath: //*[@id="order-address_id"]/div[1]/div[4]/input from '' to '大悦城'
[INFO][2016-04-15 10:34:30]WebDriver clicking on:'xpath: //*[@id="order-address_id"]/div[1]/div[7]/button[1]'
[INFO][2016-04-15 10:34:31]WebDriver clicking on:'xpath: //*[@id='order-address_id']/div[1]/label[1]'
[INFO][2016-04-15 10:34:31]WebDriver clicking on:'xpath: //*[@id='order-order_service_item_id']/label[1]/input'
[INFO][2016-04-15 10:34:31]WebDriver changing value in element found By.id: order-orderbookeddate from '2016-04-15' to ''
[INFO][2016-04-15 10:34:31]WebDriver changing value in element found By.id: order-orderbookeddate from '' to '2016-4-16'
[INFO][2016-04-15 10:34:31]WebDriver clicking on:'xpath: //*[@id="order-order_booked_count"]/label[2]'
[INFO][2016-04-15 10:34:32]WebDriver clicking on:'xpath: //*[@id="order-order_booked_count"]/label[1]/input'
[INFO][2016-04-15 10:34:33]WebDriver clicking on:'xpath: //*[@id="order-orderbookedtimerange"]/label[1]/input'
[INFO][2016-04-15 10:34:33]WebDriver clicking on:'xpath: //*[@id='order-pay_channel_id']/label[2]/input'
[INFO][2016-04-15 10:34:33]WebDriver clicking on:'xpath: //*[@id='order-order_flag_sys_assign']/label[2]/input'
[INFO][2016-04-15 10:34:34]WebDriver clicking on:'id: submit_button_3'
[ERROR][2016-04-15 10:34:34]WebDriver error:
org.openqa.selenium.UnhandledAlertException: unexpected alert open
  (Session info: chrome=49.0.2623.87)
  (Driver info: chromedriver=2.16.333243 (0bfa1d3575fc1044244f21ddb82bf870944ef961),platform=Windows NT 6.1 SP1 x86_64) (WARNING: The server did not provide any stacktrace information)
Command duration or timeout: 3 milliseconds: null
Build info: version: '2.53.0', revision: '35ae25b1534ae328c771e0856c93e187490ca824', time: '2016-03-15 10:43:46'
System info: host: 'song-PC', ip: '192.168.12.104', os.name: 'Windows 7', os.arch: 'amd64', os.version: '6.1', java.version: '1.7.0_79'
*** Element info: {Using=xpath, value=//*[@id="w0"]/div/div[3]/table/tbody/tr[10]/td/div}
Session ID: 391e4440a526f39c9e32224f47437b3c
Driver info: org.openqa.selenium.chrome.ChromeDriver
Capabilities [{platform=XP, acceptSslCerts=true, javascriptEnabled=true, browserName=chrome, chrome={userDataDir=C:\Users\ADMINI~1\AppData\Local\Temp\scoped_dir8156_19829}, rotatable=false, locationContextEnabled=true, mobileEmulationEnabled=false, version=49.0.2623.87, takesHeapSnapshot=true, cssSelectorsEnabled=true, databaseEnabled=false, handlesAlerts=true, browserConnectionEnabled=false, webStorageEnabled=true, nativeEvents=true, hasTouchScreen=false, applicationCacheEnabled=false, takesScreenshot=true}]
	at sun.reflect.NativeConstructorAccessorImpl.newInstance0(Native Method)
	at sun.reflect.NativeConstructorAccessorImpl.newInstance(NativeConstructorAccessorImpl.java:57)
	at sun.reflect.DelegatingConstructorAccessorImpl.newInstance(DelegatingConstructorAccessorImpl.java:45)
	at java.lang.reflect.Constructor.newInstance(Constructor.java:526)
	at org.openqa.selenium.remote.ErrorHandler.createThrowable(ErrorHandler.java:206)
	at org.openqa.selenium.remote.ErrorHandler.throwIfResponseFailed(ErrorHandler.java:164)
	at org.openqa.selenium.remote.RemoteWebDriver.execute(RemoteWebDriver.java:678)
	at org.openqa.selenium.remote.RemoteWebDriver.findElement(RemoteWebDriver.java:363)
	at org.openqa.selenium.remote.RemoteWebDriver.findElementByXPath(RemoteWebDriver.java:500)
	at org.openqa.selenium.By$ByXPath.findElement(By.java:361)
	at org.openqa.selenium.remote.RemoteWebDriver.findElement(RemoteWebDriver.java:355)
	at sun.reflect.GeneratedMethodAccessor3.invoke(Unknown Source)
	at sun.reflect.DelegatingMethodAccessorImpl.invoke(DelegatingMethodAccessorImpl.java:43)
	at java.lang.reflect.Method.invoke(Method.java:606)
	at org.openqa.selenium.support.events.EventFiringWebDriver$2.invoke(EventFiringWebDriver.java:103)
	at com.sun.proxy.$Proxy11.findElement(Unknown Source)
	at org.openqa.selenium.support.events.EventFiringWebDriver.findElement(EventFiringWebDriver.java:188)
	at org.openqa.selenium.support.pagefactory.DefaultElementLocator.findElement(DefaultElementLocator.java:69)
	at org.openqa.selenium.support.pagefactory.internal.LocatingElementHandler.invoke(LocatingElementHandler.java:38)
	at com.sun.proxy.$Proxy13.getText(Unknown Source)
	at webtest.core.util.Wait.reFresh(Wait.java:26)
	at cases_ejj.dingdan.MakeOrder_Test.addAddress(MakeOrder_Test.java:133)
	at sun.reflect.NativeMethodAccessorImpl.invoke0(Native Method)
	at sun.reflect.NativeMethodAccessorImpl.invoke(NativeMethodAccessorImpl.java:57)
	at sun.reflect.DelegatingMethodAccessorImpl.invoke(DelegatingMethodAccessorImpl.java:43)
	at java.lang.reflect.Method.invoke(Method.java:606)
	at org.testng.internal.MethodInvocationHelper.invokeMethod(MethodInvocationHelper.java:84)
	at org.testng.internal.Invoker.invokeMethod(Invoker.java:714)
	at org.testng.internal.Invoker.invokeTestMethod(Invoker.java:901)
	at org.testng.internal.Invoker.invokeTestMethods(Invoker.java:1231)
	at org.testng.internal.TestMethodWorker.invokeTestMethods(TestMethodWorker.java:127)
	at org.testng.internal.TestMethodWorker.run(TestMethodWorker.java:111)
	at org.testng.TestRunner.privateRun(TestRunner.java:767)
	at org.testng.TestRunner.run(TestRunner.java:617)
	at org.testng.SuiteRunner.runTest(SuiteRunner.java:334)
	at org.testng.SuiteRunner.runSequentially(SuiteRunner.java:329)
	at org.testng.SuiteRunner.privateRun(SuiteRunner.java:291)
	at org.testng.SuiteRunner.run(SuiteRunner.java:240)
	at org.testng.SuiteRunnerWorker.runSuite(SuiteRunnerWorker.java:52)
	at org.testng.SuiteRunnerWorker.run(SuiteRunnerWorker.java:86)
	at org.testng.TestNG.runSuitesSequentially(TestNG.java:1224)
	at org.testng.TestNG.runSuitesLocally(TestNG.java:1149)
	at org.testng.TestNG.run(TestNG.java:1057)
	at org.testng.IDEARemoteTestNG.run(IDEARemoteTestNG.java:74)
	at org.testng.RemoteTestNGStarter.main(RemoteTestNGStarter.java:121)
	at sun.reflect.NativeMethodAccessorImpl.invoke0(Native Method)
	at sun.reflect.NativeMethodAccessorImpl.invoke(NativeMethodAccessorImpl.java:57)
	at sun.reflect.DelegatingMethodAccessorImpl.invoke(DelegatingMethodAccessorImpl.java:43)
	at java.lang.reflect.Method.invoke(Method.java:606)
	at com.intellij.rt.execution.application.AppMain.main(AppMain.java:144)
[ERROR][2016-04-15 10:34:34]WebDriver error:
org.openqa.selenium.UnhandledAlertException: unexpected alert open
  (Session info: chrome=49.0.2623.87)
  (Driver info: chromedriver=2.16.333243 (0bfa1d3575fc1044244f21ddb82bf870944ef961),platform=Windows NT 6.1 SP1 x86_64) (WARNING: The server did not provide any stacktrace information)
Command duration or timeout: 1 milliseconds: null
Build info: version: '2.53.0', revision: '35ae25b1534ae328c771e0856c93e187490ca824', time: '2016-03-15 10:43:46'
System info: host: 'song-PC', ip: '192.168.12.104', os.name: 'Windows 7', os.arch: 'amd64', os.version: '6.1', java.version: '1.7.0_79'
*** Element info: {Using=xpath, value=//*[@id="w0"]/div/div[3]/table/tbody/tr[10]/td/div}
Session ID: 391e4440a526f39c9e32224f47437b3c
Driver info: org.openqa.selenium.chrome.ChromeDriver
Capabilities [{platform=XP, acceptSslCerts=true, javascriptEnabled=true, browserName=chrome, chrome={userDataDir=C:\Users\ADMINI~1\AppData\Local\Temp\scoped_dir8156_19829}, rotatable=false, locationContextEnabled=true, mobileEmulationEnabled=false, version=49.0.2623.87, takesHeapSnapshot=true, cssSelectorsEnabled=true, databaseEnabled=false, handlesAlerts=true, browserConnectionEnabled=false, webStorageEnabled=true, nativeEvents=true, hasTouchScreen=false, applicationCacheEnabled=false, takesScreenshot=true}]
	at sun.reflect.NativeConstructorAccessorImpl.newInstance0(Native Method)
	at sun.reflect.NativeConstructorAccessorImpl.newInstance(NativeConstructorAccessorImpl.java:57)
	at sun.reflect.DelegatingConstructorAccessorImpl.newInstance(DelegatingConstructorAccessorImpl.java:45)
	at java.lang.reflect.Constructor.newInstance(Constructor.java:526)
	at org.openqa.selenium.remote.ErrorHandler.createThrowable(ErrorHandler.java:206)
	at org.openqa.selenium.remote.ErrorHandler.throwIfResponseFailed(ErrorHandler.java:164)
	at org.openqa.selenium.remote.RemoteWebDriver.execute(RemoteWebDriver.java:678)
	at org.openqa.selenium.remote.RemoteWebDriver.findElement(RemoteWebDriver.java:363)
	at org.openqa.selenium.remote.RemoteWebDriver.findElementByXPath(RemoteWebDriver.java:500)
	at org.openqa.selenium.By$ByXPath.findElement(By.java:361)
	at org.openqa.selenium.remote.RemoteWebDriver.findElement(RemoteWebDriver.java:355)
	at sun.reflect.GeneratedMethodAccessor3.invoke(Unknown Source)
	at sun.reflect.DelegatingMethodAccessorImpl.invoke(DelegatingMethodAccessorImpl.java:43)
	at java.lang.reflect.Method.invoke(Method.java:606)
	at org.openqa.selenium.support.events.EventFiringWebDriver$2.invoke(EventFiringWebDriver.java:103)
	at com.sun.proxy.$Proxy11.findElement(Unknown Source)
	at org.openqa.selenium.support.events.EventFiringWebDriver.findElement(EventFiringWebDriver.java:188)
	at org.openqa.selenium.support.pagefactory.DefaultElementLocator.findElement(DefaultElementLocator.java:69)
	at org.openqa.selenium.support.pagefactory.internal.LocatingElementHandler.invoke(LocatingElementHandler.java:38)
	at com.sun.proxy.$Proxy13.getText(Unknown Source)
	at webtest.core.util.Wait.reFresh(Wait.java:26)
	at cases_ejj.dingdan.MakeOrder_Test.addAddress(MakeOrder_Test.java:133)
	at sun.reflect.NativeMethodAccessorImpl.invoke0(Native Method)
	at sun.reflect.NativeMethodAccessorImpl.invoke(NativeMethodAccessorImpl.java:57)
	at sun.reflect.DelegatingMethodAccessorImpl.invoke(DelegatingMethodAccessorImpl.java:43)
	at java.lang.reflect.Method.invoke(Method.java:606)
	at org.testng.internal.MethodInvocationHelper.invokeMethod(MethodInvocationHelper.java:84)
	at org.testng.internal.Invoker.invokeMethod(Invoker.java:714)
	at org.testng.internal.Invoker.invokeTestMethod(Invoker.java:901)
	at org.testng.internal.Invoker.invokeTestMethods(Invoker.java:1231)
	at org.testng.internal.TestMethodWorker.invokeTestMethods(TestMethodWorker.java:127)
	at org.testng.internal.TestMethodWorker.run(TestMethodWorker.java:111)
	at org.testng.TestRunner.privateRun(TestRunner.java:767)
	at org.testng.TestRunner.run(TestRunner.java:617)
	at org.testng.SuiteRunner.runTest(SuiteRunner.java:334)
	at org.testng.SuiteRunner.runSequentially(SuiteRunner.java:329)
	at org.testng.SuiteRunner.privateRun(SuiteRunner.java:291)
	at org.testng.SuiteRunner.run(SuiteRunner.java:240)
	at org.testng.SuiteRunnerWorker.runSuite(SuiteRunnerWorker.java:52)
	at org.testng.SuiteRunnerWorker.run(SuiteRunnerWorker.java:86)
	at org.testng.TestNG.runSuitesSequentially(TestNG.java:1224)
	at org.testng.TestNG.runSuitesLocally(TestNG.java:1149)
	at org.testng.TestNG.run(TestNG.java:1057)
	at org.testng.IDEARemoteTestNG.run(IDEARemoteTestNG.java:74)
	at org.testng.RemoteTestNGStarter.main(RemoteTestNGStarter.java:121)
	at sun.reflect.NativeMethodAccessorImpl.invoke0(Native Method)
	at sun.reflect.NativeMethodAccessorImpl.invoke(NativeMethodAccessorImpl.java:57)
	at sun.reflect.DelegatingMethodAccessorImpl.invoke(DelegatingMethodAccessorImpl.java:43)
	at java.lang.reflect.Method.invoke(Method.java:606)
	at com.intellij.rt.execution.application.AppMain.main(AppMain.java:144)
[ERROR][2016-04-15 10:34:34]WebDriver error:
org.openqa.selenium.UnhandledAlertException: unexpected alert open
  (Session info: chrome=49.0.2623.87)
  (Driver info: chromedriver=2.16.333243 (0bfa1d3575fc1044244f21ddb82bf870944ef961),platform=Windows NT 6.1 SP1 x86_64) (WARNING: The server did not provide any stacktrace information)
Command duration or timeout: 12 milliseconds: null
Build info: version: '2.53.0', revision: '35ae25b1534ae328c771e0856c93e187490ca824', time: '2016-03-15 10:43:46'
System info: host: 'song-PC', ip: '192.168.12.104', os.name: 'Windows 7', os.arch: 'amd64', os.version: '6.1', java.version: '1.7.0_79'
*** Element info: {Using=xpath, value=//*[@id="w0"]/div/div[3]/table/tbody/tr[10]/td/div}
Session ID: 391e4440a526f39c9e32224f47437b3c
Driver info: org.openqa.selenium.chrome.ChromeDriver
Capabilities [{platform=XP, acceptSslCerts=true, javascriptEnabled=true, browserName=chrome, chrome={userDataDir=C:\Users\ADMINI~1\AppData\Local\Temp\scoped_dir8156_19829}, rotatable=false, locationContextEnabled=true, mobileEmulationEnabled=false, version=49.0.2623.87, takesHeapSnapshot=true, cssSelectorsEnabled=true, databaseEnabled=false, handlesAlerts=true, browserConnectionEnabled=false, webStorageEnabled=true, nativeEvents=true, hasTouchScreen=false, applicationCacheEnabled=false, takesScreenshot=true}]
	at sun.reflect.NativeConstructorAccessorImpl.newInstance0(Native Method)
	at sun.reflect.NativeConstructorAccessorImpl.newInstance(NativeConstructorAccessorImpl.java:57)
	at sun.reflect.DelegatingConstructorAccessorImpl.newInstance(DelegatingConstructorAccessorImpl.java:45)
	at java.lang.reflect.Constructor.newInstance(Constructor.java:526)
	at org.openqa.selenium.remote.ErrorHandler.createThrowable(ErrorHandler.java:206)
	at org.openqa.selenium.remote.ErrorHandler.throwIfResponseFailed(ErrorHandler.java:164)
	at org.openqa.selenium.remote.RemoteWebDriver.execute(RemoteWebDriver.java:678)
	at org.openqa.selenium.remote.RemoteWebDriver.findElement(RemoteWebDriver.java:363)
	at org.openqa.selenium.remote.RemoteWebDriver.findElementByXPath(RemoteWebDriver.java:500)
	at org.openqa.selenium.By$ByXPath.findElement(By.java:361)
	at org.openqa.selenium.remote.RemoteWebDriver.findElement(RemoteWebDriver.java:355)
	at sun.reflect.GeneratedMethodAccessor3.invoke(Unknown Source)
	at sun.reflect.DelegatingMethodAccessorImpl.invoke(DelegatingMethodAccessorImpl.java:43)
	at java.lang.reflect.Method.invoke(Method.java:606)
	at org.openqa.selenium.support.events.EventFiringWebDriver$2.invoke(EventFiringWebDriver.java:103)
	at com.sun.proxy.$Proxy11.findElement(Unknown Source)
	at org.openqa.selenium.support.events.EventFiringWebDriver.findElement(EventFiringWebDriver.java:188)
	at org.openqa.selenium.support.pagefactory.DefaultElementLocator.findElement(DefaultElementLocator.java:69)
	at org.openqa.selenium.support.pagefactory.internal.LocatingElementHandler.invoke(LocatingElementHandler.java:38)
	at com.sun.proxy.$Proxy13.getText(Unknown Source)
	at webtest.core.util.Wait.reFresh(Wait.java:26)
	at cases_ejj.dingdan.MakeOrder_Test.addAddress(MakeOrder_Test.java:133)
	at sun.reflect.NativeMethodAccessorImpl.invoke0(Native Method)
	at sun.reflect.NativeMethodAccessorImpl.invoke(NativeMethodAccessorImpl.java:57)
	at sun.reflect.DelegatingMethodAccessorImpl.invoke(DelegatingMethodAccessorImpl.java:43)
	at java.lang.reflect.Method.invoke(Method.java:606)
	at org.testng.internal.MethodInvocationHelper.invokeMethod(MethodInvocationHelper.java:84)
	at org.testng.internal.Invoker.invokeMethod(Invoker.java:714)
	at org.testng.internal.Invoker.invokeTestMethod(Invoker.java:901)
	at org.testng.internal.Invoker.invokeTestMethods(Invoker.java:1231)
	at org.testng.internal.TestMethodWorker.invokeTestMethods(TestMethodWorker.java:127)
	at org.testng.internal.TestMethodWorker.run(TestMethodWorker.java:111)
	at org.testng.TestRunner.privateRun(TestRunner.java:767)
	at org.testng.TestRunner.run(TestRunner.java:617)
	at org.testng.SuiteRunner.runTest(SuiteRunner.java:334)
	at org.testng.SuiteRunner.runSequentially(SuiteRunner.java:329)
	at org.testng.SuiteRunner.privateRun(SuiteRunner.java:291)
	at org.testng.SuiteRunner.run(SuiteRunner.java:240)
	at org.testng.SuiteRunnerWorker.runSuite(SuiteRunnerWorker.java:52)
	at org.testng.SuiteRunnerWorker.run(SuiteRunnerWorker.java:86)
	at org.testng.TestNG.runSuitesSequentially(TestNG.java:1224)
	at org.testng.TestNG.runSuitesLocally(TestNG.java:1149)
	at org.testng.TestNG.run(TestNG.java:1057)
	at org.testng.IDEARemoteTestNG.run(IDEARemoteTestNG.java:74)
	at org.testng.RemoteTestNGStarter.main(RemoteTestNGStarter.java:121)
	at sun.reflect.NativeMethodAccessorImpl.invoke0(Native Method)
	at sun.reflect.NativeMethodAccessorImpl.invoke(NativeMethodAccessorImpl.java:57)
	at sun.reflect.DelegatingMethodAccessorImpl.invoke(DelegatingMethodAccessorImpl.java:43)
	at java.lang.reflect.Method.invoke(Method.java:606)
	at com.intellij.rt.execution.application.AppMain.main(AppMain.java:144)
[ERROR][2016-04-15 10:34:34]WebDriver error:
org.openqa.selenium.UnhandledAlertException: unexpected alert open
  (Session info: chrome=49.0.2623.87)
  (Driver info: chromedriver=2.16.333243 (0bfa1d3575fc1044244f21ddb82bf870944ef961),platform=Windows NT 6.1 SP1 x86_64) (WARNING: The server did not provide any stacktrace information)
Command duration or timeout: 5 milliseconds: null
Build info: version: '2.53.0', revision: '35ae25b1534ae328c771e0856c93e187490ca824', time: '2016-03-15 10:43:46'
System info: host: 'song-PC', ip: '192.168.12.104', os.name: 'Windows 7', os.arch: 'amd64', os.version: '6.1', java.version: '1.7.0_79'
*** Element info: {Using=xpath, value=//*[@id="w0"]/div/div[3]/table/tbody/tr[10]/td/div}
Session ID: 391e4440a526f39c9e32224f47437b3c
Driver info: org.openqa.selenium.chrome.ChromeDriver
Capabilities [{platform=XP, acceptSslCerts=true, javascriptEnabled=true, browserName=chrome, chrome={userDataDir=C:\Users\ADMINI~1\AppData\Local\Temp\scoped_dir8156_19829}, rotatable=false, locationContextEnabled=true, mobileEmulationEnabled=false, version=49.0.2623.87, takesHeapSnapshot=true, cssSelectorsEnabled=true, databaseEnabled=false, handlesAlerts=true, browserConnectionEnabled=false, webStorageEnabled=true, nativeEvents=true, hasTouchScreen=false, applicationCacheEnabled=false, takesScreenshot=true}]
	at sun.reflect.NativeConstructorAccessorImpl.newInstance0(Native Method)
	at sun.reflect.NativeConstructorAccessorImpl.newInstance(NativeConstructorAccessorImpl.java:57)
	at sun.reflect.DelegatingConstructorAccessorImpl.newInstance(DelegatingConstructorAccessorImpl.java:45)
	at java.lang.reflect.Constructor.newInstance(Constructor.java:526)
	at org.openqa.selenium.remote.ErrorHandler.createThrowable(ErrorHandler.java:206)
	at org.openqa.selenium.remote.ErrorHandler.throwIfResponseFailed(ErrorHandler.java:164)
	at org.openqa.selenium.remote.RemoteWebDriver.execute(RemoteWebDriver.java:678)
	at org.openqa.selenium.remote.RemoteWebDriver.findElement(RemoteWebDriver.java:363)
	at org.openqa.selenium.remote.RemoteWebDriver.findElementByXPath(RemoteWebDriver.java:500)
	at org.openqa.selenium.By$ByXPath.findElement(By.java:361)
	at org.openqa.selenium.remote.RemoteWebDriver.findElement(RemoteWebDriver.java:355)
	at sun.reflect.GeneratedMethodAccessor3.invoke(Unknown Source)
	at sun.reflect.DelegatingMethodAccessorImpl.invoke(DelegatingMethodAccessorImpl.java:43)
	at java.lang.reflect.Method.invoke(Method.java:606)
	at org.openqa.selenium.support.events.EventFiringWebDriver$2.invoke(EventFiringWebDriver.java:103)
	at com.sun.proxy.$Proxy11.findElement(Unknown Source)
	at org.openqa.selenium.support.events.EventFiringWebDriver.findElement(EventFiringWebDriver.java:188)
	at org.openqa.selenium.support.pagefactory.DefaultElementLocator.findElement(DefaultElementLocator.java:69)
	at org.openqa.selenium.support.pagefactory.internal.LocatingElementHandler.invoke(LocatingElementHandler.java:38)
	at com.sun.proxy.$Proxy13.getText(Unknown Source)
	at webtest.core.util.Wait.reFresh(Wait.java:26)
	at cases_ejj.dingdan.MakeOrder_Test.addAddress(MakeOrder_Test.java:133)
	at sun.reflect.NativeMethodAccessorImpl.invoke0(Native Method)
	at sun.reflect.NativeMethodAccessorImpl.invoke(NativeMethodAccessorImpl.java:57)
	at sun.reflect.DelegatingMethodAccessorImpl.invoke(DelegatingMethodAccessorImpl.java:43)
	at java.lang.reflect.Method.invoke(Method.java:606)
	at org.testng.internal.MethodInvocationHelper.invokeMethod(MethodInvocationHelper.java:84)
	at org.testng.internal.Invoker.invokeMethod(Invoker.java:714)
	at org.testng.internal.Invoker.invokeTestMethod(Invoker.java:901)
	at org.testng.internal.Invoker.invokeTestMethods(Invoker.java:1231)
	at org.testng.internal.TestMethodWorker.invokeTestMethods(TestMethodWorker.java:127)
	at org.testng.internal.TestMethodWorker.run(TestMethodWorker.java:111)
	at org.testng.TestRunner.privateRun(TestRunner.java:767)
	at org.testng.TestRunner.run(TestRunner.java:617)
	at org.testng.SuiteRunner.runTest(SuiteRunner.java:334)
	at org.testng.SuiteRunner.runSequentially(SuiteRunner.java:329)
	at org.testng.SuiteRunner.privateRun(SuiteRunner.java:291)
	at org.testng.SuiteRunner.run(SuiteRunner.java:240)
	at org.testng.SuiteRunnerWorker.runSuite(SuiteRunnerWorker.java:52)
	at org.testng.SuiteRunnerWorker.run(SuiteRunnerWorker.java:86)
	at org.testng.TestNG.runSuitesSequentially(TestNG.java:1224)
	at org.testng.TestNG.runSuitesLocally(TestNG.java:1149)
	at org.testng.TestNG.run(TestNG.java:1057)
	at org.testng.IDEARemoteTestNG.run(IDEARemoteTestNG.java:74)
	at org.testng.RemoteTestNGStarter.main(RemoteTestNGStarter.java:121)
	at sun.reflect.NativeMethodAccessorImpl.invoke0(Native Method)
	at sun.reflect.NativeMethodAccessorImpl.invoke(NativeMethodAccessorImpl.java:57)
	at sun.reflect.DelegatingMethodAccessorImpl.invoke(DelegatingMethodAccessorImpl.java:43)
	at java.lang.reflect.Method.invoke(Method.java:606)
	at com.intellij.rt.execution.application.AppMain.main(AppMain.java:144)
[ERROR][2016-04-15 10:34:34]WebDriver error:
org.openqa.selenium.UnhandledAlertException: unexpected alert open
  (Session info: chrome=49.0.2623.87)
  (Driver info: chromedriver=2.16.333243 (0bfa1d3575fc1044244f21ddb82bf870944ef961),platform=Windows NT 6.1 SP1 x86_64) (WARNING: The server did not provide any stacktrace information)
Command duration or timeout: 2 milliseconds: null
Build info: version: '2.53.0', revision: '35ae25b1534ae328c771e0856c93e187490ca824', time: '2016-03-15 10:43:46'
System info: host: 'song-PC', ip: '192.168.12.104', os.name: 'Windows 7', os.arch: 'amd64', os.version: '6.1', java.version: '1.7.0_79'
*** Element info: {Using=xpath, value=//*[@id="w0"]/div/div[3]/table/tbody/tr[10]/td/div}
Session ID: 391e4440a526f39c9e32224f47437b3c
Driver info: org.openqa.selenium.chrome.ChromeDriver
Capabilities [{platform=XP, acceptSslCerts=true, javascriptEnabled=true, browserName=chrome, chrome={userDataDir=C:\Users\ADMINI~1\AppData\Local\Temp\scoped_dir8156_19829}, rotatable=false, locationContextEnabled=true, mobileEmulationEnabled=false, version=49.0.2623.87, takesHeapSnapshot=true, cssSelectorsEnabled=true, databaseEnabled=false, handlesAlerts=true, browserConnectionEnabled=false, webStorageEnabled=true, nativeEvents=true, hasTouchScreen=false, applicationCacheEnabled=false, takesScreenshot=true}]
	at sun.reflect.NativeConstructorAccessorImpl.newInstance0(Native Method)
	at sun.reflect.NativeConstructorAccessorImpl.newInstance(NativeConstructorAccessorImpl.java:57)
	at sun.reflect.DelegatingConstructorAccessorImpl.newInstance(DelegatingConstructorAccessorImpl.java:45)
	at java.lang.reflect.Constructor.newInstance(Constructor.java:526)
	at org.openqa.selenium.remote.ErrorHandler.createThrowable(ErrorHandler.java:206)
	at org.openqa.selenium.remote.ErrorHandler.throwIfResponseFailed(ErrorHandler.java:164)
	at org.openqa.selenium.remote.RemoteWebDriver.execute(RemoteWebDriver.java:678)
	at org.openqa.selenium.remote.RemoteWebDriver.findElement(RemoteWebDriver.java:363)
	at org.openqa.selenium.remote.RemoteWebDriver.findElementByXPath(RemoteWebDriver.java:500)
	at org.openqa.selenium.By$ByXPath.findElement(By.java:361)
	at org.openqa.selenium.remote.RemoteWebDriver.findElement(RemoteWebDriver.java:355)
	at sun.reflect.GeneratedMethodAccessor3.invoke(Unknown Source)
	at sun.reflect.DelegatingMethodAccessorImpl.invoke(DelegatingMethodAccessorImpl.java:43)
	at java.lang.reflect.Method.invoke(Method.java:606)
	at org.openqa.selenium.support.events.EventFiringWebDriver$2.invoke(EventFiringWebDriver.java:103)
	at com.sun.proxy.$Proxy11.findElement(Unknown Source)
	at org.openqa.selenium.support.events.EventFiringWebDriver.findElement(EventFiringWebDriver.java:188)
	at org.openqa.selenium.support.pagefactory.DefaultElementLocator.findElement(DefaultElementLocator.java:69)
	at org.openqa.selenium.support.pagefactory.internal.LocatingElementHandler.invoke(LocatingElementHandler.java:38)
	at com.sun.proxy.$Proxy13.getText(Unknown Source)
	at webtest.core.util.Wait.reFresh(Wait.java:26)
	at cases_ejj.dingdan.MakeOrder_Test.addAddress(MakeOrder_Test.java:133)
	at sun.reflect.NativeMethodAccessorImpl.invoke0(Native Method)
	at sun.reflect.NativeMethodAccessorImpl.invoke(NativeMethodAccessorImpl.java:57)
	at sun.reflect.DelegatingMethodAccessorImpl.invoke(DelegatingMethodAccessorImpl.java:43)
	at java.lang.reflect.Method.invoke(Method.java:606)
	at org.testng.internal.MethodInvocationHelper.invokeMethod(MethodInvocationHelper.java:84)
	at org.testng.internal.Invoker.invokeMethod(Invoker.java:714)
	at org.testng.internal.Invoker.invokeTestMethod(Invoker.java:901)
	at org.testng.internal.Invoker.invokeTestMethods(Invoker.java:1231)
	at org.testng.internal.TestMethodWorker.invokeTestMethods(TestMethodWorker.java:127)
	at org.testng.internal.TestMethodWorker.run(TestMethodWorker.java:111)
	at org.testng.TestRunner.privateRun(TestRunner.java:767)
	at org.testng.TestRunner.run(TestRunner.java:617)
	at org.testng.SuiteRunner.runTest(SuiteRunner.java:334)
	at org.testng.SuiteRunner.runSequentially(SuiteRunner.java:329)
	at org.testng.SuiteRunner.privateRun(SuiteRunner.java:291)
	at org.testng.SuiteRunner.run(SuiteRunner.java:240)
	at org.testng.SuiteRunnerWorker.runSuite(SuiteRunnerWorker.java:52)
	at org.testng.SuiteRunnerWorker.run(SuiteRunnerWorker.java:86)
	at org.testng.TestNG.runSuitesSequentially(TestNG.java:1224)
	at org.testng.TestNG.runSuitesLocally(TestNG.java:1149)
	at org.testng.TestNG.run(TestNG.java:1057)
	at org.testng.IDEARemoteTestNG.run(IDEARemoteTestNG.java:74)
	at org.testng.RemoteTestNGStarter.main(RemoteTestNGStarter.java:121)
	at sun.reflect.NativeMethodAccessorImpl.invoke0(Native Method)
	at sun.reflect.NativeMethodAccessorImpl.invoke(NativeMethodAccessorImpl.java:57)
	at sun.reflect.DelegatingMethodAccessorImpl.invoke(DelegatingMethodAccessorImpl.java:43)
	at java.lang.reflect.Method.invoke(Method.java:606)
	at com.intellij.rt.execution.application.AppMain.main(AppMain.java:144)
[ERROR][2016-04-15 10:34:34]WebDriver error:
org.openqa.selenium.UnhandledAlertException: unexpected alert open
  (Session info: chrome=49.0.2623.87)
  (Driver info: chromedriver=2.16.333243 (0bfa1d3575fc1044244f21ddb82bf870944ef961),platform=Windows NT 6.1 SP1 x86_64) (WARNING: The server did not provide any stacktrace information)
Command duration or timeout: 44 milliseconds: null
Build info: version: '2.53.0', revision: '35ae25b1534ae328c771e0856c93e187490ca824', time: '2016-03-15 10:43:46'
System info: host: 'song-PC', ip: '192.168.12.104', os.name: 'Windows 7', os.arch: 'amd64', os.version: '6.1', java.version: '1.7.0_79'
*** Element info: {Using=xpath, value=//*[@id="w0"]/div/div[3]/table/tbody/tr[10]/td/div}
Session ID: 391e4440a526f39c9e32224f47437b3c
Driver info: org.openqa.selenium.chrome.ChromeDriver
Capabilities [{platform=XP, acceptSslCerts=true, javascriptEnabled=true, browserName=chrome, chrome={userDataDir=C:\Users\ADMINI~1\AppData\Local\Temp\scoped_dir8156_19829}, rotatable=false, locationContextEnabled=true, mobileEmulationEnabled=false, version=49.0.2623.87, takesHeapSnapshot=true, cssSelectorsEnabled=true, databaseEnabled=false, handlesAlerts=true, browserConnectionEnabled=false, webStorageEnabled=true, nativeEvents=true, hasTouchScreen=false, applicationCacheEnabled=false, takesScreenshot=true}]
	at sun.reflect.NativeConstructorAccessorImpl.newInstance0(Native Method)
	at sun.reflect.NativeConstructorAccessorImpl.newInstance(NativeConstructorAccessorImpl.java:57)
	at sun.reflect.DelegatingConstructorAccessorImpl.newInstance(DelegatingConstructorAccessorImpl.java:45)
	at java.lang.reflect.Constructor.newInstance(Constructor.java:526)
	at org.openqa.selenium.remote.ErrorHandler.createThrowable(ErrorHandler.java:206)
	at org.openqa.selenium.remote.ErrorHandler.throwIfResponseFailed(ErrorHandler.java:164)
	at org.openqa.selenium.remote.RemoteWebDriver.execute(RemoteWebDriver.java:678)
	at org.openqa.selenium.remote.RemoteWebDriver.findElement(RemoteWebDriver.java:363)
	at org.openqa.selenium.remote.RemoteWebDriver.findElementByXPath(RemoteWebDriver.java:500)
	at org.openqa.selenium.By$ByXPath.findElement(By.java:361)
	at org.openqa.selenium.remote.RemoteWebDriver.findElement(RemoteWebDriver.java:355)
	at sun.reflect.GeneratedMethodAccessor3.invoke(Unknown Source)
	at sun.reflect.DelegatingMethodAccessorImpl.invoke(DelegatingMethodAccessorImpl.java:43)
	at java.lang.reflect.Method.invoke(Method.java:606)
	at org.openqa.selenium.support.events.EventFiringWebDriver$2.invoke(EventFiringWebDriver.java:103)
	at com.sun.proxy.$Proxy11.findElement(Unknown Source)
	at org.openqa.selenium.support.events.EventFiringWebDriver.findElement(EventFiringWebDriver.java:188)
	at org.openqa.selenium.support.pagefactory.DefaultElementLocator.findElement(DefaultElementLocator.java:69)
	at org.openqa.selenium.support.pagefactory.internal.LocatingElementHandler.invoke(LocatingElementHandler.java:38)
	at com.sun.proxy.$Proxy13.getText(Unknown Source)
	at webtest.core.util.Wait.reFresh(Wait.java:26)
	at cases_ejj.dingdan.MakeOrder_Test.addAddress(MakeOrder_Test.java:133)
	at sun.reflect.NativeMethodAccessorImpl.invoke0(Native Method)
	at sun.reflect.NativeMethodAccessorImpl.invoke(NativeMethodAccessorImpl.java:57)
	at sun.reflect.DelegatingMethodAccessorImpl.invoke(DelegatingMethodAccessorImpl.java:43)
	at java.lang.reflect.Method.invoke(Method.java:606)
	at org.testng.internal.MethodInvocationHelper.invokeMethod(MethodInvocationHelper.java:84)
	at org.testng.internal.Invoker.invokeMethod(Invoker.java:714)
	at org.testng.internal.Invoker.invokeTestMethod(Invoker.java:901)
	at org.testng.internal.Invoker.invokeTestMethods(Invoker.java:1231)
	at org.testng.internal.TestMethodWorker.invokeTestMethods(TestMethodWorker.java:127)
	at org.testng.internal.TestMethodWorker.run(TestMethodWorker.java:111)
	at org.testng.TestRunner.privateRun(TestRunner.java:767)
	at org.testng.TestRunner.run(TestRunner.java:617)
	at org.testng.SuiteRunner.runTest(SuiteRunner.java:334)
	at org.testng.SuiteRunner.runSequentially(SuiteRunner.java:329)
	at org.testng.SuiteRunner.privateRun(SuiteRunner.java:291)
	at org.testng.SuiteRunner.run(SuiteRunner.java:240)
	at org.testng.SuiteRunnerWorker.runSuite(SuiteRunnerWorker.java:52)
	at org.testng.SuiteRunnerWorker.run(SuiteRunnerWorker.java:86)
	at org.testng.TestNG.runSuitesSequentially(TestNG.java:1224)
	at org.testng.TestNG.runSuitesLocally(TestNG.java:1149)
	at org.testng.TestNG.run(TestNG.java:1057)
	at org.testng.IDEARemoteTestNG.run(IDEARemoteTestNG.java:74)
	at org.testng.RemoteTestNGStarter.main(RemoteTestNGStarter.java:121)
	at sun.reflect.NativeMethodAccessorImpl.invoke0(Native Method)
	at sun.reflect.NativeMethodAccessorImpl.invoke(NativeMethodAccessorImpl.java:57)
	at sun.reflect.DelegatingMethodAccessorImpl.invoke(DelegatingMethodAccessorImpl.java:43)
	at java.lang.reflect.Method.invoke(Method.java:606)
	at com.intellij.rt.execution.application.AppMain.main(AppMain.java:144)
[ERROR][2016-04-15 10:34:34]WebDriver error:
org.openqa.selenium.UnhandledAlertException: unexpected alert open
  (Session info: chrome=49.0.2623.87)
  (Driver info: chromedriver=2.16.333243 (0bfa1d3575fc1044244f21ddb82bf870944ef961),platform=Windows NT 6.1 SP1 x86_64) (WARNING: The server did not provide any stacktrace information)
Command duration or timeout: 2 milliseconds: null
Build info: version: '2.53.0', revision: '35ae25b1534ae328c771e0856c93e187490ca824', time: '2016-03-15 10:43:46'
System info: host: 'song-PC', ip: '192.168.12.104', os.name: 'Windows 7', os.arch: 'amd64', os.version: '6.1', java.version: '1.7.0_79'
*** Element info: {Using=xpath, value=//*[@id="w0"]/div/div[3]/table/tbody/tr[10]/td/div}
Session ID: 391e4440a526f39c9e32224f47437b3c
Driver info: org.openqa.selenium.chrome.ChromeDriver
Capabilities [{platform=XP, acceptSslCerts=true, javascriptEnabled=true, browserName=chrome, chrome={userDataDir=C:\Users\ADMINI~1\AppData\Local\Temp\scoped_dir8156_19829}, rotatable=false, locationContextEnabled=true, mobileEmulationEnabled=false, version=49.0.2623.87, takesHeapSnapshot=true, cssSelectorsEnabled=true, databaseEnabled=false, handlesAlerts=true, browserConnectionEnabled=false, webStorageEnabled=true, nativeEvents=true, hasTouchScreen=false, applicationCacheEnabled=false, takesScreenshot=true}]
	at sun.reflect.NativeConstructorAccessorImpl.newInstance0(Native Method)
	at sun.reflect.NativeConstructorAccessorImpl.newInstance(NativeConstructorAccessorImpl.java:57)
	at sun.reflect.DelegatingConstructorAccessorImpl.newInstance(DelegatingConstructorAccessorImpl.java:45)
	at java.lang.reflect.Constructor.newInstance(Constructor.java:526)
	at org.openqa.selenium.remote.ErrorHandler.createThrowable(ErrorHandler.java:206)
	at org.openqa.selenium.remote.ErrorHandler.throwIfResponseFailed(ErrorHandler.java:164)
	at org.openqa.selenium.remote.RemoteWebDriver.execute(RemoteWebDriver.java:678)
	at org.openqa.selenium.remote.RemoteWebDriver.findElement(RemoteWebDriver.java:363)
	at org.openqa.selenium.remote.RemoteWebDriver.findElementByXPath(RemoteWebDriver.java:500)
	at org.openqa.selenium.By$ByXPath.findElement(By.java:361)
	at org.openqa.selenium.remote.RemoteWebDriver.findElement(RemoteWebDriver.java:355)
	at sun.reflect.GeneratedMethodAccessor3.invoke(Unknown Source)
	at sun.reflect.DelegatingMethodAccessorImpl.invoke(DelegatingMethodAccessorImpl.java:43)
	at java.lang.reflect.Method.invoke(Method.java:606)
	at org.openqa.selenium.support.events.EventFiringWebDriver$2.invoke(EventFiringWebDriver.java:103)
	at com.sun.proxy.$Proxy11.findElement(Unknown Source)
	at org.openqa.selenium.support.events.EventFiringWebDriver.findElement(EventFiringWebDriver.java:188)
	at org.openqa.selenium.support.pagefactory.DefaultElementLocator.findElement(DefaultElementLocator.java:69)
	at org.openqa.selenium.support.pagefactory.internal.LocatingElementHandler.invoke(LocatingElementHandler.java:38)
	at com.sun.proxy.$Proxy13.getText(Unknown Source)
	at webtest.core.util.Wait.reFresh(Wait.java:26)
	at cases_ejj.dingdan.MakeOrder_Test.addAddress(MakeOrder_Test.java:133)
	at sun.reflect.NativeMethodAccessorImpl.invoke0(Native Method)
	at sun.reflect.NativeMethodAccessorImpl.invoke(NativeMethodAccessorImpl.java:57)
	at sun.reflect.DelegatingMethodAccessorImpl.invoke(DelegatingMethodAccessorImpl.java:43)
	at java.lang.reflect.Method.invoke(Method.java:606)
	at org.testng.internal.MethodInvocationHelper.invokeMethod(MethodInvocationHelper.java:84)
	at org.testng.internal.Invoker.invokeMethod(Invoker.java:714)
	at org.testng.internal.Invoker.invokeTestMethod(Invoker.java:901)
	at org.testng.internal.Invoker.invokeTestMethods(Invoker.java:1231)
	at org.testng.internal.TestMethodWorker.invokeTestMethods(TestMethodWorker.java:127)
	at org.testng.internal.TestMethodWorker.run(TestMethodWorker.java:111)
	at org.testng.TestRunner.privateRun(TestRunner.java:767)
	at org.testng.TestRunner.run(TestRunner.java:617)
	at org.testng.SuiteRunner.runTest(SuiteRunner.java:334)
	at org.testng.SuiteRunner.runSequentially(SuiteRunner.java:329)
	at org.testng.SuiteRunner.privateRun(SuiteRunner.java:291)
	at org.testng.SuiteRunner.run(SuiteRunner.java:240)
	at org.testng.SuiteRunnerWorker.runSuite(SuiteRunnerWorker.java:52)
	at org.testng.SuiteRunnerWorker.run(SuiteRunnerWorker.java:86)
	at org.testng.TestNG.runSuitesSequentially(TestNG.java:1224)
	at org.testng.TestNG.runSuitesLocally(TestNG.java:1149)
	at org.testng.TestNG.run(TestNG.java:1057)
	at org.testng.IDEARemoteTestNG.run(IDEARemoteTestNG.java:74)
	at org.testng.RemoteTestNGStarter.main(RemoteTestNGStarter.java:121)
	at sun.reflect.NativeMethodAccessorImpl.invoke0(Native Method)
	at sun.reflect.NativeMethodAccessorImpl.invoke(NativeMethodAccessorImpl.java:57)
	at sun.reflect.DelegatingMethodAccessorImpl.invoke(DelegatingMethodAccessorImpl.java:43)
	at java.lang.reflect.Method.invoke(Method.java:606)
	at com.intellij.rt.execution.application.AppMain.main(AppMain.java:144)
[ERROR][2016-04-15 10:34:34]WebDriver error:
org.openqa.selenium.UnhandledAlertException: unexpected alert open
  (Session info: chrome=49.0.2623.87)
  (Driver info: chromedriver=2.16.333243 (0bfa1d3575fc1044244f21ddb82bf870944ef961),platform=Windows NT 6.1 SP1 x86_64) (WARNING: The server did not provide any stacktrace information)
Command duration or timeout: 2 milliseconds: null
Build info: version: '2.53.0', revision: '35ae25b1534ae328c771e0856c93e187490ca824', time: '2016-03-15 10:43:46'
System info: host: 'song-PC', ip: '192.168.12.104', os.name: 'Windows 7', os.arch: 'amd64', os.version: '6.1', java.version: '1.7.0_79'
*** Element info: {Using=xpath, value=//*[@id="w0"]/div/div[3]/table/tbody/tr[10]/td/div}
Session ID: 391e4440a526f39c9e32224f47437b3c
Driver info: org.openqa.selenium.chrome.ChromeDriver
Capabilities [{platform=XP, acceptSslCerts=true, javascriptEnabled=true, browserName=chrome, chrome={userDataDir=C:\Users\ADMINI~1\AppData\Local\Temp\scoped_dir8156_19829}, rotatable=false, locationContextEnabled=true, mobileEmulationEnabled=false, version=49.0.2623.87, takesHeapSnapshot=true, cssSelectorsEnabled=true, databaseEnabled=false, handlesAlerts=true, browserConnectionEnabled=false, webStorageEnabled=true, nativeEvents=true, hasTouchScreen=false, applicationCacheEnabled=false, takesScreenshot=true}]
	at sun.reflect.NativeConstructorAccessorImpl.newInstance0(Native Method)
	at sun.reflect.NativeConstructorAccessorImpl.newInstance(NativeConstructorAccessorImpl.java:57)
	at sun.reflect.DelegatingConstructorAccessorImpl.newInstance(DelegatingConstructorAccessorImpl.java:45)
	at java.lang.reflect.Constructor.newInstance(Constructor.java:526)
	at org.openqa.selenium.remote.ErrorHandler.createThrowable(ErrorHandler.java:206)
	at org.openqa.selenium.remote.ErrorHandler.throwIfResponseFailed(ErrorHandler.java:164)
	at org.openqa.selenium.remote.RemoteWebDriver.execute(RemoteWebDriver.java:678)
	at org.openqa.selenium.remote.RemoteWebDriver.findElement(RemoteWebDriver.java:363)
	at org.openqa.selenium.remote.RemoteWebDriver.findElementByXPath(RemoteWebDriver.java:500)
	at org.openqa.selenium.By$ByXPath.findElement(By.java:361)
	at org.openqa.selenium.remote.RemoteWebDriver.findElement(RemoteWebDriver.java:355)
	at sun.reflect.GeneratedMethodAccessor3.invoke(Unknown Source)
	at sun.reflect.DelegatingMethodAccessorImpl.invoke(DelegatingMethodAccessorImpl.java:43)
	at java.lang.reflect.Method.invoke(Method.java:606)
	at org.openqa.selenium.support.events.EventFiringWebDriver$2.invoke(EventFiringWebDriver.java:103)
	at com.sun.proxy.$Proxy11.findElement(Unknown Source)
	at org.openqa.selenium.support.events.EventFiringWebDriver.findElement(EventFiringWebDriver.java:188)
	at org.openqa.selenium.support.pagefactory.DefaultElementLocator.findElement(DefaultElementLocator.java:69)
	at org.openqa.selenium.support.pagefactory.internal.LocatingElementHandler.invoke(LocatingElementHandler.java:38)
	at com.sun.proxy.$Proxy13.getText(Unknown Source)
	at webtest.core.util.Wait.reFresh(Wait.java:26)
	at cases_ejj.dingdan.MakeOrder_Test.addAddress(MakeOrder_Test.java:133)
	at sun.reflect.NativeMethodAccessorImpl.invoke0(Native Method)
	at sun.reflect.NativeMethodAccessorImpl.invoke(NativeMethodAccessorImpl.java:57)
	at sun.reflect.DelegatingMethodAccessorImpl.invoke(DelegatingMethodAccessorImpl.java:43)
	at java.lang.reflect.Method.invoke(Method.java:606)
	at org.testng.internal.MethodInvocationHelper.invokeMethod(MethodInvocationHelper.java:84)
	at org.testng.internal.Invoker.invokeMethod(Invoker.java:714)
	at org.testng.internal.Invoker.invokeTestMethod(Invoker.java:901)
	at org.testng.internal.Invoker.invokeTestMethods(Invoker.java:1231)
	at org.testng.internal.TestMethodWorker.invokeTestMethods(TestMethodWorker.java:127)
	at org.testng.internal.TestMethodWorker.run(TestMethodWorker.java:111)
	at org.testng.TestRunner.privateRun(TestRunner.java:767)
	at org.testng.TestRunner.run(TestRunner.java:617)
	at org.testng.SuiteRunner.runTest(SuiteRunner.java:334)
	at org.testng.SuiteRunner.runSequentially(SuiteRunner.java:329)
	at org.testng.SuiteRunner.privateRun(SuiteRunner.java:291)
	at org.testng.SuiteRunner.run(SuiteRunner.java:240)
	at org.testng.SuiteRunnerWorker.runSuite(SuiteRunnerWorker.java:52)
	at org.testng.SuiteRunnerWorker.run(SuiteRunnerWorker.java:86)
	at org.testng.TestNG.runSuitesSequentially(TestNG.java:1224)
	at org.testng.TestNG.runSuitesLocally(TestNG.java:1149)
	at org.testng.TestNG.run(TestNG.java:1057)
	at org.testng.IDEARemoteTestNG.run(IDEARemoteTestNG.java:74)
	at org.testng.RemoteTestNGStarter.main(RemoteTestNGStarter.java:121)
	at sun.reflect.NativeMethodAccessorImpl.invoke0(Native Method)
	at sun.reflect.NativeMethodAccessorImpl.invoke(NativeMethodAccessorImpl.java:57)
	at sun.reflect.DelegatingMethodAccessorImpl.invoke(DelegatingMethodAccessorImpl.java:43)
	at java.lang.reflect.Method.invoke(Method.java:606)
	at com.intellij.rt.execution.application.AppMain.main(AppMain.java:144)
[ERROR][2016-04-15 10:34:35]WebDriver error:
org.openqa.selenium.UnhandledAlertException: unexpected alert open
  (Session info: chrome=49.0.2623.87)
  (Driver info: chromedriver=2.16.333243 (0bfa1d3575fc1044244f21ddb82bf870944ef961),platform=Windows NT 6.1 SP1 x86_64) (WARNING: The server did not provide any stacktrace information)
Command duration or timeout: 2 milliseconds: null
Build info: version: '2.53.0', revision: '35ae25b1534ae328c771e0856c93e187490ca824', time: '2016-03-15 10:43:46'
System info: host: 'song-PC', ip: '192.168.12.104', os.name: 'Windows 7', os.arch: 'amd64', os.version: '6.1', java.version: '1.7.0_79'
*** Element info: {Using=xpath, value=//*[@id="w0"]/div/div[3]/table/tbody/tr[10]/td/div}
Session ID: 391e4440a526f39c9e32224f47437b3c
Driver info: org.openqa.selenium.chrome.ChromeDriver
Capabilities [{platform=XP, acceptSslCerts=true, javascriptEnabled=true, browserName=chrome, chrome={userDataDir=C:\Users\ADMINI~1\AppData\Local\Temp\scoped_dir8156_19829}, rotatable=false, locationContextEnabled=true, mobileEmulationEnabled=false, version=49.0.2623.87, takesHeapSnapshot=true, cssSelectorsEnabled=true, databaseEnabled=false, handlesAlerts=true, browserConnectionEnabled=false, webStorageEnabled=true, nativeEvents=true, hasTouchScreen=false, applicationCacheEnabled=false, takesScreenshot=true}]
	at sun.reflect.NativeConstructorAccessorImpl.newInstance0(Native Method)
	at sun.reflect.NativeConstructorAccessorImpl.newInstance(NativeConstructorAccessorImpl.java:57)
	at sun.reflect.DelegatingConstructorAccessorImpl.newInstance(DelegatingConstructorAccessorImpl.java:45)
	at java.lang.reflect.Constructor.newInstance(Constructor.java:526)
	at org.openqa.selenium.remote.ErrorHandler.createThrowable(ErrorHandler.java:206)
	at org.openqa.selenium.remote.ErrorHandler.throwIfResponseFailed(ErrorHandler.java:164)
	at org.openqa.selenium.remote.RemoteWebDriver.execute(RemoteWebDriver.java:678)
	at org.openqa.selenium.remote.RemoteWebDriver.findElement(RemoteWebDriver.java:363)
	at org.openqa.selenium.remote.RemoteWebDriver.findElementByXPath(RemoteWebDriver.java:500)
	at org.openqa.selenium.By$ByXPath.findElement(By.java:361)
	at org.openqa.selenium.remote.RemoteWebDriver.findElement(RemoteWebDriver.java:355)
	at sun.reflect.GeneratedMethodAccessor3.invoke(Unknown Source)
	at sun.reflect.DelegatingMethodAccessorImpl.invoke(DelegatingMethodAccessorImpl.java:43)
	at java.lang.reflect.Method.invoke(Method.java:606)
	at org.openqa.selenium.support.events.EventFiringWebDriver$2.invoke(EventFiringWebDriver.java:103)
	at com.sun.proxy.$Proxy11.findElement(Unknown Source)
	at org.openqa.selenium.support.events.EventFiringWebDriver.findElement(EventFiringWebDriver.java:188)
	at org.openqa.selenium.support.pagefactory.DefaultElementLocator.findElement(DefaultElementLocator.java:69)
	at org.openqa.selenium.support.pagefactory.internal.LocatingElementHandler.invoke(LocatingElementHandler.java:38)
	at com.sun.proxy.$Proxy13.getText(Unknown Source)
	at webtest.core.util.Wait.reFresh(Wait.java:26)
	at cases_ejj.dingdan.MakeOrder_Test.addAddress(MakeOrder_Test.java:133)
	at sun.reflect.NativeMethodAccessorImpl.invoke0(Native Method)
	at sun.reflect.NativeMethodAccessorImpl.invoke(NativeMethodAccessorImpl.java:57)
	at sun.reflect.DelegatingMethodAccessorImpl.invoke(DelegatingMethodAccessorImpl.java:43)
	at java.lang.reflect.Method.invoke(Method.java:606)
	at org.testng.internal.MethodInvocationHelper.invokeMethod(MethodInvocationHelper.java:84)
	at org.testng.internal.Invoker.invokeMethod(Invoker.java:714)
	at org.testng.internal.Invoker.invokeTestMethod(Invoker.java:901)
	at org.testng.internal.Invoker.invokeTestMethods(Invoker.java:1231)
	at org.testng.internal.TestMethodWorker.invokeTestMethods(TestMethodWorker.java:127)
	at org.testng.internal.TestMethodWorker.run(TestMethodWorker.java:111)
	at org.testng.TestRunner.privateRun(TestRunner.java:767)
	at org.testng.TestRunner.run(TestRunner.java:617)
	at org.testng.SuiteRunner.runTest(SuiteRunner.java:334)
	at org.testng.SuiteRunner.runSequentially(SuiteRunner.java:329)
	at org.testng.SuiteRunner.privateRun(SuiteRunner.java:291)
	at org.testng.SuiteRunner.run(SuiteRunner.java:240)
	at org.testng.SuiteRunnerWorker.runSuite(SuiteRunnerWorker.java:52)
	at org.testng.SuiteRunnerWorker.run(SuiteRunnerWorker.java:86)
	at org.testng.TestNG.runSuitesSequentially(TestNG.java:1224)
	at org.testng.TestNG.runSuitesLocally(TestNG.java:1149)
	at org.testng.TestNG.run(TestNG.java:1057)
	at org.testng.IDEARemoteTestNG.run(IDEARemoteTestNG.java:74)
	at org.testng.RemoteTestNGStarter.main(RemoteTestNGStarter.java:121)
	at sun.reflect.NativeMethodAccessorImpl.invoke0(Native Method)
	at sun.reflect.NativeMethodAccessorImpl.invoke(NativeMethodAccessorImpl.java:57)
	at sun.reflect.DelegatingMethodAccessorImpl.invoke(DelegatingMethodAccessorImpl.java:43)
	at java.lang.reflect.Method.invoke(Method.java:606)
	at com.intellij.rt.execution.application.AppMain.main(AppMain.java:144)
[ERROR][2016-04-15 10:34:35]WebDriver error:
org.openqa.selenium.UnhandledAlertException: unexpected alert open
  (Session info: chrome=49.0.2623.87)
  (Driver info: chromedriver=2.16.333243 (0bfa1d3575fc1044244f21ddb82bf870944ef961),platform=Windows NT 6.1 SP1 x86_64) (WARNING: The server did not provide any stacktrace information)
Command duration or timeout: 3 milliseconds: null
Build info: version: '2.53.0', revision: '35ae25b1534ae328c771e0856c93e187490ca824', time: '2016-03-15 10:43:46'
System info: host: 'song-PC', ip: '192.168.12.104', os.name: 'Windows 7', os.arch: 'amd64', os.version: '6.1', java.version: '1.7.0_79'
*** Element info: {Using=xpath, value=//*[@id="w0"]/div/div[3]/table/tbody/tr[10]/td/div}
Session ID: 391e4440a526f39c9e32224f47437b3c
Driver info: org.openqa.selenium.chrome.ChromeDriver
Capabilities [{platform=XP, acceptSslCerts=true, javascriptEnabled=true, browserName=chrome, chrome={userDataDir=C:\Users\ADMINI~1\AppData\Local\Temp\scoped_dir8156_19829}, rotatable=false, locationContextEnabled=true, mobileEmulationEnabled=false, version=49.0.2623.87, takesHeapSnapshot=true, cssSelectorsEnabled=true, databaseEnabled=false, handlesAlerts=true, browserConnectionEnabled=false, webStorageEnabled=true, nativeEvents=true, hasTouchScreen=false, applicationCacheEnabled=false, takesScreenshot=true}]
	at sun.reflect.NativeConstructorAccessorImpl.newInstance0(Native Method)
	at sun.reflect.NativeConstructorAccessorImpl.newInstance(NativeConstructorAccessorImpl.java:57)
	at sun.reflect.DelegatingConstructorAccessorImpl.newInstance(DelegatingConstructorAccessorImpl.java:45)
	at java.lang.reflect.Constructor.newInstance(Constructor.java:526)
	at org.openqa.selenium.remote.ErrorHandler.createThrowable(ErrorHandler.java:206)
	at org.openqa.selenium.remote.ErrorHandler.throwIfResponseFailed(ErrorHandler.java:164)
	at org.openqa.selenium.remote.RemoteWebDriver.execute(RemoteWebDriver.java:678)
	at org.openqa.selenium.remote.RemoteWebDriver.findElement(RemoteWebDriver.java:363)
	at org.openqa.selenium.remote.RemoteWebDriver.findElementByXPath(RemoteWebDriver.java:500)
	at org.openqa.selenium.By$ByXPath.findElement(By.java:361)
	at org.openqa.selenium.remote.RemoteWebDriver.findElement(RemoteWebDriver.java:355)
	at sun.reflect.GeneratedMethodAccessor3.invoke(Unknown Source)
	at sun.reflect.DelegatingMethodAccessorImpl.invoke(DelegatingMethodAccessorImpl.java:43)
	at java.lang.reflect.Method.invoke(Method.java:606)
	at org.openqa.selenium.support.events.EventFiringWebDriver$2.invoke(EventFiringWebDriver.java:103)
	at com.sun.proxy.$Proxy11.findElement(Unknown Source)
	at org.openqa.selenium.support.events.EventFiringWebDriver.findElement(EventFiringWebDriver.java:188)
	at org.openqa.selenium.support.pagefactory.DefaultElementLocator.findElement(DefaultElementLocator.java:69)
	at org.openqa.selenium.support.pagefactory.internal.LocatingElementHandler.invoke(LocatingElementHandler.java:38)
	at com.sun.proxy.$Proxy13.getText(Unknown Source)
	at webtest.core.util.Wait.reFresh(Wait.java:26)
	at cases_ejj.dingdan.MakeOrder_Test.addAddress(MakeOrder_Test.java:133)
	at sun.reflect.NativeMethodAccessorImpl.invoke0(Native Method)
	at sun.reflect.NativeMethodAccessorImpl.invoke(NativeMethodAccessorImpl.java:57)
	at sun.reflect.DelegatingMethodAccessorImpl.invoke(DelegatingMethodAccessorImpl.java:43)
	at java.lang.reflect.Method.invoke(Method.java:606)
	at org.testng.internal.MethodInvocationHelper.invokeMethod(MethodInvocationHelper.java:84)
	at org.testng.internal.Invoker.invokeMethod(Invoker.java:714)
	at org.testng.internal.Invoker.invokeTestMethod(Invoker.java:901)
	at org.testng.internal.Invoker.invokeTestMethods(Invoker.java:1231)
	at org.testng.internal.TestMethodWorker.invokeTestMethods(TestMethodWorker.java:127)
	at org.testng.internal.TestMethodWorker.run(TestMethodWorker.java:111)
	at org.testng.TestRunner.privateRun(TestRunner.java:767)
	at org.testng.TestRunner.run(TestRunner.java:617)
	at org.testng.SuiteRunner.runTest(SuiteRunner.java:334)
	at org.testng.SuiteRunner.runSequentially(SuiteRunner.java:329)
	at org.testng.SuiteRunner.privateRun(SuiteRunner.java:291)
	at org.testng.SuiteRunner.run(SuiteRunner.java:240)
	at org.testng.SuiteRunnerWorker.runSuite(SuiteRunnerWorker.java:52)
	at org.testng.SuiteRunnerWorker.run(SuiteRunnerWorker.java:86)
	at org.testng.TestNG.runSuitesSequentially(TestNG.java:1224)
	at org.testng.TestNG.runSuitesLocally(TestNG.java:1149)
	at org.testng.TestNG.run(TestNG.java:1057)
	at org.testng.IDEARemoteTestNG.run(IDEARemoteTestNG.java:74)
	at org.testng.RemoteTestNGStarter.main(RemoteTestNGStarter.java:121)
	at sun.reflect.NativeMethodAccessorImpl.invoke0(Native Method)
	at sun.reflect.NativeMethodAccessorImpl.invoke(NativeMethodAccessorImpl.java:57)
	at sun.reflect.DelegatingMethodAccessorImpl.invoke(DelegatingMethodAccessorImpl.java:43)
	at java.lang.reflect.Method.invoke(Method.java:606)
	at com.intellij.rt.execution.application.AppMain.main(AppMain.java:144)
[ERROR][2016-04-15 10:34:35]WebDriver error:
org.openqa.selenium.UnhandledAlertException: unexpected alert open
  (Session info: chrome=49.0.2623.87)
  (Driver info: chromedriver=2.16.333243 (0bfa1d3575fc1044244f21ddb82bf870944ef961),platform=Windows NT 6.1 SP1 x86_64) (WARNING: The server did not provide any stacktrace information)
Command duration or timeout: 13 milliseconds: null
Build info: version: '2.53.0', revision: '35ae25b1534ae328c771e0856c93e187490ca824', time: '2016-03-15 10:43:46'
System info: host: 'song-PC', ip: '192.168.12.104', os.name: 'Windows 7', os.arch: 'amd64', os.version: '6.1', java.version: '1.7.0_79'
*** Element info: {Using=xpath, value=//*[@id="w0"]/div/div[3]/table/tbody/tr[10]/td/div}
Session ID: 391e4440a526f39c9e32224f47437b3c
Driver info: org.openqa.selenium.chrome.ChromeDriver
Capabilities [{platform=XP, acceptSslCerts=true, javascriptEnabled=true, browserName=chrome, chrome={userDataDir=C:\Users\ADMINI~1\AppData\Local\Temp\scoped_dir8156_19829}, rotatable=false, locationContextEnabled=true, mobileEmulationEnabled=false, version=49.0.2623.87, takesHeapSnapshot=true, cssSelectorsEnabled=true, databaseEnabled=false, handlesAlerts=true, browserConnectionEnabled=false, webStorageEnabled=true, nativeEvents=true, hasTouchScreen=false, applicationCacheEnabled=false, takesScreenshot=true}]
	at sun.reflect.NativeConstructorAccessorImpl.newInstance0(Native Method)
	at sun.reflect.NativeConstructorAccessorImpl.newInstance(NativeConstructorAccessorImpl.java:57)
	at sun.reflect.DelegatingConstructorAccessorImpl.newInstance(DelegatingConstructorAccessorImpl.java:45)
	at java.lang.reflect.Constructor.newInstance(Constructor.java:526)
	at org.openqa.selenium.remote.ErrorHandler.createThrowable(ErrorHandler.java:206)
	at org.openqa.selenium.remote.ErrorHandler.throwIfResponseFailed(ErrorHandler.java:164)
	at org.openqa.selenium.remote.RemoteWebDriver.execute(RemoteWebDriver.java:678)
	at org.openqa.selenium.remote.RemoteWebDriver.findElement(RemoteWebDriver.java:363)
	at org.openqa.selenium.remote.RemoteWebDriver.findElementByXPath(RemoteWebDriver.java:500)
	at org.openqa.selenium.By$ByXPath.findElement(By.java:361)
	at org.openqa.selenium.remote.RemoteWebDriver.findElement(RemoteWebDriver.java:355)
	at sun.reflect.GeneratedMethodAccessor3.invoke(Unknown Source)
	at sun.reflect.DelegatingMethodAccessorImpl.invoke(DelegatingMethodAccessorImpl.java:43)
	at java.lang.reflect.Method.invoke(Method.java:606)
	at org.openqa.selenium.support.events.EventFiringWebDriver$2.invoke(EventFiringWebDriver.java:103)
	at com.sun.proxy.$Proxy11.findElement(Unknown Source)
	at org.openqa.selenium.support.events.EventFiringWebDriver.findElement(EventFiringWebDriver.java:188)
	at org.openqa.selenium.support.pagefactory.DefaultElementLocator.findElement(DefaultElementLocator.java:69)
	at org.openqa.selenium.support.pagefactory.internal.LocatingElementHandler.invoke(LocatingElementHandler.java:38)
	at com.sun.proxy.$Proxy13.getText(Unknown Source)
	at cases_ejj.dingdan.MakeOrder_Test.addAddress(MakeOrder_Test.java:134)
	at sun.reflect.NativeMethodAccessorImpl.invoke0(Native Method)
	at sun.reflect.NativeMethodAccessorImpl.invoke(NativeMethodAccessorImpl.java:57)
	at sun.reflect.DelegatingMethodAccessorImpl.invoke(DelegatingMethodAccessorImpl.java:43)
	at java.lang.reflect.Method.invoke(Method.java:606)
	at org.testng.internal.MethodInvocationHelper.invokeMethod(MethodInvocationHelper.java:84)
	at org.testng.internal.Invoker.invokeMethod(Invoker.java:714)
	at org.testng.internal.Invoker.invokeTestMethod(Invoker.java:901)
	at org.testng.internal.Invoker.invokeTestMethods(Invoker.java:1231)
	at org.testng.internal.TestMethodWorker.invokeTestMethods(TestMethodWorker.java:127)
	at org.testng.internal.TestMethodWorker.run(TestMethodWorker.java:111)
	at org.testng.TestRunner.privateRun(TestRunner.java:767)
	at org.testng.TestRunner.run(TestRunner.java:617)
	at org.testng.SuiteRunner.runTest(SuiteRunner.java:334)
	at org.testng.SuiteRunner.runSequentially(SuiteRunner.java:329)
	at org.testng.SuiteRunner.privateRun(SuiteRunner.java:291)
	at org.testng.SuiteRunner.run(SuiteRunner.java:240)
	at org.testng.SuiteRunnerWorker.runSuite(SuiteRunnerWorker.java:52)
	at org.testng.SuiteRunnerWorker.run(SuiteRunnerWorker.java:86)
	at org.testng.TestNG.runSuitesSequentially(TestNG.java:1224)
	at org.testng.TestNG.runSuitesLocally(TestNG.java:1149)
	at org.testng.TestNG.run(TestNG.java:1057)
	at org.testng.IDEARemoteTestNG.run(IDEARemoteTestNG.java:74)
	at org.testng.RemoteTestNGStarter.main(RemoteTestNGStarter.java:121)
	at sun.reflect.NativeMethodAccessorImpl.invoke0(Native Method)
	at sun.reflect.NativeMethodAccessorImpl.invoke(NativeMethodAccessorImpl.java:57)
	at sun.reflect.DelegatingMethodAccessorImpl.invoke(DelegatingMethodAccessorImpl.java:43)
	at java.lang.reflect.Method.invoke(Method.java:606)
	at com.intellij.rt.execution.application.AppMain.main(AppMain.java:144)
[INFO][2016-04-15 10:34:36]/\/\/\/\/\/\---TestCase = MakeOrder_Test---/\/\/\/\/\/\
[INFO][2016-04-15 10:34:36]#####################################################
[INFO][2016-04-15 10:35:15]#####################################################
[INFO][2016-04-15 10:35:15]\/\/\/\/\/\/---TestCase = LoginTest---\/\/\/\/\/\/
[INFO][2016-04-15 10:35:17]WebDriver navigating to:'http://101.200.2.207/'
[INFO][2016-04-15 10:35:24]WebDriver changing value in element found By.id: loginform-username from '' to ''
[INFO][2016-04-15 10:35:24]WebDriver changing value in element found By.id: loginform-username from '' to 'admin'
[INFO][2016-04-15 10:35:24]WebDriver changing value in element found By.id: loginform-password from '' to ''
[INFO][2016-04-15 10:35:24]WebDriver changing value in element found By.id: loginform-password from '' to 'Test2016QA'
[INFO][2016-04-15 10:35:24]WebDriver clicking on:'xpath: //*[@id='list']/li[5]/button'
[INFO][2016-04-15 10:35:31]WebDriver navigating to:'http://101.200.2.207/'
[INFO][2016-04-15 10:35:40]WebDriver changing value in element found By.id: loginform-username from '' to ''
[INFO][2016-04-15 10:35:40]WebDriver changing value in element found By.id: loginform-username from '' to 'admin'
[INFO][2016-04-15 10:35:40]WebDriver changing value in element found By.id: loginform-password from '' to ''
[INFO][2016-04-15 10:35:40]WebDriver changing value in element found By.id: loginform-password from '' to 'cuowumima'
[INFO][2016-04-15 10:35:40]WebDriver clicking on:'xpath: //*[@id='list']/li[5]/button'
[INFO][2016-04-15 10:35:41]/\/\/\/\/\/\---TestCase = LoginTest---/\/\/\/\/\/\
[INFO][2016-04-15 10:35:41]#####################################################
[INFO][2016-04-15 10:35:41]#####################################################
[INFO][2016-04-15 10:35:41]\/\/\/\/\/\/---TestCase = HomeLinkTest---\/\/\/\/\/\/
[INFO][2016-04-15 10:35:43]WebDriver navigating to:'http://101.200.2.207/'
[INFO][2016-04-15 10:35:49]WebDriver changing value in element found By.id: loginform-username from '' to ''
[INFO][2016-04-15 10:35:49]WebDriver changing value in element found By.id: loginform-username from '' to 'admin'
[INFO][2016-04-15 10:35:49]WebDriver changing value in element found By.id: loginform-password from '' to ''
[INFO][2016-04-15 10:35:49]WebDriver changing value in element found By.id: loginform-password from '' to 'Test2016QA'
[INFO][2016-04-15 10:35:49]WebDriver clicking on:'xpath: //*[@id='list']/li[5]/button'
[ERROR][2016-04-15 10:35:51]WebDriver error:
org.openqa.selenium.InvalidSelectorException: invalid selector: Unable to locate an element with the xpath expression /html/body/div[2]/aside[1]/div/section/div[1]/div[2]/p[1] because of the following error:
TypeError: Failed to execute 'createNSResolver' on 'Document': parameter 1 is not of type 'Node'.
  (Session info: chrome=49.0.2623.87)
  (Driver info: chromedriver=2.16.333243 (0bfa1d3575fc1044244f21ddb82bf870944ef961),platform=Windows NT 6.1 SP1 x86_64) (WARNING: The server did not provide any stacktrace information)
Command duration or timeout: 2.27 seconds
For documentation on this error, please visit: http://seleniumhq.org/exceptions/invalid_selector_exception.html
Build info: version: '2.53.0', revision: '35ae25b1534ae328c771e0856c93e187490ca824', time: '2016-03-15 10:43:46'
System info: host: 'song-PC', ip: '192.168.12.104', os.name: 'Windows 7', os.arch: 'amd64', os.version: '6.1', java.version: '1.7.0_79'
*** Element info: {Using=xpath, value=/html/body/div[2]/aside[1]/div/section/div[1]/div[2]/p[1]}
Session ID: a1a940f819a639bdebe09dadb399b2e8
Driver info: org.openqa.selenium.chrome.ChromeDriver
Capabilities [{platform=XP, acceptSslCerts=true, javascriptEnabled=true, browserName=chrome, chrome={userDataDir=C:\Users\ADMINI~1\AppData\Local\Temp\scoped_dir7176_13315}, rotatable=false, locationContextEnabled=true, mobileEmulationEnabled=false, version=49.0.2623.87, takesHeapSnapshot=true, cssSelectorsEnabled=true, databaseEnabled=false, handlesAlerts=true, browserConnectionEnabled=false, webStorageEnabled=true, nativeEvents=true, hasTouchScreen=false, applicationCacheEnabled=false, takesScreenshot=true}]
	at sun.reflect.NativeConstructorAccessorImpl.newInstance0(Native Method)
	at sun.reflect.NativeConstructorAccessorImpl.newInstance(NativeConstructorAccessorImpl.java:57)
	at sun.reflect.DelegatingConstructorAccessorImpl.newInstance(DelegatingConstructorAccessorImpl.java:45)
	at java.lang.reflect.Constructor.newInstance(Constructor.java:526)
	at org.openqa.selenium.remote.ErrorHandler.createThrowable(ErrorHandler.java:206)
	at org.openqa.selenium.remote.ErrorHandler.throwIfResponseFailed(ErrorHandler.java:158)
	at org.openqa.selenium.remote.RemoteWebDriver.execute(RemoteWebDriver.java:678)
	at org.openqa.selenium.remote.RemoteWebDriver.findElement(RemoteWebDriver.java:363)
	at org.openqa.selenium.remote.RemoteWebDriver.findElementByXPath(RemoteWebDriver.java:500)
	at org.openqa.selenium.By$ByXPath.findElement(By.java:361)
	at org.openqa.selenium.remote.RemoteWebDriver.findElement(RemoteWebDriver.java:355)
	at sun.reflect.GeneratedMethodAccessor3.invoke(Unknown Source)
	at sun.reflect.DelegatingMethodAccessorImpl.invoke(DelegatingMethodAccessorImpl.java:43)
	at java.lang.reflect.Method.invoke(Method.java:606)
	at org.openqa.selenium.support.events.EventFiringWebDriver$2.invoke(EventFiringWebDriver.java:103)
	at com.sun.proxy.$Proxy11.findElement(Unknown Source)
	at org.openqa.selenium.support.events.EventFiringWebDriver.findElement(EventFiringWebDriver.java:188)
	at org.openqa.selenium.support.pagefactory.DefaultElementLocator.findElement(DefaultElementLocator.java:69)
	at org.openqa.selenium.support.pagefactory.internal.LocatingElementHandler.invoke(LocatingElementHandler.java:38)
	at com.sun.proxy.$Proxy13.getText(Unknown Source)
	at webtest.core.util.Wait.reFresh(Wait.java:26)
	at cases_ejj.LoginTest.login(LoginTest.java:25)
	at cases_ejj.HomeLinkTest.login(HomeLinkTest.java:39)
	at sun.reflect.NativeMethodAccessorImpl.invoke0(Native Method)
	at sun.reflect.NativeMethodAccessorImpl.invoke(NativeMethodAccessorImpl.java:57)
	at sun.reflect.DelegatingMethodAccessorImpl.invoke(DelegatingMethodAccessorImpl.java:43)
	at java.lang.reflect.Method.invoke(Method.java:606)
	at org.testng.internal.MethodInvocationHelper.invokeMethod(MethodInvocationHelper.java:84)
	at org.testng.internal.Invoker.invokeMethod(Invoker.java:714)
	at org.testng.internal.Invoker.invokeTestMethod(Invoker.java:901)
	at org.testng.internal.Invoker.invokeTestMethods(Invoker.java:1231)
	at org.testng.internal.TestMethodWorker.invokeTestMethods(TestMethodWorker.java:127)
	at org.testng.internal.TestMethodWorker.run(TestMethodWorker.java:111)
	at org.testng.TestRunner.privateRun(TestRunner.java:767)
	at org.testng.TestRunner.run(TestRunner.java:617)
	at org.testng.SuiteRunner.runTest(SuiteRunner.java:334)
	at org.testng.SuiteRunner.runSequentially(SuiteRunner.java:329)
	at org.testng.SuiteRunner.privateRun(SuiteRunner.java:291)
	at org.testng.SuiteRunner.run(SuiteRunner.java:240)
	at org.testng.SuiteRunnerWorker.runSuite(SuiteRunnerWorker.java:52)
	at org.testng.SuiteRunnerWorker.run(SuiteRunnerWorker.java:86)
	at org.testng.TestNG.runSuitesSequentially(TestNG.java:1224)
	at org.testng.TestNG.runSuitesLocally(TestNG.java:1149)
	at org.testng.TestNG.run(TestNG.java:1057)
	at org.testng.IDEARemoteTestNG.run(IDEARemoteTestNG.java:74)
	at org.testng.RemoteTestNGStarter.main(RemoteTestNGStarter.java:121)
	at sun.reflect.NativeMethodAccessorImpl.invoke0(Native Method)
	at sun.reflect.NativeMethodAccessorImpl.invoke(NativeMethodAccessorImpl.java:57)
	at sun.reflect.DelegatingMethodAccessorImpl.invoke(DelegatingMethodAccessorImpl.java:43)
	at java.lang.reflect.Method.invoke(Method.java:606)
	at com.intellij.rt.execution.application.AppMain.main(AppMain.java:144)
[INFO][2016-04-15 10:35:52]WebDriver navigating to:'http://101.200.2.207/'
[INFO][2016-04-15 10:35:56]WebDriver navigating to:'http://101.200.2.207/'
[INFO][2016-04-15 10:35:59]WebDriver navigating to:'http://101.200.2.207/'
[INFO][2016-04-15 10:36:02]WebDriver navigating to:'http://101.200.2.207/'
[INFO][2016-04-15 10:36:05]/\/\/\/\/\/\---TestCase = HomeLinkTest---/\/\/\/\/\/\
[INFO][2016-04-15 10:36:05]#####################################################
[INFO][2016-04-15 10:36:05]#####################################################
[INFO][2016-04-15 10:36:05]\/\/\/\/\/\/---TestCase = MakeOrder_Test---\/\/\/\/\/\/
[INFO][2016-04-15 10:36:06]WebDriver navigating to:'http://101.200.2.207/'
[INFO][2016-04-15 10:36:13]WebDriver changing value in element found By.id: loginform-username from '' to ''
[INFO][2016-04-15 10:36:13]WebDriver changing value in element found By.id: loginform-username from '' to 'admin'
[INFO][2016-04-15 10:36:13]WebDriver changing value in element found By.id: loginform-password from '' to ''
[INFO][2016-04-15 10:36:13]WebDriver changing value in element found By.id: loginform-password from '' to 'Test2016QA'
[INFO][2016-04-15 10:36:13]WebDriver clicking on:'xpath: //*[@id='list']/li[5]/button'
[INFO][2016-04-15 10:36:19]WebDriver changing value in element found By.id: order-order_customer_phone from '' to '18911704270'
[ERROR][2016-04-15 10:36:22]WebDriver error: Element not found By.xpath: //*[@id='order-address_id']/div[1]/div[1]/select
[INFO][2016-04-15 10:36:22]WebDriver clicking on:'xpath: //*[@id='order-address_id']/div[1]/button'
[INFO][2016-04-15 10:36:22]WebDriver changing value in element found By.xpath: //*[@id="order-address_id"]/div[1]/div[4]/input from '大悦城' to ''
[INFO][2016-04-15 10:36:23]WebDriver changing value in element found By.xpath: //*[@id="order-address_id"]/div[1]/div[4]/input from '' to '大悦城'
[INFO][2016-04-15 10:36:23]WebDriver clicking on:'xpath: //*[@id="order-address_id"]/div[1]/div[7]/button[1]'
[INFO][2016-04-15 10:36:23]WebDriver clicking on:'xpath: //*[@id='order-address_id']/div[1]/label[1]'
[INFO][2016-04-15 10:36:23]WebDriver clicking on:'xpath: //*[@id='order-order_service_item_id']/label[1]/input'
[INFO][2016-04-15 10:36:24]WebDriver changing value in element found By.id: order-orderbookeddate from '2016-04-15' to ''
[INFO][2016-04-15 10:36:24]WebDriver changing value in element found By.id: order-orderbookeddate from '' to '2016-4-16'
[INFO][2016-04-15 10:36:24]WebDriver clicking on:'xpath: //*[@id="order-order_booked_count"]/label[2]'
[INFO][2016-04-15 10:36:24]WebDriver clicking on:'xpath: //*[@id="order-order_booked_count"]/label[1]/input'
[INFO][2016-04-15 10:36:25]WebDriver clicking on:'xpath: //*[@id="order-orderbookedtimerange"]/label[1]/input'
[INFO][2016-04-15 10:36:26]WebDriver clicking on:'xpath: //*[@id='order-pay_channel_id']/label[2]/input'
[INFO][2016-04-15 10:36:26]WebDriver clicking on:'xpath: //*[@id='order-order_flag_sys_assign']/label[2]/input'
[INFO][2016-04-15 10:36:26]WebDriver clicking on:'id: submit_button_3'
[INFO][2016-04-15 10:36:29]/\/\/\/\/\/\---TestCase = MakeOrder_Test---/\/\/\/\/\/\
[INFO][2016-04-15 10:36:29]#####################################################
[INFO][2016-04-15 10:43:24]#####################################################
[INFO][2016-04-15 10:43:24]\/\/\/\/\/\/---TestCase = CancelOrderTest---\/\/\/\/\/\/
[INFO][2016-04-15 10:43:26]WebDriver navigating to:'http://101.200.2.207/'
[INFO][2016-04-15 10:43:34]WebDriver changing value in element found By.id: loginform-username from '' to ''
[INFO][2016-04-15 10:43:34]WebDriver changing value in element found By.id: loginform-username from '' to 'admin'
[INFO][2016-04-15 10:43:34]WebDriver changing value in element found By.id: loginform-password from '' to ''
[INFO][2016-04-15 10:43:34]WebDriver changing value in element found By.id: loginform-password from '' to 'Test2016QA'
[INFO][2016-04-15 10:43:34]WebDriver clicking on:'xpath: //*[@id='list']/li[5]/button'
[INFO][2016-04-15 10:43:42]/\/\/\/\/\/\---TestCase = CancelOrderTest---/\/\/\/\/\/\
[INFO][2016-04-15 10:43:42]#####################################################
[INFO][2016-04-15 15:12:33]#####################################################
[INFO][2016-04-15 15:12:33]\/\/\/\/\/\/---TestCase = LoginTest---\/\/\/\/\/\/
[INFO][2016-04-15 15:12:36]WebDriver navigating to:'http://101.200.2.207/'
[INFO][2016-04-15 15:12:45]WebDriver changing value in element found By.id: loginform-username from '' to ''
[INFO][2016-04-15 15:12:46]WebDriver changing value in element found By.id: loginform-username from '' to 'admin'
[INFO][2016-04-15 15:12:46]WebDriver changing value in element found By.id: loginform-password from '' to ''
[INFO][2016-04-15 15:12:46]WebDriver changing value in element found By.id: loginform-password from '' to 'Test2016QA'
[INFO][2016-04-15 15:12:46]WebDriver clicking on:'xpath: //*[@id='list']/li[5]/button'
[ERROR][2016-04-15 15:12:48]WebDriver error:
org.openqa.selenium.InvalidSelectorException: invalid selector: Unable to locate an element with the xpath expression /html/body/div[2]/aside[1]/div/section/div[1]/div[2]/p[1] because of the following error:
TypeError: Failed to execute 'createNSResolver' on 'Document': parameter 1 is not of type 'Node'.
  (Session info: chrome=49.0.2623.87)
  (Driver info: chromedriver=2.16.333243 (0bfa1d3575fc1044244f21ddb82bf870944ef961),platform=Windows NT 6.1 SP1 x86_64) (WARNING: The server did not provide any stacktrace information)
Command duration or timeout: 1.75 seconds
For documentation on this error, please visit: http://seleniumhq.org/exceptions/invalid_selector_exception.html
Build info: version: '2.53.0', revision: '35ae25b1534ae328c771e0856c93e187490ca824', time: '2016-03-15 10:43:46'
System info: host: 'song-PC', ip: '192.168.12.104', os.name: 'Windows 7', os.arch: 'amd64', os.version: '6.1', java.version: '1.7.0_79'
*** Element info: {Using=xpath, value=/html/body/div[2]/aside[1]/div/section/div[1]/div[2]/p[1]}
Session ID: cac4865f018d422de32ed4fce3226fa1
Driver info: org.openqa.selenium.chrome.ChromeDriver
Capabilities [{platform=XP, acceptSslCerts=true, javascriptEnabled=true, browserName=chrome, chrome={userDataDir=C:\Users\ADMINI~1\AppData\Local\Temp\scoped_dir5628_19161}, rotatable=false, locationContextEnabled=true, mobileEmulationEnabled=false, version=49.0.2623.87, takesHeapSnapshot=true, cssSelectorsEnabled=true, databaseEnabled=false, handlesAlerts=true, browserConnectionEnabled=false, webStorageEnabled=true, nativeEvents=true, hasTouchScreen=false, applicationCacheEnabled=false, takesScreenshot=true}]
	at sun.reflect.NativeConstructorAccessorImpl.newInstance0(Native Method)
	at sun.reflect.NativeConstructorAccessorImpl.newInstance(NativeConstructorAccessorImpl.java:57)
	at sun.reflect.DelegatingConstructorAccessorImpl.newInstance(DelegatingConstructorAccessorImpl.java:45)
	at java.lang.reflect.Constructor.newInstance(Constructor.java:526)
	at org.openqa.selenium.remote.ErrorHandler.createThrowable(ErrorHandler.java:206)
	at org.openqa.selenium.remote.ErrorHandler.throwIfResponseFailed(ErrorHandler.java:158)
	at org.openqa.selenium.remote.RemoteWebDriver.execute(RemoteWebDriver.java:678)
	at org.openqa.selenium.remote.RemoteWebDriver.findElement(RemoteWebDriver.java:363)
	at org.openqa.selenium.remote.RemoteWebDriver.findElementByXPath(RemoteWebDriver.java:500)
	at org.openqa.selenium.By$ByXPath.findElement(By.java:361)
	at org.openqa.selenium.remote.RemoteWebDriver.findElement(RemoteWebDriver.java:355)
	at sun.reflect.NativeMethodAccessorImpl.invoke0(Native Method)
	at sun.reflect.NativeMethodAccessorImpl.invoke(NativeMethodAccessorImpl.java:57)
	at sun.reflect.DelegatingMethodAccessorImpl.invoke(DelegatingMethodAccessorImpl.java:43)
	at java.lang.reflect.Method.invoke(Method.java:606)
	at org.openqa.selenium.support.events.EventFiringWebDriver$2.invoke(EventFiringWebDriver.java:103)
	at com.sun.proxy.$Proxy11.findElement(Unknown Source)
	at org.openqa.selenium.support.events.EventFiringWebDriver.findElement(EventFiringWebDriver.java:188)
	at org.openqa.selenium.support.pagefactory.DefaultElementLocator.findElement(DefaultElementLocator.java:69)
	at org.openqa.selenium.support.pagefactory.internal.LocatingElementHandler.invoke(LocatingElementHandler.java:38)
	at com.sun.proxy.$Proxy13.getText(Unknown Source)
	at webtest.core.util.Wait.reFresh(Wait.java:26)
	at cases_ejj.LoginTest.login(LoginTest.java:25)
	at sun.reflect.NativeMethodAccessorImpl.invoke0(Native Method)
	at sun.reflect.NativeMethodAccessorImpl.invoke(NativeMethodAccessorImpl.java:57)
	at sun.reflect.DelegatingMethodAccessorImpl.invoke(DelegatingMethodAccessorImpl.java:43)
	at java.lang.reflect.Method.invoke(Method.java:606)
	at org.testng.internal.MethodInvocationHelper.invokeMethod(MethodInvocationHelper.java:84)
	at org.testng.internal.Invoker.invokeMethod(Invoker.java:714)
	at org.testng.internal.Invoker.invokeTestMethod(Invoker.java:901)
	at org.testng.internal.Invoker.invokeTestMethods(Invoker.java:1231)
	at org.testng.internal.TestMethodWorker.invokeTestMethods(TestMethodWorker.java:127)
	at org.testng.internal.TestMethodWorker.run(TestMethodWorker.java:111)
	at org.testng.TestRunner.privateRun(TestRunner.java:767)
	at org.testng.TestRunner.run(TestRunner.java:617)
	at org.testng.SuiteRunner.runTest(SuiteRunner.java:334)
	at org.testng.SuiteRunner.runSequentially(SuiteRunner.java:329)
	at org.testng.SuiteRunner.privateRun(SuiteRunner.java:291)
	at org.testng.SuiteRunner.run(SuiteRunner.java:240)
	at org.testng.SuiteRunnerWorker.runSuite(SuiteRunnerWorker.java:52)
	at org.testng.SuiteRunnerWorker.run(SuiteRunnerWorker.java:86)
	at org.testng.TestNG.runSuitesSequentially(TestNG.java:1224)
	at org.testng.TestNG.runSuitesLocally(TestNG.java:1149)
	at org.testng.TestNG.run(TestNG.java:1057)
	at org.testng.IDEARemoteTestNG.run(IDEARemoteTestNG.java:74)
	at org.testng.RemoteTestNGStarter.main(RemoteTestNGStarter.java:121)
	at sun.reflect.NativeMethodAccessorImpl.invoke0(Native Method)
	at sun.reflect.NativeMethodAccessorImpl.invoke(NativeMethodAccessorImpl.java:57)
	at sun.reflect.DelegatingMethodAccessorImpl.invoke(DelegatingMethodAccessorImpl.java:43)
	at java.lang.reflect.Method.invoke(Method.java:606)
	at com.intellij.rt.execution.application.AppMain.main(AppMain.java:144)
[ERROR][2016-04-15 15:12:51]WebDriver error: Element not found By.xpath: /html/body/div[2]/aside[1]/div/section/div[1]/div[2]/p[1]
[ERROR][2016-04-15 15:12:54]WebDriver error: Element not found By.xpath: /html/body/div[2]/aside[1]/div/section/div[1]/div[2]/p[1]
[ERROR][2016-04-15 15:12:57]WebDriver error: Element not found By.xpath: /html/body/div[2]/aside[1]/div/section/div[1]/div[2]/p[1]
[ERROR][2016-04-15 15:13:00]WebDriver error: Element not found By.xpath: /html/body/div[2]/aside[1]/div/section/div[1]/div[2]/p[1]
[ERROR][2016-04-15 15:13:03]WebDriver error: Element not found By.xpath: /html/body/div[2]/aside[1]/div/section/div[1]/div[2]/p[1]
[ERROR][2016-04-15 15:13:06]WebDriver error: Element not found By.xpath: /html/body/div[2]/aside[1]/div/section/div[1]/div[2]/p[1]
[ERROR][2016-04-15 15:13:10]WebDriver error: Element not found By.xpath: /html/body/div[2]/aside[1]/div/section/div[1]/div[2]/p[1]
[ERROR][2016-04-15 15:13:13]WebDriver error: Element not found By.xpath: /html/body/div[2]/aside[1]/div/section/div[1]/div[2]/p[1]
[ERROR][2016-04-15 15:13:16]WebDriver error: Element not found By.xpath: /html/body/div[2]/aside[1]/div/section/div[1]/div[2]/p[1]
[ERROR][2016-04-15 15:13:19]WebDriver error: Element not found By.xpath: /html/body/div[2]/aside[1]/div/section/div[1]/div[2]/p[1]
[INFO][2016-04-15 15:13:22]WebDriver navigating to:'http://101.200.2.207/'
[INFO][2016-04-15 15:13:29]WebDriver changing value in element found By.id: loginform-username from '' to ''
[INFO][2016-04-15 15:13:29]WebDriver changing value in element found By.id: loginform-username from '' to 'admin'
[INFO][2016-04-15 15:13:29]WebDriver changing value in element found By.id: loginform-password from '' to ''
[INFO][2016-04-15 15:13:29]WebDriver changing value in element found By.id: loginform-password from '' to 'cuowumima'
[INFO][2016-04-15 15:13:29]WebDriver clicking on:'xpath: //*[@id='list']/li[5]/button'
[INFO][2016-04-15 15:13:30]/\/\/\/\/\/\---TestCase = LoginTest---/\/\/\/\/\/\
[INFO][2016-04-15 15:13:30]#####################################################
[INFO][2016-04-15 15:13:30]#####################################################
[INFO][2016-04-15 15:13:30]\/\/\/\/\/\/---TestCase = HomeLinkTest---\/\/\/\/\/\/
[INFO][2016-04-15 15:13:32]WebDriver navigating to:'http://101.200.2.207/'
[INFO][2016-04-15 15:13:38]WebDriver changing value in element found By.id: loginform-username from '' to ''
[INFO][2016-04-15 15:13:38]WebDriver changing value in element found By.id: loginform-username from '' to 'admin'
[INFO][2016-04-15 15:13:38]WebDriver changing value in element found By.id: loginform-password from '' to ''
[INFO][2016-04-15 15:13:38]WebDriver changing value in element found By.id: loginform-password from '' to 'Test2016QA'
[INFO][2016-04-15 15:13:38]WebDriver clicking on:'xpath: //*[@id='list']/li[5]/button'
[ERROR][2016-04-15 15:13:41]WebDriver error: Element not found By.xpath: /html/body/div[2]/aside[1]/div/section/div[1]/div[2]/p[1]
[ERROR][2016-04-15 15:13:45]WebDriver error: Element not found By.xpath: /html/body/div[2]/aside[1]/div/section/div[1]/div[2]/p[1]
[ERROR][2016-04-15 15:13:48]WebDriver error: Element not found By.xpath: /html/body/div[2]/aside[1]/div/section/div[1]/div[2]/p[1]
[ERROR][2016-04-15 15:13:51]WebDriver error: Element not found By.xpath: /html/body/div[2]/aside[1]/div/section/div[1]/div[2]/p[1]
[ERROR][2016-04-15 15:13:54]WebDriver error: Element not found By.xpath: /html/body/div[2]/aside[1]/div/section/div[1]/div[2]/p[1]
[ERROR][2016-04-15 15:13:57]WebDriver error: Element not found By.xpath: /html/body/div[2]/aside[1]/div/section/div[1]/div[2]/p[1]
[ERROR][2016-04-15 15:14:00]WebDriver error: Element not found By.xpath: /html/body/div[2]/aside[1]/div/section/div[1]/div[2]/p[1]
[ERROR][2016-04-15 15:14:03]WebDriver error: Element not found By.xpath: /html/body/div[2]/aside[1]/div/section/div[1]/div[2]/p[1]
[ERROR][2016-04-15 15:14:07]WebDriver error: Element not found By.xpath: /html/body/div[2]/aside[1]/div/section/div[1]/div[2]/p[1]
[ERROR][2016-04-15 15:14:10]WebDriver error: Element not found By.xpath: /html/body/div[2]/aside[1]/div/section/div[1]/div[2]/p[1]
[ERROR][2016-04-15 15:14:13]WebDriver error: Element not found By.xpath: /html/body/div[2]/aside[1]/div/section/div[1]/div[2]/p[1]
[INFO][2016-04-15 15:14:13]WebDriver navigating to:'http://101.200.2.207/'
[INFO][2016-04-15 15:14:18]WebDriver navigating to:'http://101.200.2.207/'
[INFO][2016-04-15 15:14:20]WebDriver navigating to:'http://101.200.2.207/'
[INFO][2016-04-15 15:14:24]WebDriver navigating to:'http://101.200.2.207/'
[INFO][2016-04-15 15:14:27]/\/\/\/\/\/\---TestCase = HomeLinkTest---/\/\/\/\/\/\
[INFO][2016-04-15 15:14:27]#####################################################
[INFO][2016-04-15 15:14:27]#####################################################
[INFO][2016-04-15 15:14:27]\/\/\/\/\/\/---TestCase = MakeOrder_Test---\/\/\/\/\/\/
[INFO][2016-04-15 15:14:29]WebDriver navigating to:'http://101.200.2.207/'
[INFO][2016-04-15 15:14:36]WebDriver changing value in element found By.id: loginform-username from '' to ''
[INFO][2016-04-15 15:14:36]WebDriver changing value in element found By.id: loginform-username from '' to 'admin'
[INFO][2016-04-15 15:14:36]WebDriver changing value in element found By.id: loginform-password from '' to ''
[INFO][2016-04-15 15:14:36]WebDriver changing value in element found By.id: loginform-password from '' to 'Test2016QA'
[INFO][2016-04-15 15:14:36]WebDriver clicking on:'xpath: //*[@id='list']/li[5]/button'
[ERROR][2016-04-15 15:14:39]WebDriver error: Element not found By.xpath: /html/body/div[2]/aside[1]/div/section/div[1]/div[2]/p[1]
[ERROR][2016-04-15 15:14:43]WebDriver error: Element not found By.xpath: /html/body/div[2]/aside[1]/div/section/div[1]/div[2]/p[1]
[ERROR][2016-04-15 15:14:46]WebDriver error: Element not found By.xpath: /html/body/div[2]/aside[1]/div/section/div[1]/div[2]/p[1]
[ERROR][2016-04-15 15:14:49]WebDriver error: Element not found By.xpath: /html/body/div[2]/aside[1]/div/section/div[1]/div[2]/p[1]
[ERROR][2016-04-15 15:14:52]WebDriver error: Element not found By.xpath: /html/body/div[2]/aside[1]/div/section/div[1]/div[2]/p[1]
[ERROR][2016-04-15 15:14:55]WebDriver error: Element not found By.xpath: /html/body/div[2]/aside[1]/div/section/div[1]/div[2]/p[1]
[ERROR][2016-04-15 15:14:58]WebDriver error: Element not found By.xpath: /html/body/div[2]/aside[1]/div/section/div[1]/div[2]/p[1]
[ERROR][2016-04-15 15:15:01]WebDriver error: Element not found By.xpath: /html/body/div[2]/aside[1]/div/section/div[1]/div[2]/p[1]
[ERROR][2016-04-15 15:15:05]WebDriver error: Element not found By.xpath: /html/body/div[2]/aside[1]/div/section/div[1]/div[2]/p[1]
[ERROR][2016-04-15 15:15:08]WebDriver error: Element not found By.xpath: /html/body/div[2]/aside[1]/div/section/div[1]/div[2]/p[1]
[ERROR][2016-04-15 15:15:11]WebDriver error: Element not found By.xpath: /html/body/div[2]/aside[1]/div/section/div[1]/div[2]/p[1]
[INFO][2016-04-15 15:15:11]/\/\/\/\/\/\---TestCase = MakeOrder_Test---/\/\/\/\/\/\
[INFO][2016-04-15 15:15:11]#####################################################
[INFO][2016-04-15 15:15:11]#####################################################
[INFO][2016-04-15 15:15:11]\/\/\/\/\/\/---TestCase = CancelOrderTest---\/\/\/\/\/\/
[INFO][2016-04-15 15:15:11]WebDriver navigating to:'http://101.200.2.207/'
[ERROR][2016-04-15 15:15:15]WebDriver error: Element not found By.id: loginform-username
[INFO][2016-04-15 15:15:15]/\/\/\/\/\/\---TestCase = CancelOrderTest---/\/\/\/\/\/\
[INFO][2016-04-15 15:15:15]#####################################################
[INFO][2016-04-15 15:16:44]#####################################################
[INFO][2016-04-15 15:16:44]\/\/\/\/\/\/---TestCase = LoginTest---\/\/\/\/\/\/
[INFO][2016-04-15 15:16:46]WebDriver navigating to:'http://101.200.2.207/'
[INFO][2016-04-15 15:16:54]WebDriver changing value in element found By.id: loginform-username from '' to ''
[INFO][2016-04-15 15:16:54]WebDriver changing value in element found By.id: loginform-username from '' to 'admin'
[INFO][2016-04-15 15:16:54]WebDriver changing value in element found By.id: loginform-password from '' to ''
[INFO][2016-04-15 15:16:54]WebDriver changing value in element found By.id: loginform-password from '' to 'Test2016QA'
[INFO][2016-04-15 15:16:54]WebDriver clicking on:'xpath: //*[@id='list']/li[5]/button'
[ERROR][2016-04-15 15:16:57]WebDriver error:
org.openqa.selenium.InvalidSelectorException: invalid selector: Unable to locate an element with the xpath expression /html/body/div[2]/aside[1]/div/section/div[1]/div[2]/p[1] because of the following error:
TypeError: Failed to execute 'createNSResolver' on 'Document': parameter 1 is not of type 'Node'.
  (Session info: chrome=49.0.2623.87)
  (Driver info: chromedriver=2.16.333243 (0bfa1d3575fc1044244f21ddb82bf870944ef961),platform=Windows NT 6.1 SP1 x86_64) (WARNING: The server did not provide any stacktrace information)
Command duration or timeout: 2.63 seconds
For documentation on this error, please visit: http://seleniumhq.org/exceptions/invalid_selector_exception.html
Build info: version: '2.53.0', revision: '35ae25b1534ae328c771e0856c93e187490ca824', time: '2016-03-15 10:43:46'
System info: host: 'song-PC', ip: '192.168.12.104', os.name: 'Windows 7', os.arch: 'amd64', os.version: '6.1', java.version: '1.7.0_79'
*** Element info: {Using=xpath, value=/html/body/div[2]/aside[1]/div/section/div[1]/div[2]/p[1]}
Session ID: 2b0f8217c5b3ad06e4b8f49c19cea26c
Driver info: org.openqa.selenium.chrome.ChromeDriver
Capabilities [{platform=XP, acceptSslCerts=true, javascriptEnabled=true, browserName=chrome, chrome={userDataDir=C:\Users\ADMINI~1\AppData\Local\Temp\scoped_dir6020_21477}, rotatable=false, locationContextEnabled=true, mobileEmulationEnabled=false, version=49.0.2623.87, takesHeapSnapshot=true, cssSelectorsEnabled=true, databaseEnabled=false, handlesAlerts=true, browserConnectionEnabled=false, webStorageEnabled=true, nativeEvents=true, hasTouchScreen=false, applicationCacheEnabled=false, takesScreenshot=true}]
	at sun.reflect.NativeConstructorAccessorImpl.newInstance0(Native Method)
	at sun.reflect.NativeConstructorAccessorImpl.newInstance(NativeConstructorAccessorImpl.java:57)
	at sun.reflect.DelegatingConstructorAccessorImpl.newInstance(DelegatingConstructorAccessorImpl.java:45)
	at java.lang.reflect.Constructor.newInstance(Constructor.java:526)
	at org.openqa.selenium.remote.ErrorHandler.createThrowable(ErrorHandler.java:206)
	at org.openqa.selenium.remote.ErrorHandler.throwIfResponseFailed(ErrorHandler.java:158)
	at org.openqa.selenium.remote.RemoteWebDriver.execute(RemoteWebDriver.java:678)
	at org.openqa.selenium.remote.RemoteWebDriver.findElement(RemoteWebDriver.java:363)
	at org.openqa.selenium.remote.RemoteWebDriver.findElementByXPath(RemoteWebDriver.java:500)
	at org.openqa.selenium.By$ByXPath.findElement(By.java:361)
	at org.openqa.selenium.remote.RemoteWebDriver.findElement(RemoteWebDriver.java:355)
	at sun.reflect.NativeMethodAccessorImpl.invoke0(Native Method)
	at sun.reflect.NativeMethodAccessorImpl.invoke(NativeMethodAccessorImpl.java:57)
	at sun.reflect.DelegatingMethodAccessorImpl.invoke(DelegatingMethodAccessorImpl.java:43)
	at java.lang.reflect.Method.invoke(Method.java:606)
	at org.openqa.selenium.support.events.EventFiringWebDriver$2.invoke(EventFiringWebDriver.java:103)
	at com.sun.proxy.$Proxy11.findElement(Unknown Source)
	at org.openqa.selenium.support.events.EventFiringWebDriver.findElement(EventFiringWebDriver.java:188)
	at org.openqa.selenium.support.pagefactory.DefaultElementLocator.findElement(DefaultElementLocator.java:69)
	at org.openqa.selenium.support.pagefactory.internal.LocatingElementHandler.invoke(LocatingElementHandler.java:38)
	at com.sun.proxy.$Proxy13.getText(Unknown Source)
	at webtest.core.util.Wait.reFresh(Wait.java:26)
	at cases_ejj.LoginTest.login(LoginTest.java:25)
	at sun.reflect.NativeMethodAccessorImpl.invoke0(Native Method)
	at sun.reflect.NativeMethodAccessorImpl.invoke(NativeMethodAccessorImpl.java:57)
	at sun.reflect.DelegatingMethodAccessorImpl.invoke(DelegatingMethodAccessorImpl.java:43)
	at java.lang.reflect.Method.invoke(Method.java:606)
	at org.testng.internal.MethodInvocationHelper.invokeMethod(MethodInvocationHelper.java:84)
	at org.testng.internal.Invoker.invokeMethod(Invoker.java:714)
	at org.testng.internal.Invoker.invokeTestMethod(Invoker.java:901)
	at org.testng.internal.Invoker.invokeTestMethods(Invoker.java:1231)
	at org.testng.internal.TestMethodWorker.invokeTestMethods(TestMethodWorker.java:127)
	at org.testng.internal.TestMethodWorker.run(TestMethodWorker.java:111)
	at org.testng.TestRunner.privateRun(TestRunner.java:767)
	at org.testng.TestRunner.run(TestRunner.java:617)
	at org.testng.SuiteRunner.runTest(SuiteRunner.java:334)
	at org.testng.SuiteRunner.runSequentially(SuiteRunner.java:329)
	at org.testng.SuiteRunner.privateRun(SuiteRunner.java:291)
	at org.testng.SuiteRunner.run(SuiteRunner.java:240)
	at org.testng.SuiteRunnerWorker.runSuite(SuiteRunnerWorker.java:52)
	at org.testng.SuiteRunnerWorker.run(SuiteRunnerWorker.java:86)
	at org.testng.TestNG.runSuitesSequentially(TestNG.java:1224)
	at org.testng.TestNG.runSuitesLocally(TestNG.java:1149)
	at org.testng.TestNG.run(TestNG.java:1057)
	at org.testng.IDEARemoteTestNG.run(IDEARemoteTestNG.java:74)
	at org.testng.RemoteTestNGStarter.main(RemoteTestNGStarter.java:121)
	at sun.reflect.NativeMethodAccessorImpl.invoke0(Native Method)
	at sun.reflect.NativeMethodAccessorImpl.invoke(NativeMethodAccessorImpl.java:57)
	at sun.reflect.DelegatingMethodAccessorImpl.invoke(DelegatingMethodAccessorImpl.java:43)
	at java.lang.reflect.Method.invoke(Method.java:606)
	at com.intellij.rt.execution.application.AppMain.main(AppMain.java:144)
[INFO][2016-04-15 15:17:01]WebDriver navigating to:'http://101.200.2.207/'
[INFO][2016-04-15 15:17:07]WebDriver changing value in element found By.id: loginform-username from '' to ''
[INFO][2016-04-15 15:17:07]WebDriver changing value in element found By.id: loginform-username from '' to 'admin'
[INFO][2016-04-15 15:17:07]WebDriver changing value in element found By.id: loginform-password from '' to ''
[INFO][2016-04-15 15:17:07]WebDriver changing value in element found By.id: loginform-password from '' to 'cuowumima'
[INFO][2016-04-15 15:17:07]WebDriver clicking on:'xpath: //*[@id='list']/li[5]/button'
[INFO][2016-04-15 15:17:08]/\/\/\/\/\/\---TestCase = LoginTest---/\/\/\/\/\/\
[INFO][2016-04-15 15:17:08]#####################################################
[INFO][2016-04-15 15:17:44]#####################################################
[INFO][2016-04-15 15:17:44]\/\/\/\/\/\/---TestCase = LoginTest---\/\/\/\/\/\/
[INFO][2016-04-15 15:17:47]WebDriver navigating to:'http://101.200.2.207/'
[INFO][2016-04-15 15:17:57]WebDriver changing value in element found By.id: loginform-username from '' to ''
[INFO][2016-04-15 15:17:58]WebDriver changing value in element found By.id: loginform-username from '' to 'admin'
[INFO][2016-04-15 15:17:58]WebDriver changing value in element found By.id: loginform-password from '' to ''
[INFO][2016-04-15 15:17:58]WebDriver changing value in element found By.id: loginform-password from '' to 'Test2016QA'
[INFO][2016-04-15 15:17:58]WebDriver clicking on:'xpath: //*[@id='list']/li[5]/button'
[INFO][2016-04-15 15:18:04]WebDriver navigating to:'http://101.200.2.207/'
[INFO][2016-04-15 15:18:15]WebDriver changing value in element found By.id: loginform-username from '' to ''
[INFO][2016-04-15 15:18:15]WebDriver changing value in element found By.id: loginform-username from '' to 'admin'
[INFO][2016-04-15 15:18:15]WebDriver changing value in element found By.id: loginform-password from '' to ''
[INFO][2016-04-15 15:18:15]WebDriver changing value in element found By.id: loginform-password from '' to 'cuowumima'
[INFO][2016-04-15 15:18:15]WebDriver clicking on:'xpath: //*[@id='list']/li[5]/button'
[INFO][2016-04-15 15:18:16]/\/\/\/\/\/\---TestCase = LoginTest---/\/\/\/\/\/\
[INFO][2016-04-15 15:18:16]#####################################################
[INFO][2016-04-15 15:18:16]#####################################################
[INFO][2016-04-15 15:18:16]\/\/\/\/\/\/---TestCase = HomeLinkTest---\/\/\/\/\/\/
[INFO][2016-04-15 15:18:17]WebDriver navigating to:'http://101.200.2.207/'
[INFO][2016-04-15 15:18:23]WebDriver changing value in element found By.id: loginform-username from '' to ''
[INFO][2016-04-15 15:18:23]WebDriver changing value in element found By.id: loginform-username from '' to 'admin'
[INFO][2016-04-15 15:18:24]WebDriver changing value in element found By.id: loginform-password from '' to ''
[INFO][2016-04-15 15:18:24]WebDriver changing value in element found By.id: loginform-password from '' to 'Test2016QA'
[INFO][2016-04-15 15:18:24]WebDriver clicking on:'xpath: //*[@id='list']/li[5]/button'
[ERROR][2016-04-15 15:18:26]WebDriver error:
org.openqa.selenium.InvalidSelectorException: invalid selector: Unable to locate an element with the xpath expression /html/body/div[2]/aside[1]/div/section/div[1]/div[2]/p[1] because of the following error:
TypeError: Failed to execute 'createNSResolver' on 'Document': parameter 1 is not of type 'Node'.
  (Session info: chrome=49.0.2623.87)
  (Driver info: chromedriver=2.16.333243 (0bfa1d3575fc1044244f21ddb82bf870944ef961),platform=Windows NT 6.1 SP1 x86_64) (WARNING: The server did not provide any stacktrace information)
Command duration or timeout: 2.12 seconds
For documentation on this error, please visit: http://seleniumhq.org/exceptions/invalid_selector_exception.html
Build info: version: '2.53.0', revision: '35ae25b1534ae328c771e0856c93e187490ca824', time: '2016-03-15 10:43:46'
System info: host: 'song-PC', ip: '192.168.12.104', os.name: 'Windows 7', os.arch: 'amd64', os.version: '6.1', java.version: '1.7.0_79'
*** Element info: {Using=xpath, value=/html/body/div[2]/aside[1]/div/section/div[1]/div[2]/p[1]}
Session ID: cb8d479e1ec8965f2530ac4d1fcbbe8c
Driver info: org.openqa.selenium.chrome.ChromeDriver
Capabilities [{platform=XP, acceptSslCerts=true, javascriptEnabled=true, browserName=chrome, chrome={userDataDir=C:\Users\ADMINI~1\AppData\Local\Temp\scoped_dir8416_24086}, rotatable=false, locationContextEnabled=true, mobileEmulationEnabled=false, version=49.0.2623.87, takesHeapSnapshot=true, cssSelectorsEnabled=true, databaseEnabled=false, handlesAlerts=true, browserConnectionEnabled=false, webStorageEnabled=true, nativeEvents=true, hasTouchScreen=false, applicationCacheEnabled=false, takesScreenshot=true}]
	at sun.reflect.NativeConstructorAccessorImpl.newInstance0(Native Method)
	at sun.reflect.NativeConstructorAccessorImpl.newInstance(NativeConstructorAccessorImpl.java:57)
	at sun.reflect.DelegatingConstructorAccessorImpl.newInstance(DelegatingConstructorAccessorImpl.java:45)
	at java.lang.reflect.Constructor.newInstance(Constructor.java:526)
	at org.openqa.selenium.remote.ErrorHandler.createThrowable(ErrorHandler.java:206)
	at org.openqa.selenium.remote.ErrorHandler.throwIfResponseFailed(ErrorHandler.java:158)
	at org.openqa.selenium.remote.RemoteWebDriver.execute(RemoteWebDriver.java:678)
	at org.openqa.selenium.remote.RemoteWebDriver.findElement(RemoteWebDriver.java:363)
	at org.openqa.selenium.remote.RemoteWebDriver.findElementByXPath(RemoteWebDriver.java:500)
	at org.openqa.selenium.By$ByXPath.findElement(By.java:361)
	at org.openqa.selenium.remote.RemoteWebDriver.findElement(RemoteWebDriver.java:355)
	at sun.reflect.GeneratedMethodAccessor3.invoke(Unknown Source)
	at sun.reflect.DelegatingMethodAccessorImpl.invoke(DelegatingMethodAccessorImpl.java:43)
	at java.lang.reflect.Method.invoke(Method.java:606)
	at org.openqa.selenium.support.events.EventFiringWebDriver$2.invoke(EventFiringWebDriver.java:103)
	at com.sun.proxy.$Proxy11.findElement(Unknown Source)
	at org.openqa.selenium.support.events.EventFiringWebDriver.findElement(EventFiringWebDriver.java:188)
	at org.openqa.selenium.support.pagefactory.DefaultElementLocator.findElement(DefaultElementLocator.java:69)
	at org.openqa.selenium.support.pagefactory.internal.LocatingElementHandler.invoke(LocatingElementHandler.java:38)
	at com.sun.proxy.$Proxy13.getText(Unknown Source)
	at webtest.core.util.Wait.reFresh(Wait.java:26)
	at cases_ejj.LoginTest.login(LoginTest.java:25)
	at cases_ejj.HomeLinkTest.login(HomeLinkTest.java:39)
	at sun.reflect.NativeMethodAccessorImpl.invoke0(Native Method)
	at sun.reflect.NativeMethodAccessorImpl.invoke(NativeMethodAccessorImpl.java:57)
	at sun.reflect.DelegatingMethodAccessorImpl.invoke(DelegatingMethodAccessorImpl.java:43)
	at java.lang.reflect.Method.invoke(Method.java:606)
	at org.testng.internal.MethodInvocationHelper.invokeMethod(MethodInvocationHelper.java:84)
	at org.testng.internal.Invoker.invokeMethod(Invoker.java:714)
	at org.testng.internal.Invoker.invokeTestMethod(Invoker.java:901)
	at org.testng.internal.Invoker.invokeTestMethods(Invoker.java:1231)
	at org.testng.internal.TestMethodWorker.invokeTestMethods(TestMethodWorker.java:127)
	at org.testng.internal.TestMethodWorker.run(TestMethodWorker.java:111)
	at org.testng.TestRunner.privateRun(TestRunner.java:767)
	at org.testng.TestRunner.run(TestRunner.java:617)
	at org.testng.SuiteRunner.runTest(SuiteRunner.java:334)
	at org.testng.SuiteRunner.runSequentially(SuiteRunner.java:329)
	at org.testng.SuiteRunner.privateRun(SuiteRunner.java:291)
	at org.testng.SuiteRunner.run(SuiteRunner.java:240)
	at org.testng.SuiteRunnerWorker.runSuite(SuiteRunnerWorker.java:52)
	at org.testng.SuiteRunnerWorker.run(SuiteRunnerWorker.java:86)
	at org.testng.TestNG.runSuitesSequentially(TestNG.java:1224)
	at org.testng.TestNG.runSuitesLocally(TestNG.java:1149)
	at org.testng.TestNG.run(TestNG.java:1057)
	at org.testng.IDEARemoteTestNG.run(IDEARemoteTestNG.java:74)
	at org.testng.RemoteTestNGStarter.main(RemoteTestNGStarter.java:121)
	at sun.reflect.NativeMethodAccessorImpl.invoke0(Native Method)
	at sun.reflect.NativeMethodAccessorImpl.invoke(NativeMethodAccessorImpl.java:57)
	at sun.reflect.DelegatingMethodAccessorImpl.invoke(DelegatingMethodAccessorImpl.java:43)
	at java.lang.reflect.Method.invoke(Method.java:606)
	at com.intellij.rt.execution.application.AppMain.main(AppMain.java:144)
[INFO][2016-04-15 15:18:27]WebDriver navigating to:'http://101.200.2.207/'
[INFO][2016-04-15 15:18:31]WebDriver navigating to:'http://101.200.2.207/'
[INFO][2016-04-15 15:18:33]WebDriver navigating to:'http://101.200.2.207/'
[INFO][2016-04-15 15:18:37]WebDriver navigating to:'http://101.200.2.207/'
[INFO][2016-04-15 15:18:39]/\/\/\/\/\/\---TestCase = HomeLinkTest---/\/\/\/\/\/\
[INFO][2016-04-15 15:18:39]#####################################################
[INFO][2016-04-15 15:18:39]#####################################################
[INFO][2016-04-15 15:18:39]\/\/\/\/\/\/---TestCase = MakeOrder_Test---\/\/\/\/\/\/
[INFO][2016-04-15 15:18:41]WebDriver navigating to:'http://101.200.2.207/'
[INFO][2016-04-15 15:18:47]WebDriver changing value in element found By.id: loginform-username from '' to ''
[INFO][2016-04-15 15:18:47]WebDriver changing value in element found By.id: loginform-username from '' to 'admin'
[INFO][2016-04-15 15:18:47]WebDriver changing value in element found By.id: loginform-password from '' to ''
[INFO][2016-04-15 15:18:47]WebDriver changing value in element found By.id: loginform-password from '' to 'Test2016QA'
[INFO][2016-04-15 15:18:47]WebDriver clicking on:'xpath: //*[@id='list']/li[5]/button'
[ERROR][2016-04-15 15:18:50]WebDriver error:
org.openqa.selenium.InvalidSelectorException: invalid selector: Unable to locate an element with the xpath expression /html/body/div[2]/aside[1]/div/section/div[1]/div[2]/p[1] because of the following error:
TypeError: Failed to execute 'createNSResolver' on 'Document': parameter 1 is not of type 'Node'.
  (Session info: chrome=49.0.2623.87)
  (Driver info: chromedriver=2.16.333243 (0bfa1d3575fc1044244f21ddb82bf870944ef961),platform=Windows NT 6.1 SP1 x86_64) (WARNING: The server did not provide any stacktrace information)
Command duration or timeout: 2.86 seconds
For documentation on this error, please visit: http://seleniumhq.org/exceptions/invalid_selector_exception.html
Build info: version: '2.53.0', revision: '35ae25b1534ae328c771e0856c93e187490ca824', time: '2016-03-15 10:43:46'
System info: host: 'song-PC', ip: '192.168.12.104', os.name: 'Windows 7', os.arch: 'amd64', os.version: '6.1', java.version: '1.7.0_79'
*** Element info: {Using=xpath, value=/html/body/div[2]/aside[1]/div/section/div[1]/div[2]/p[1]}
Session ID: 2d5ecad5753b30ad01533c2b62d90571
Driver info: org.openqa.selenium.chrome.ChromeDriver
Capabilities [{platform=XP, acceptSslCerts=true, javascriptEnabled=true, browserName=chrome, chrome={userDataDir=C:\Users\ADMINI~1\AppData\Local\Temp\scoped_dir1152_22629}, rotatable=false, locationContextEnabled=true, mobileEmulationEnabled=false, version=49.0.2623.87, takesHeapSnapshot=true, cssSelectorsEnabled=true, databaseEnabled=false, handlesAlerts=true, browserConnectionEnabled=false, webStorageEnabled=true, nativeEvents=true, hasTouchScreen=false, applicationCacheEnabled=false, takesScreenshot=true}]
	at sun.reflect.NativeConstructorAccessorImpl.newInstance0(Native Method)
	at sun.reflect.NativeConstructorAccessorImpl.newInstance(NativeConstructorAccessorImpl.java:57)
	at sun.reflect.DelegatingConstructorAccessorImpl.newInstance(DelegatingConstructorAccessorImpl.java:45)
	at java.lang.reflect.Constructor.newInstance(Constructor.java:526)
	at org.openqa.selenium.remote.ErrorHandler.createThrowable(ErrorHandler.java:206)
	at org.openqa.selenium.remote.ErrorHandler.throwIfResponseFailed(ErrorHandler.java:158)
	at org.openqa.selenium.remote.RemoteWebDriver.execute(RemoteWebDriver.java:678)
	at org.openqa.selenium.remote.RemoteWebDriver.findElement(RemoteWebDriver.java:363)
	at org.openqa.selenium.remote.RemoteWebDriver.findElementByXPath(RemoteWebDriver.java:500)
	at org.openqa.selenium.By$ByXPath.findElement(By.java:361)
	at org.openqa.selenium.remote.RemoteWebDriver.findElement(RemoteWebDriver.java:355)
	at sun.reflect.GeneratedMethodAccessor3.invoke(Unknown Source)
	at sun.reflect.DelegatingMethodAccessorImpl.invoke(DelegatingMethodAccessorImpl.java:43)
	at java.lang.reflect.Method.invoke(Method.java:606)
	at org.openqa.selenium.support.events.EventFiringWebDriver$2.invoke(EventFiringWebDriver.java:103)
	at com.sun.proxy.$Proxy11.findElement(Unknown Source)
	at org.openqa.selenium.support.events.EventFiringWebDriver.findElement(EventFiringWebDriver.java:188)
	at org.openqa.selenium.support.pagefactory.DefaultElementLocator.findElement(DefaultElementLocator.java:69)
	at org.openqa.selenium.support.pagefactory.internal.LocatingElementHandler.invoke(LocatingElementHandler.java:38)
	at com.sun.proxy.$Proxy13.getText(Unknown Source)
	at webtest.core.util.Wait.reFresh(Wait.java:26)
	at cases_ejj.LoginTest.login(LoginTest.java:25)
	at cases_ejj.dingdan.MakeOrder_Test.beforeMethod(MakeOrder_Test.java:51)
	at sun.reflect.NativeMethodAccessorImpl.invoke0(Native Method)
	at sun.reflect.NativeMethodAccessorImpl.invoke(NativeMethodAccessorImpl.java:57)
	at sun.reflect.DelegatingMethodAccessorImpl.invoke(DelegatingMethodAccessorImpl.java:43)
	at java.lang.reflect.Method.invoke(Method.java:606)
	at org.testng.internal.MethodInvocationHelper.invokeMethod(MethodInvocationHelper.java:84)
	at org.testng.internal.Invoker.invokeConfigurationMethod(Invoker.java:564)
	at org.testng.internal.Invoker.invokeConfigurations(Invoker.java:213)
	at org.testng.internal.Invoker.invokeMethod(Invoker.java:653)
	at org.testng.internal.Invoker.invokeTestMethod(Invoker.java:901)
	at org.testng.internal.Invoker.invokeTestMethods(Invoker.java:1231)
	at org.testng.internal.TestMethodWorker.invokeTestMethods(TestMethodWorker.java:127)
	at org.testng.internal.TestMethodWorker.run(TestMethodWorker.java:111)
	at org.testng.TestRunner.privateRun(TestRunner.java:767)
	at org.testng.TestRunner.run(TestRunner.java:617)
	at org.testng.SuiteRunner.runTest(SuiteRunner.java:334)
	at org.testng.SuiteRunner.runSequentially(SuiteRunner.java:329)
	at org.testng.SuiteRunner.privateRun(SuiteRunner.java:291)
	at org.testng.SuiteRunner.run(SuiteRunner.java:240)
	at org.testng.SuiteRunnerWorker.runSuite(SuiteRunnerWorker.java:52)
	at org.testng.SuiteRunnerWorker.run(SuiteRunnerWorker.java:86)
	at org.testng.TestNG.runSuitesSequentially(TestNG.java:1224)
	at org.testng.TestNG.runSuitesLocally(TestNG.java:1149)
	at org.testng.TestNG.run(TestNG.java:1057)
	at org.testng.IDEARemoteTestNG.run(IDEARemoteTestNG.java:74)
	at org.testng.RemoteTestNGStarter.main(RemoteTestNGStarter.java:121)
	at sun.reflect.NativeMethodAccessorImpl.invoke0(Native Method)
	at sun.reflect.NativeMethodAccessorImpl.invoke(NativeMethodAccessorImpl.java:57)
	at sun.reflect.DelegatingMethodAccessorImpl.invoke(DelegatingMethodAccessorImpl.java:43)
	at java.lang.reflect.Method.invoke(Method.java:606)
	at com.intellij.rt.execution.application.AppMain.main(AppMain.java:144)
[INFO][2016-04-15 15:18:54]WebDriver changing value in element found By.id: order-order_customer_phone from '' to '18911704270'
[ERROR][2016-04-15 15:18:57]WebDriver error: Element not found By.xpath: //*[@id='order-address_id']/div[1]/div[1]/select
[INFO][2016-04-15 15:18:57]WebDriver clicking on:'xpath: //*[@id='order-address_id']/div[1]/button'
[INFO][2016-04-15 15:18:57]WebDriver changing value in element found By.xpath: //*[@id="order-address_id"]/div[1]/div[4]/input from '大悦城' to ''
[INFO][2016-04-15 15:18:57]WebDriver changing value in element found By.xpath: //*[@id="order-address_id"]/div[1]/div[4]/input from '' to '大悦城'
[INFO][2016-04-15 15:18:57]WebDriver clicking on:'xpath: //*[@id="order-address_id"]/div[1]/div[7]/button[1]'
[INFO][2016-04-15 15:18:58]WebDriver clicking on:'xpath: //*[@id='order-address_id']/div[1]/label[1]'
[INFO][2016-04-15 15:18:58]WebDriver clicking on:'xpath: //*[@id='order-order_service_item_id']/label[1]/input'
[INFO][2016-04-15 15:18:58]WebDriver changing value in element found By.id: order-orderbookeddate from '2016-04-15' to ''
[INFO][2016-04-15 15:18:58]WebDriver changing value in element found By.id: order-orderbookeddate from '' to '2016-4-16'
[INFO][2016-04-15 15:18:58]WebDriver clicking on:'xpath: //*[@id="order-order_booked_count"]/label[2]'
[INFO][2016-04-15 15:18:58]WebDriver clicking on:'xpath: //*[@id="order-order_booked_count"]/label[1]/input'
[INFO][2016-04-15 15:19:00]WebDriver clicking on:'xpath: //*[@id="order-orderbookedtimerange"]/label[1]/input'
[INFO][2016-04-15 15:19:01]/\/\/\/\/\/\---TestCase = MakeOrder_Test---/\/\/\/\/\/\
[INFO][2016-04-15 15:19:01]#####################################################
[INFO][2016-04-15 15:19:01]#####################################################
[INFO][2016-04-15 15:19:01]\/\/\/\/\/\/---TestCase = CancelOrderTest---\/\/\/\/\/\/
[INFO][2016-04-15 15:19:02]WebDriver navigating to:'http://101.200.2.207/'
[INFO][2016-04-15 15:19:09]WebDriver changing value in element found By.id: loginform-username from '' to ''
[INFO][2016-04-15 15:19:09]WebDriver changing value in element found By.id: loginform-username from '' to 'admin'
[INFO][2016-04-15 15:19:09]WebDriver changing value in element found By.id: loginform-password from '' to ''
[INFO][2016-04-15 15:19:09]WebDriver changing value in element found By.id: loginform-password from '' to 'Test2016QA'
[INFO][2016-04-15 15:19:10]WebDriver clicking on:'xpath: //*[@id='list']/li[5]/button'
[ERROR][2016-04-15 15:19:13]WebDriver error:
org.openqa.selenium.InvalidSelectorException: invalid selector: Unable to locate an element with the xpath expression /html/body/div[2]/aside[1]/div/section/div[1]/div[2]/p[1] because of the following error:
TypeError: Failed to execute 'createNSResolver' on 'Document': parameter 1 is not of type 'Node'.
  (Session info: chrome=49.0.2623.87)
  (Driver info: chromedriver=2.16.333243 (0bfa1d3575fc1044244f21ddb82bf870944ef961),platform=Windows NT 6.1 SP1 x86_64) (WARNING: The server did not provide any stacktrace information)
Command duration or timeout: 3.45 seconds
For documentation on this error, please visit: http://seleniumhq.org/exceptions/invalid_selector_exception.html
Build info: version: '2.53.0', revision: '35ae25b1534ae328c771e0856c93e187490ca824', time: '2016-03-15 10:43:46'
System info: host: 'song-PC', ip: '192.168.12.104', os.name: 'Windows 7', os.arch: 'amd64', os.version: '6.1', java.version: '1.7.0_79'
*** Element info: {Using=xpath, value=/html/body/div[2]/aside[1]/div/section/div[1]/div[2]/p[1]}
Session ID: d0b6c25bcbd4690688b7d39fcff92c43
Driver info: org.openqa.selenium.chrome.ChromeDriver
Capabilities [{platform=XP, acceptSslCerts=true, javascriptEnabled=true, browserName=chrome, chrome={userDataDir=C:\Users\ADMINI~1\AppData\Local\Temp\scoped_dir8864_21802}, rotatable=false, locationContextEnabled=true, mobileEmulationEnabled=false, version=49.0.2623.87, takesHeapSnapshot=true, cssSelectorsEnabled=true, databaseEnabled=false, handlesAlerts=true, browserConnectionEnabled=false, webStorageEnabled=true, nativeEvents=true, hasTouchScreen=false, applicationCacheEnabled=false, takesScreenshot=true}]
	at sun.reflect.NativeConstructorAccessorImpl.newInstance0(Native Method)
	at sun.reflect.NativeConstructorAccessorImpl.newInstance(NativeConstructorAccessorImpl.java:57)
	at sun.reflect.DelegatingConstructorAccessorImpl.newInstance(DelegatingConstructorAccessorImpl.java:45)
	at java.lang.reflect.Constructor.newInstance(Constructor.java:526)
	at org.openqa.selenium.remote.ErrorHandler.createThrowable(ErrorHandler.java:206)
	at org.openqa.selenium.remote.ErrorHandler.throwIfResponseFailed(ErrorHandler.java:158)
	at org.openqa.selenium.remote.RemoteWebDriver.execute(RemoteWebDriver.java:678)
	at org.openqa.selenium.remote.RemoteWebDriver.findElement(RemoteWebDriver.java:363)
	at org.openqa.selenium.remote.RemoteWebDriver.findElementByXPath(RemoteWebDriver.java:500)
	at org.openqa.selenium.By$ByXPath.findElement(By.java:361)
	at org.openqa.selenium.remote.RemoteWebDriver.findElement(RemoteWebDriver.java:355)
	at sun.reflect.GeneratedMethodAccessor3.invoke(Unknown Source)
	at sun.reflect.DelegatingMethodAccessorImpl.invoke(DelegatingMethodAccessorImpl.java:43)
	at java.lang.reflect.Method.invoke(Method.java:606)
	at org.openqa.selenium.support.events.EventFiringWebDriver$2.invoke(EventFiringWebDriver.java:103)
	at com.sun.proxy.$Proxy11.findElement(Unknown Source)
	at org.openqa.selenium.support.events.EventFiringWebDriver.findElement(EventFiringWebDriver.java:188)
	at org.openqa.selenium.support.pagefactory.DefaultElementLocator.findElement(DefaultElementLocator.java:69)
	at org.openqa.selenium.support.pagefactory.internal.LocatingElementHandler.invoke(LocatingElementHandler.java:38)
	at com.sun.proxy.$Proxy13.getText(Unknown Source)
	at webtest.core.util.Wait.reFresh(Wait.java:26)
	at cases_ejj.LoginTest.login(LoginTest.java:25)
	at cases_ejj.dingdan.CancelOrderTest.beforeMethod(CancelOrderTest.java:46)
	at sun.reflect.NativeMethodAccessorImpl.invoke0(Native Method)
	at sun.reflect.NativeMethodAccessorImpl.invoke(NativeMethodAccessorImpl.java:57)
	at sun.reflect.DelegatingMethodAccessorImpl.invoke(DelegatingMethodAccessorImpl.java:43)
	at java.lang.reflect.Method.invoke(Method.java:606)
	at org.testng.internal.MethodInvocationHelper.invokeMethod(MethodInvocationHelper.java:84)
	at org.testng.internal.Invoker.invokeConfigurationMethod(Invoker.java:564)
	at org.testng.internal.Invoker.invokeConfigurations(Invoker.java:213)
	at org.testng.internal.Invoker.invokeMethod(Invoker.java:653)
	at org.testng.internal.Invoker.invokeTestMethod(Invoker.java:901)
	at org.testng.internal.Invoker.invokeTestMethods(Invoker.java:1231)
	at org.testng.internal.TestMethodWorker.invokeTestMethods(TestMethodWorker.java:127)
	at org.testng.internal.TestMethodWorker.run(TestMethodWorker.java:111)
	at org.testng.TestRunner.privateRun(TestRunner.java:767)
	at org.testng.TestRunner.run(TestRunner.java:617)
	at org.testng.SuiteRunner.runTest(SuiteRunner.java:334)
	at org.testng.SuiteRunner.runSequentially(SuiteRunner.java:329)
	at org.testng.SuiteRunner.privateRun(SuiteRunner.java:291)
	at org.testng.SuiteRunner.run(SuiteRunner.java:240)
	at org.testng.SuiteRunnerWorker.runSuite(SuiteRunnerWorker.java:52)
	at org.testng.SuiteRunnerWorker.run(SuiteRunnerWorker.java:86)
	at org.testng.TestNG.runSuitesSequentially(TestNG.java:1224)
	at org.testng.TestNG.runSuitesLocally(TestNG.java:1149)
	at org.testng.TestNG.run(TestNG.java:1057)
	at org.testng.IDEARemoteTestNG.run(IDEARemoteTestNG.java:74)
	at org.testng.RemoteTestNGStarter.main(RemoteTestNGStarter.java:121)
	at sun.reflect.NativeMethodAccessorImpl.invoke0(Native Method)
	at sun.reflect.NativeMethodAccessorImpl.invoke(NativeMethodAccessorImpl.java:57)
	at sun.reflect.DelegatingMethodAccessorImpl.invoke(DelegatingMethodAccessorImpl.java:43)
	at java.lang.reflect.Method.invoke(Method.java:606)
	at com.intellij.rt.execution.application.AppMain.main(AppMain.java:144)
[INFO][2016-04-15 15:19:19]WebDriver clicking on:'xpath: //*[@id="w1"]/div[2]/div/table/tbody/tr[2]/td[5]/p[3]/a'
[INFO][2016-04-15 15:19:19]WebDriver clicking on:'xpath: //*[@id="HBox"]/form/ul/li[1]/div/label[1]/input'
[INFO][2016-04-15 15:19:19]WebDriver clicking on:'xpath: //*[@id="HBox"]/form/ul/li[2]/div[1]/label[2]/input'
[ERROR][2016-04-15 15:19:22]WebDriver error: Element not found By.xpath: text_CancelNote
[INFO][2016-04-15 15:19:23]/\/\/\/\/\/\---TestCase = CancelOrderTest---/\/\/\/\/\/\
[INFO][2016-04-15 15:19:23]#####################################################
[INFO][2016-04-15 15:22:21]#####################################################
[INFO][2016-04-15 15:22:21]\/\/\/\/\/\/---TestCase = CancelOrderTest---\/\/\/\/\/\/
[INFO][2016-04-15 15:22:23]WebDriver navigating to:'http://101.200.2.207/'
[INFO][2016-04-15 15:22:30]WebDriver changing value in element found By.id: loginform-username from '' to ''
[INFO][2016-04-15 15:22:30]WebDriver changing value in element found By.id: loginform-username from '' to 'admin'
[INFO][2016-04-15 15:22:30]WebDriver changing value in element found By.id: loginform-password from '' to ''
[INFO][2016-04-15 15:22:30]WebDriver changing value in element found By.id: loginform-password from '' to 'Test2016QA'
[INFO][2016-04-15 15:22:30]WebDriver clicking on:'xpath: //*[@id='list']/li[5]/button'
[ERROR][2016-04-15 15:22:33]WebDriver error:
org.openqa.selenium.InvalidSelectorException: invalid selector: Unable to locate an element with the xpath expression /html/body/div[2]/aside[1]/div/section/div[1]/div[2]/p[1] because of the following error:
TypeError: Failed to execute 'createNSResolver' on 'Document': parameter 1 is not of type 'Node'.
  (Session info: chrome=49.0.2623.87)
  (Driver info: chromedriver=2.16.333243 (0bfa1d3575fc1044244f21ddb82bf870944ef961),platform=Windows NT 6.1 SP1 x86_64) (WARNING: The server did not provide any stacktrace information)
Command duration or timeout: 2.74 seconds
For documentation on this error, please visit: http://seleniumhq.org/exceptions/invalid_selector_exception.html
Build info: version: '2.53.0', revision: '35ae25b1534ae328c771e0856c93e187490ca824', time: '2016-03-15 10:43:46'
System info: host: 'song-PC', ip: '192.168.12.104', os.name: 'Windows 7', os.arch: 'amd64', os.version: '6.1', java.version: '1.7.0_79'
*** Element info: {Using=xpath, value=/html/body/div[2]/aside[1]/div/section/div[1]/div[2]/p[1]}
Session ID: 3a18349b8d80dce8ac7b2273fe79667f
Driver info: org.openqa.selenium.chrome.ChromeDriver
Capabilities [{platform=XP, acceptSslCerts=true, javascriptEnabled=true, browserName=chrome, chrome={userDataDir=C:\Users\ADMINI~1\AppData\Local\Temp\scoped_dir8244_25498}, rotatable=false, locationContextEnabled=true, mobileEmulationEnabled=false, version=49.0.2623.87, takesHeapSnapshot=true, cssSelectorsEnabled=true, databaseEnabled=false, handlesAlerts=true, browserConnectionEnabled=false, webStorageEnabled=true, nativeEvents=true, hasTouchScreen=false, applicationCacheEnabled=false, takesScreenshot=true}]
	at sun.reflect.NativeConstructorAccessorImpl.newInstance0(Native Method)
	at sun.reflect.NativeConstructorAccessorImpl.newInstance(NativeConstructorAccessorImpl.java:57)
	at sun.reflect.DelegatingConstructorAccessorImpl.newInstance(DelegatingConstructorAccessorImpl.java:45)
	at java.lang.reflect.Constructor.newInstance(Constructor.java:526)
	at org.openqa.selenium.remote.ErrorHandler.createThrowable(ErrorHandler.java:206)
	at org.openqa.selenium.remote.ErrorHandler.throwIfResponseFailed(ErrorHandler.java:158)
	at org.openqa.selenium.remote.RemoteWebDriver.execute(RemoteWebDriver.java:678)
	at org.openqa.selenium.remote.RemoteWebDriver.findElement(RemoteWebDriver.java:363)
	at org.openqa.selenium.remote.RemoteWebDriver.findElementByXPath(RemoteWebDriver.java:500)
	at org.openqa.selenium.By$ByXPath.findElement(By.java:361)
	at org.openqa.selenium.remote.RemoteWebDriver.findElement(RemoteWebDriver.java:355)
	at sun.reflect.NativeMethodAccessorImpl.invoke0(Native Method)
	at sun.reflect.NativeMethodAccessorImpl.invoke(NativeMethodAccessorImpl.java:57)
	at sun.reflect.DelegatingMethodAccessorImpl.invoke(DelegatingMethodAccessorImpl.java:43)
	at java.lang.reflect.Method.invoke(Method.java:606)
	at org.openqa.selenium.support.events.EventFiringWebDriver$2.invoke(EventFiringWebDriver.java:103)
	at com.sun.proxy.$Proxy11.findElement(Unknown Source)
	at org.openqa.selenium.support.events.EventFiringWebDriver.findElement(EventFiringWebDriver.java:188)
	at org.openqa.selenium.support.pagefactory.DefaultElementLocator.findElement(DefaultElementLocator.java:69)
	at org.openqa.selenium.support.pagefactory.internal.LocatingElementHandler.invoke(LocatingElementHandler.java:38)
	at com.sun.proxy.$Proxy13.getText(Unknown Source)
	at webtest.core.util.Wait.reFresh(Wait.java:26)
	at cases_ejj.LoginTest.login(LoginTest.java:25)
	at cases_ejj.dingdan.CancelOrderTest.beforeMethod(CancelOrderTest.java:46)
	at sun.reflect.NativeMethodAccessorImpl.invoke0(Native Method)
	at sun.reflect.NativeMethodAccessorImpl.invoke(NativeMethodAccessorImpl.java:57)
	at sun.reflect.DelegatingMethodAccessorImpl.invoke(DelegatingMethodAccessorImpl.java:43)
	at java.lang.reflect.Method.invoke(Method.java:606)
	at org.testng.internal.MethodInvocationHelper.invokeMethod(MethodInvocationHelper.java:84)
	at org.testng.internal.Invoker.invokeConfigurationMethod(Invoker.java:564)
	at org.testng.internal.Invoker.invokeConfigurations(Invoker.java:213)
	at org.testng.internal.Invoker.invokeMethod(Invoker.java:653)
	at org.testng.internal.Invoker.invokeTestMethod(Invoker.java:901)
	at org.testng.internal.Invoker.invokeTestMethods(Invoker.java:1231)
	at org.testng.internal.TestMethodWorker.invokeTestMethods(TestMethodWorker.java:127)
	at org.testng.internal.TestMethodWorker.run(TestMethodWorker.java:111)
	at org.testng.TestRunner.privateRun(TestRunner.java:767)
	at org.testng.TestRunner.run(TestRunner.java:617)
	at org.testng.SuiteRunner.runTest(SuiteRunner.java:334)
	at org.testng.SuiteRunner.runSequentially(SuiteRunner.java:329)
	at org.testng.SuiteRunner.privateRun(SuiteRunner.java:291)
	at org.testng.SuiteRunner.run(SuiteRunner.java:240)
	at org.testng.SuiteRunnerWorker.runSuite(SuiteRunnerWorker.java:52)
	at org.testng.SuiteRunnerWorker.run(SuiteRunnerWorker.java:86)
	at org.testng.TestNG.runSuitesSequentially(TestNG.java:1224)
	at org.testng.TestNG.runSuitesLocally(TestNG.java:1149)
	at org.testng.TestNG.run(TestNG.java:1057)
	at org.testng.IDEARemoteTestNG.run(IDEARemoteTestNG.java:74)
	at org.testng.RemoteTestNGStarter.main(RemoteTestNGStarter.java:121)
	at sun.reflect.NativeMethodAccessorImpl.invoke0(Native Method)
	at sun.reflect.NativeMethodAccessorImpl.invoke(NativeMethodAccessorImpl.java:57)
	at sun.reflect.DelegatingMethodAccessorImpl.invoke(DelegatingMethodAccessorImpl.java:43)
	at java.lang.reflect.Method.invoke(Method.java:606)
	at com.intellij.rt.execution.application.AppMain.main(AppMain.java:144)
[INFO][2016-04-15 15:22:39]WebDriver clicking on:'xpath: //*[@id="w1"]/div[2]/div/table/tbody/tr[2]/td[5]/p[3]/a'
[INFO][2016-04-15 15:22:39]WebDriver clicking on:'xpath: //*[@id="HBox"]/form/ul/li[1]/div/label[1]/input'
[INFO][2016-04-15 15:22:39]WebDriver clicking on:'xpath: //*[@id="HBox"]/form/ul/li[2]/div[1]/label[2]/input'
[INFO][2016-04-15 15:22:40]WebDriver changing value in element found By.id: text_CancelNote from '' to '自动化测试取消订单'
[INFO][2016-04-15 15:22:40]WebDriver clicking on:'xpath: //*[@id="HBox"]/form/ul/li[4]/input'
[INFO][2016-04-15 15:22:41]/\/\/\/\/\/\---TestCase = CancelOrderTest---/\/\/\/\/\/\
[INFO][2016-04-15 15:22:41]#####################################################
[INFO][2016-04-15 15:23:47]#####################################################
[INFO][2016-04-15 15:23:47]\/\/\/\/\/\/---TestCase = LoginTest---\/\/\/\/\/\/
[INFO][2016-04-15 15:23:49]WebDriver navigating to:'http://101.200.2.207/'
[INFO][2016-04-15 15:23:56]WebDriver changing value in element found By.id: loginform-username from '' to ''
[INFO][2016-04-15 15:23:56]WebDriver changing value in element found By.id: loginform-username from '' to 'admin'
[INFO][2016-04-15 15:23:56]WebDriver changing value in element found By.id: loginform-password from '' to ''
[INFO][2016-04-15 15:23:56]WebDriver changing value in element found By.id: loginform-password from '' to 'Test2016QA'
[INFO][2016-04-15 15:23:56]WebDriver clicking on:'xpath: //*[@id='list']/li[5]/button'
[INFO][2016-04-15 15:24:02]WebDriver navigating to:'http://101.200.2.207/'
[INFO][2016-04-15 15:24:09]WebDriver changing value in element found By.id: loginform-username from '' to ''
[INFO][2016-04-15 15:24:09]WebDriver changing value in element found By.id: loginform-username from '' to 'admin'
[INFO][2016-04-15 15:24:09]WebDriver changing value in element found By.id: loginform-password from '' to ''
[INFO][2016-04-15 15:24:09]WebDriver changing value in element found By.id: loginform-password from '' to 'cuowumima'
[INFO][2016-04-15 15:24:09]WebDriver clicking on:'xpath: //*[@id='list']/li[5]/button'
[INFO][2016-04-15 15:24:11]/\/\/\/\/\/\---TestCase = LoginTest---/\/\/\/\/\/\
[INFO][2016-04-15 15:24:11]#####################################################
[INFO][2016-04-15 15:24:11]#####################################################
[INFO][2016-04-15 15:24:11]\/\/\/\/\/\/---TestCase = HomeLinkTest---\/\/\/\/\/\/
[INFO][2016-04-15 15:24:12]WebDriver navigating to:'http://101.200.2.207/'
[INFO][2016-04-15 15:24:19]WebDriver changing value in element found By.id: loginform-username from '' to ''
[INFO][2016-04-15 15:24:19]WebDriver changing value in element found By.id: loginform-username from '' to 'admin'
[INFO][2016-04-15 15:24:19]WebDriver changing value in element found By.id: loginform-password from '' to ''
[INFO][2016-04-15 15:24:19]WebDriver changing value in element found By.id: loginform-password from '' to 'Test2016QA'
[INFO][2016-04-15 15:24:19]WebDriver clicking on:'xpath: //*[@id='list']/li[5]/button'
[ERROR][2016-04-15 15:24:21]WebDriver error:
org.openqa.selenium.InvalidSelectorException: invalid selector: Unable to locate an element with the xpath expression /html/body/div[2]/aside[1]/div/section/div[1]/div[2]/p[1] because of the following error:
TypeError: Failed to execute 'createNSResolver' on 'Document': parameter 1 is not of type 'Node'.
  (Session info: chrome=49.0.2623.87)
  (Driver info: chromedriver=2.16.333243 (0bfa1d3575fc1044244f21ddb82bf870944ef961),platform=Windows NT 6.1 SP1 x86_64) (WARNING: The server did not provide any stacktrace information)
Command duration or timeout: 2.22 seconds
For documentation on this error, please visit: http://seleniumhq.org/exceptions/invalid_selector_exception.html
Build info: version: '2.53.0', revision: '35ae25b1534ae328c771e0856c93e187490ca824', time: '2016-03-15 10:43:46'
System info: host: 'song-PC', ip: '192.168.12.104', os.name: 'Windows 7', os.arch: 'amd64', os.version: '6.1', java.version: '1.7.0_79'
*** Element info: {Using=xpath, value=/html/body/div[2]/aside[1]/div/section/div[1]/div[2]/p[1]}
Session ID: 6a166e85ba8cf9bcdc7e8123bba1806c
Driver info: org.openqa.selenium.chrome.ChromeDriver
Capabilities [{platform=XP, acceptSslCerts=true, javascriptEnabled=true, browserName=chrome, chrome={userDataDir=C:\Users\ADMINI~1\AppData\Local\Temp\scoped_dir5032_24088}, rotatable=false, locationContextEnabled=true, mobileEmulationEnabled=false, version=49.0.2623.87, takesHeapSnapshot=true, cssSelectorsEnabled=true, databaseEnabled=false, handlesAlerts=true, browserConnectionEnabled=false, webStorageEnabled=true, nativeEvents=true, hasTouchScreen=false, applicationCacheEnabled=false, takesScreenshot=true}]
	at sun.reflect.NativeConstructorAccessorImpl.newInstance0(Native Method)
	at sun.reflect.NativeConstructorAccessorImpl.newInstance(NativeConstructorAccessorImpl.java:57)
	at sun.reflect.DelegatingConstructorAccessorImpl.newInstance(DelegatingConstructorAccessorImpl.java:45)
	at java.lang.reflect.Constructor.newInstance(Constructor.java:526)
	at org.openqa.selenium.remote.ErrorHandler.createThrowable(ErrorHandler.java:206)
	at org.openqa.selenium.remote.ErrorHandler.throwIfResponseFailed(ErrorHandler.java:158)
	at org.openqa.selenium.remote.RemoteWebDriver.execute(RemoteWebDriver.java:678)
	at org.openqa.selenium.remote.RemoteWebDriver.findElement(RemoteWebDriver.java:363)
	at org.openqa.selenium.remote.RemoteWebDriver.findElementByXPath(RemoteWebDriver.java:500)
	at org.openqa.selenium.By$ByXPath.findElement(By.java:361)
	at org.openqa.selenium.remote.RemoteWebDriver.findElement(RemoteWebDriver.java:355)
	at sun.reflect.GeneratedMethodAccessor3.invoke(Unknown Source)
	at sun.reflect.DelegatingMethodAccessorImpl.invoke(DelegatingMethodAccessorImpl.java:43)
	at java.lang.reflect.Method.invoke(Method.java:606)
	at org.openqa.selenium.support.events.EventFiringWebDriver$2.invoke(EventFiringWebDriver.java:103)
	at com.sun.proxy.$Proxy11.findElement(Unknown Source)
	at org.openqa.selenium.support.events.EventFiringWebDriver.findElement(EventFiringWebDriver.java:188)
	at org.openqa.selenium.support.pagefactory.DefaultElementLocator.findElement(DefaultElementLocator.java:69)
	at org.openqa.selenium.support.pagefactory.internal.LocatingElementHandler.invoke(LocatingElementHandler.java:38)
	at com.sun.proxy.$Proxy13.getText(Unknown Source)
	at webtest.core.util.Wait.reFresh(Wait.java:26)
	at cases_ejj.LoginTest.login(LoginTest.java:25)
	at cases_ejj.HomeLinkTest.login(HomeLinkTest.java:39)
	at sun.reflect.NativeMethodAccessorImpl.invoke0(Native Method)
	at sun.reflect.NativeMethodAccessorImpl.invoke(NativeMethodAccessorImpl.java:57)
	at sun.reflect.DelegatingMethodAccessorImpl.invoke(DelegatingMethodAccessorImpl.java:43)
	at java.lang.reflect.Method.invoke(Method.java:606)
	at org.testng.internal.MethodInvocationHelper.invokeMethod(MethodInvocationHelper.java:84)
	at org.testng.internal.Invoker.invokeMethod(Invoker.java:714)
	at org.testng.internal.Invoker.invokeTestMethod(Invoker.java:901)
	at org.testng.internal.Invoker.invokeTestMethods(Invoker.java:1231)
	at org.testng.internal.TestMethodWorker.invokeTestMethods(TestMethodWorker.java:127)
	at org.testng.internal.TestMethodWorker.run(TestMethodWorker.java:111)
	at org.testng.TestRunner.privateRun(TestRunner.java:767)
	at org.testng.TestRunner.run(TestRunner.java:617)
	at org.testng.SuiteRunner.runTest(SuiteRunner.java:334)
	at org.testng.SuiteRunner.runSequentially(SuiteRunner.java:329)
	at org.testng.SuiteRunner.privateRun(SuiteRunner.java:291)
	at org.testng.SuiteRunner.run(SuiteRunner.java:240)
	at org.testng.SuiteRunnerWorker.runSuite(SuiteRunnerWorker.java:52)
	at org.testng.SuiteRunnerWorker.run(SuiteRunnerWorker.java:86)
	at org.testng.TestNG.runSuitesSequentially(TestNG.java:1224)
	at org.testng.TestNG.runSuitesLocally(TestNG.java:1149)
	at org.testng.TestNG.run(TestNG.java:1057)
	at org.testng.IDEARemoteTestNG.run(IDEARemoteTestNG.java:74)
	at org.testng.RemoteTestNGStarter.main(RemoteTestNGStarter.java:121)
	at sun.reflect.NativeMethodAccessorImpl.invoke0(Native Method)
	at sun.reflect.NativeMethodAccessorImpl.invoke(NativeMethodAccessorImpl.java:57)
	at sun.reflect.DelegatingMethodAccessorImpl.invoke(DelegatingMethodAccessorImpl.java:43)
	at java.lang.reflect.Method.invoke(Method.java:606)
	at com.intellij.rt.execution.application.AppMain.main(AppMain.java:144)
[INFO][2016-04-15 15:24:22]WebDriver navigating to:'http://101.200.2.207/'
[INFO][2016-04-15 15:24:26]WebDriver navigating to:'http://101.200.2.207/'
[INFO][2016-04-15 15:24:28]WebDriver navigating to:'http://101.200.2.207/'
[INFO][2016-04-15 15:24:32]WebDriver navigating to:'http://101.200.2.207/'
[INFO][2016-04-15 15:24:35]/\/\/\/\/\/\---TestCase = HomeLinkTest---/\/\/\/\/\/\
[INFO][2016-04-15 15:24:35]#####################################################
[INFO][2016-04-15 15:24:35]#####################################################
[INFO][2016-04-15 15:24:35]\/\/\/\/\/\/---TestCase = MakeOrder_Test---\/\/\/\/\/\/
[INFO][2016-04-15 15:24:36]WebDriver navigating to:'http://101.200.2.207/'
[INFO][2016-04-15 15:24:43]WebDriver changing value in element found By.id: loginform-username from '' to ''
[INFO][2016-04-15 15:24:43]WebDriver changing value in element found By.id: loginform-username from '' to 'admin'
[INFO][2016-04-15 15:24:43]WebDriver changing value in element found By.id: loginform-password from '' to ''
[INFO][2016-04-15 15:24:43]WebDriver changing value in element found By.id: loginform-password from '' to 'Test2016QA'
[INFO][2016-04-15 15:24:43]WebDriver clicking on:'xpath: //*[@id='list']/li[5]/button'
[ERROR][2016-04-15 15:24:45]WebDriver error:
org.openqa.selenium.InvalidSelectorException: invalid selector: Unable to locate an element with the xpath expression /html/body/div[2]/aside[1]/div/section/div[1]/div[2]/p[1] because of the following error:
TypeError: Failed to execute 'createNSResolver' on 'Document': parameter 1 is not of type 'Node'.
  (Session info: chrome=49.0.2623.87)
  (Driver info: chromedriver=2.16.333243 (0bfa1d3575fc1044244f21ddb82bf870944ef961),platform=Windows NT 6.1 SP1 x86_64) (WARNING: The server did not provide any stacktrace information)
Command duration or timeout: 2.02 seconds
For documentation on this error, please visit: http://seleniumhq.org/exceptions/invalid_selector_exception.html
Build info: version: '2.53.0', revision: '35ae25b1534ae328c771e0856c93e187490ca824', time: '2016-03-15 10:43:46'
System info: host: 'song-PC', ip: '192.168.12.104', os.name: 'Windows 7', os.arch: 'amd64', os.version: '6.1', java.version: '1.7.0_79'
*** Element info: {Using=xpath, value=/html/body/div[2]/aside[1]/div/section/div[1]/div[2]/p[1]}
Session ID: 05df649f2c974187eddef2dd1fc324ef
Driver info: org.openqa.selenium.chrome.ChromeDriver
Capabilities [{platform=XP, acceptSslCerts=true, javascriptEnabled=true, browserName=chrome, chrome={userDataDir=C:\Users\ADMINI~1\AppData\Local\Temp\scoped_dir512_25882}, rotatable=false, locationContextEnabled=true, mobileEmulationEnabled=false, version=49.0.2623.87, takesHeapSnapshot=true, cssSelectorsEnabled=true, databaseEnabled=false, handlesAlerts=true, browserConnectionEnabled=false, webStorageEnabled=true, nativeEvents=true, hasTouchScreen=false, applicationCacheEnabled=false, takesScreenshot=true}]
	at sun.reflect.NativeConstructorAccessorImpl.newInstance0(Native Method)
	at sun.reflect.NativeConstructorAccessorImpl.newInstance(NativeConstructorAccessorImpl.java:57)
	at sun.reflect.DelegatingConstructorAccessorImpl.newInstance(DelegatingConstructorAccessorImpl.java:45)
	at java.lang.reflect.Constructor.newInstance(Constructor.java:526)
	at org.openqa.selenium.remote.ErrorHandler.createThrowable(ErrorHandler.java:206)
	at org.openqa.selenium.remote.ErrorHandler.throwIfResponseFailed(ErrorHandler.java:158)
	at org.openqa.selenium.remote.RemoteWebDriver.execute(RemoteWebDriver.java:678)
	at org.openqa.selenium.remote.RemoteWebDriver.findElement(RemoteWebDriver.java:363)
	at org.openqa.selenium.remote.RemoteWebDriver.findElementByXPath(RemoteWebDriver.java:500)
	at org.openqa.selenium.By$ByXPath.findElement(By.java:361)
	at org.openqa.selenium.remote.RemoteWebDriver.findElement(RemoteWebDriver.java:355)
	at sun.reflect.GeneratedMethodAccessor3.invoke(Unknown Source)
	at sun.reflect.DelegatingMethodAccessorImpl.invoke(DelegatingMethodAccessorImpl.java:43)
	at java.lang.reflect.Method.invoke(Method.java:606)
	at org.openqa.selenium.support.events.EventFiringWebDriver$2.invoke(EventFiringWebDriver.java:103)
	at com.sun.proxy.$Proxy11.findElement(Unknown Source)
	at org.openqa.selenium.support.events.EventFiringWebDriver.findElement(EventFiringWebDriver.java:188)
	at org.openqa.selenium.support.pagefactory.DefaultElementLocator.findElement(DefaultElementLocator.java:69)
	at org.openqa.selenium.support.pagefactory.internal.LocatingElementHandler.invoke(LocatingElementHandler.java:38)
	at com.sun.proxy.$Proxy13.getText(Unknown Source)
	at webtest.core.util.Wait.reFresh(Wait.java:26)
	at cases_ejj.LoginTest.login(LoginTest.java:25)
	at cases_ejj.dingdan.MakeOrder_Test.beforeMethod(MakeOrder_Test.java:51)
	at sun.reflect.NativeMethodAccessorImpl.invoke0(Native Method)
	at sun.reflect.NativeMethodAccessorImpl.invoke(NativeMethodAccessorImpl.java:57)
	at sun.reflect.DelegatingMethodAccessorImpl.invoke(DelegatingMethodAccessorImpl.java:43)
	at java.lang.reflect.Method.invoke(Method.java:606)
	at org.testng.internal.MethodInvocationHelper.invokeMethod(MethodInvocationHelper.java:84)
	at org.testng.internal.Invoker.invokeConfigurationMethod(Invoker.java:564)
	at org.testng.internal.Invoker.invokeConfigurations(Invoker.java:213)
	at org.testng.internal.Invoker.invokeMethod(Invoker.java:653)
	at org.testng.internal.Invoker.invokeTestMethod(Invoker.java:901)
	at org.testng.internal.Invoker.invokeTestMethods(Invoker.java:1231)
	at org.testng.internal.TestMethodWorker.invokeTestMethods(TestMethodWorker.java:127)
	at org.testng.internal.TestMethodWorker.run(TestMethodWorker.java:111)
	at org.testng.TestRunner.privateRun(TestRunner.java:767)
	at org.testng.TestRunner.run(TestRunner.java:617)
	at org.testng.SuiteRunner.runTest(SuiteRunner.java:334)
	at org.testng.SuiteRunner.runSequentially(SuiteRunner.java:329)
	at org.testng.SuiteRunner.privateRun(SuiteRunner.java:291)
	at org.testng.SuiteRunner.run(SuiteRunner.java:240)
	at org.testng.SuiteRunnerWorker.runSuite(SuiteRunnerWorker.java:52)
	at org.testng.SuiteRunnerWorker.run(SuiteRunnerWorker.java:86)
	at org.testng.TestNG.runSuitesSequentially(TestNG.java:1224)
	at org.testng.TestNG.runSuitesLocally(TestNG.java:1149)
	at org.testng.TestNG.run(TestNG.java:1057)
	at org.testng.IDEARemoteTestNG.run(IDEARemoteTestNG.java:74)
	at org.testng.RemoteTestNGStarter.main(RemoteTestNGStarter.java:121)
	at sun.reflect.NativeMethodAccessorImpl.invoke0(Native Method)
	at sun.reflect.NativeMethodAccessorImpl.invoke(NativeMethodAccessorImpl.java:57)
	at sun.reflect.DelegatingMethodAccessorImpl.invoke(DelegatingMethodAccessorImpl.java:43)
	at java.lang.reflect.Method.invoke(Method.java:606)
	at com.intellij.rt.execution.application.AppMain.main(AppMain.java:144)
[INFO][2016-04-15 15:24:48]WebDriver changing value in element found By.id: order-order_customer_phone from '' to '18911704270'
[ERROR][2016-04-15 15:24:51]WebDriver error: Element not found By.xpath: //*[@id='order-address_id']/div[1]/div[1]/select
[INFO][2016-04-15 15:24:51]WebDriver clicking on:'xpath: //*[@id='order-address_id']/div[1]/button'
[INFO][2016-04-15 15:24:52]WebDriver changing value in element found By.xpath: //*[@id="order-address_id"]/div[1]/div[4]/input from '大悦城' to ''
[INFO][2016-04-15 15:24:52]WebDriver changing value in element found By.xpath: //*[@id="order-address_id"]/div[1]/div[4]/input from '' to '大悦城'
[INFO][2016-04-15 15:24:52]WebDriver clicking on:'xpath: //*[@id="order-address_id"]/div[1]/div[7]/button[1]'
[INFO][2016-04-15 15:24:52]WebDriver clicking on:'xpath: //*[@id='order-address_id']/div[1]/label[1]'
[INFO][2016-04-15 15:24:53]WebDriver clicking on:'xpath: //*[@id='order-order_service_item_id']/label[1]/input'
[INFO][2016-04-15 15:24:53]WebDriver changing value in element found By.id: order-orderbookeddate from '2016-04-15' to ''
[INFO][2016-04-15 15:24:53]WebDriver changing value in element found By.id: order-orderbookeddate from '' to '2016-4-16'
[INFO][2016-04-15 15:24:53]WebDriver clicking on:'xpath: //*[@id="order-order_booked_count"]/label[2]'
[INFO][2016-04-15 15:24:53]WebDriver clicking on:'xpath: //*[@id="order-order_booked_count"]/label[1]/input'
[INFO][2016-04-15 15:24:55]WebDriver clicking on:'xpath: //*[@id="order-orderbookedtimerange"]/label[1]/input'
[INFO][2016-04-15 15:24:56]/\/\/\/\/\/\---TestCase = MakeOrder_Test---/\/\/\/\/\/\
[INFO][2016-04-15 15:24:56]#####################################################
[INFO][2016-04-15 15:24:56]#####################################################
[INFO][2016-04-15 15:24:56]\/\/\/\/\/\/---TestCase = CancelOrderTest---\/\/\/\/\/\/
[INFO][2016-04-15 15:24:57]WebDriver navigating to:'http://101.200.2.207/'
[INFO][2016-04-15 15:25:04]WebDriver changing value in element found By.id: loginform-username from '' to ''
[INFO][2016-04-15 15:25:04]WebDriver changing value in element found By.id: loginform-username from '' to 'admin'
[INFO][2016-04-15 15:25:04]WebDriver changing value in element found By.id: loginform-password from '' to ''
[INFO][2016-04-15 15:25:04]WebDriver changing value in element found By.id: loginform-password from '' to 'Test2016QA'
[INFO][2016-04-15 15:25:04]WebDriver clicking on:'xpath: //*[@id='list']/li[5]/button'
[INFO][2016-04-15 15:25:12]WebDriver clicking on:'xpath: //*[@id="w1"]/div[2]/div/table/tbody/tr[2]/td[5]/p[3]/a'
[INFO][2016-04-15 15:26:20]I/O exception (java.net.SocketException) caught when processing request to {}->http://localhost:17423: No buffer space available (maximum connections reached?): connect
[INFO][2016-04-15 15:26:20]Retrying request to {}->http://localhost:17423
[INFO][2016-04-15 15:26:20]I/O exception (java.net.SocketException) caught when processing request to {}->http://localhost:17423: No buffer space available (maximum connections reached?): connect
[INFO][2016-04-15 15:26:20]Retrying request to {}->http://localhost:17423
[INFO][2016-04-15 15:26:20]I/O exception (java.net.SocketException) caught when processing request to {}->http://localhost:17423: No buffer space available (maximum connections reached?): connect
[INFO][2016-04-15 15:26:20]Retrying request to {}->http://localhost:17423
[ERROR][2016-04-15 15:26:20]WebDriver error:
org.openqa.selenium.remote.UnreachableBrowserException: Error communicating with the remote browser. It may have died.
Build info: version: '2.53.0', revision: '35ae25b1534ae328c771e0856c93e187490ca824', time: '2016-03-15 10:43:46'
System info: host: 'song-PC', ip: '192.168.12.104', os.name: 'Windows 7', os.arch: 'amd64', os.version: '6.1', java.version: '1.7.0_79'
Driver info: driver.version: EventFiringWebDriver
Session ID: 6e094ec493041e60b61e7fdd5b701b9c
Capabilities [{platform=XP, acceptSslCerts=true, javascriptEnabled=true, browserName=chrome, chrome={userDataDir=C:\Users\ADMINI~1\AppData\Local\Temp\scoped_dir8924_16188}, rotatable=false, locationContextEnabled=true, mobileEmulationEnabled=false, version=49.0.2623.87, takesHeapSnapshot=true, cssSelectorsEnabled=true, databaseEnabled=false, handlesAlerts=true, browserConnectionEnabled=false, webStorageEnabled=true, nativeEvents=true, hasTouchScreen=false, applicationCacheEnabled=false, takesScreenshot=true}]
	at org.openqa.selenium.remote.RemoteWebDriver.execute(RemoteWebDriver.java:665)
	at org.openqa.selenium.remote.RemoteWebDriver.findElement(RemoteWebDriver.java:363)
	at org.openqa.selenium.remote.RemoteWebDriver.findElementById(RemoteWebDriver.java:413)
	at org.openqa.selenium.By$ById.findElement(By.java:218)
	at org.openqa.selenium.remote.RemoteWebDriver.findElement(RemoteWebDriver.java:355)
	at sun.reflect.GeneratedMethodAccessor3.invoke(Unknown Source)
	at sun.reflect.DelegatingMethodAccessorImpl.invoke(DelegatingMethodAccessorImpl.java:43)
	at java.lang.reflect.Method.invoke(Method.java:606)
	at org.openqa.selenium.support.events.EventFiringWebDriver$2.invoke(EventFiringWebDriver.java:103)
	at com.sun.proxy.$Proxy11.findElement(Unknown Source)
	at org.openqa.selenium.support.events.EventFiringWebDriver.findElement(EventFiringWebDriver.java:188)
	at org.openqa.selenium.support.pagefactory.DefaultElementLocator.findElement(DefaultElementLocator.java:69)
	at org.openqa.selenium.support.pagefactory.internal.LocatingElementHandler.invoke(LocatingElementHandler.java:38)
	at com.sun.proxy.$Proxy13.getAttribute(Unknown Source)
	at cases_ejj.dingdan.CancelOrderTest.cancelOrderTest(CancelOrderTest.java:62)
	at sun.reflect.NativeMethodAccessorImpl.invoke0(Native Method)
	at sun.reflect.NativeMethodAccessorImpl.invoke(NativeMethodAccessorImpl.java:57)
	at sun.reflect.DelegatingMethodAccessorImpl.invoke(DelegatingMethodAccessorImpl.java:43)
	at java.lang.reflect.Method.invoke(Method.java:606)
	at org.testng.internal.MethodInvocationHelper.invokeMethod(MethodInvocationHelper.java:84)
	at org.testng.internal.Invoker.invokeMethod(Invoker.java:714)
	at org.testng.internal.Invoker.invokeTestMethod(Invoker.java:901)
	at org.testng.internal.Invoker.invokeTestMethods(Invoker.java:1231)
	at org.testng.internal.TestMethodWorker.invokeTestMethods(TestMethodWorker.java:127)
	at org.testng.internal.TestMethodWorker.run(TestMethodWorker.java:111)
	at org.testng.TestRunner.privateRun(TestRunner.java:767)
	at org.testng.TestRunner.run(TestRunner.java:617)
	at org.testng.SuiteRunner.runTest(SuiteRunner.java:334)
	at org.testng.SuiteRunner.runSequentially(SuiteRunner.java:329)
	at org.testng.SuiteRunner.privateRun(SuiteRunner.java:291)
	at org.testng.SuiteRunner.run(SuiteRunner.java:240)
	at org.testng.SuiteRunnerWorker.runSuite(SuiteRunnerWorker.java:52)
	at org.testng.SuiteRunnerWorker.run(SuiteRunnerWorker.java:86)
	at org.testng.TestNG.runSuitesSequentially(TestNG.java:1224)
	at org.testng.TestNG.runSuitesLocally(TestNG.java:1149)
	at org.testng.TestNG.run(TestNG.java:1057)
	at org.testng.IDEARemoteTestNG.run(IDEARemoteTestNG.java:74)
	at org.testng.RemoteTestNGStarter.main(RemoteTestNGStarter.java:121)
	at sun.reflect.NativeMethodAccessorImpl.invoke0(Native Method)
	at sun.reflect.NativeMethodAccessorImpl.invoke(NativeMethodAccessorImpl.java:57)
	at sun.reflect.DelegatingMethodAccessorImpl.invoke(DelegatingMethodAccessorImpl.java:43)
	at java.lang.reflect.Method.invoke(Method.java:606)
	at com.intellij.rt.execution.application.AppMain.main(AppMain.java:144)
Caused by: org.openqa.selenium.WebDriverException: java.net.SocketException: No buffer space available (maximum connections reached?): connect
Build info: version: '2.53.0', revision: '35ae25b1534ae328c771e0856c93e187490ca824', time: '2016-03-15 10:43:46'
System info: host: 'song-PC', ip: '192.168.12.104', os.name: 'Windows 7', os.arch: 'amd64', os.version: '6.1', java.version: '1.7.0_79'
Driver info: driver.version: EventFiringWebDriver
	at org.openqa.selenium.remote.service.DriverCommandExecutor.execute(DriverCommandExecutor.java:91)
	at org.openqa.selenium.remote.RemoteWebDriver.execute(RemoteWebDriver.java:644)
	... 42 more
Caused by: java.net.SocketException: No buffer space available (maximum connections reached?): connect
	at java.net.DualStackPlainSocketImpl.connect0(Native Method)
	at java.net.DualStackPlainSocketImpl.socketConnect(DualStackPlainSocketImpl.java:83)
	at java.net.AbstractPlainSocketImpl.doConnect(AbstractPlainSocketImpl.java:339)
	at java.net.AbstractPlainSocketImpl.connectToAddress(AbstractPlainSocketImpl.java:200)
	at java.net.AbstractPlainSocketImpl.connect(AbstractPlainSocketImpl.java:182)
	at java.net.PlainSocketImpl.connect(PlainSocketImpl.java:172)
	at java.net.SocksSocketImpl.connect(SocksSocketImpl.java:392)
	at java.net.Socket.connect(Socket.java:579)
	at org.apache.http.conn.socket.PlainConnectionSocketFactory.connectSocket(PlainConnectionSocketFactory.java:74)
	at org.apache.http.impl.conn.DefaultHttpClientConnectionOperator.connect(DefaultHttpClientConnectionOperator.java:134)
	at org.apache.http.impl.conn.PoolingHttpClientConnectionManager.connect(PoolingHttpClientConnectionManager.java:353)
	at org.apache.http.impl.execchain.MainClientExec.establishRoute(MainClientExec.java:380)
	at org.apache.http.impl.execchain.MainClientExec.execute(MainClientExec.java:236)
	at org.apache.http.impl.execchain.ProtocolExec.execute(ProtocolExec.java:184)
	at org.apache.http.impl.execchain.RetryExec.execute(RetryExec.java:88)
	at org.apache.http.impl.execchain.RedirectExec.execute(RedirectExec.java:110)
	at org.apache.http.impl.client.InternalHttpClient.doExecute(InternalHttpClient.java:184)
	at org.apache.http.impl.client.CloseableHttpClient.execute(CloseableHttpClient.java:71)
	at org.apache.http.impl.client.CloseableHttpClient.execute(CloseableHttpClient.java:55)
	at org.openqa.selenium.remote.internal.ApacheHttpClient.fallBackExecute(ApacheHttpClient.java:144)
	at org.openqa.selenium.remote.internal.ApacheHttpClient.execute(ApacheHttpClient.java:90)
	at org.openqa.selenium.remote.HttpCommandExecutor.execute(HttpCommandExecutor.java:142)
	at org.openqa.selenium.remote.service.DriverCommandExecutor.execute(DriverCommandExecutor.java:82)
	... 43 more
[INFO][2016-04-15 15:26:20]I/O exception (java.net.SocketException) caught when processing request to {}->http://localhost:17423: No buffer space available (maximum connections reached?): connect
[INFO][2016-04-15 15:26:20]Retrying request to {}->http://localhost:17423
[INFO][2016-04-15 15:26:20]I/O exception (java.net.SocketException) caught when processing request to {}->http://localhost:17423: No buffer space available (maximum connections reached?): connect
[INFO][2016-04-15 15:26:20]Retrying request to {}->http://localhost:17423
[INFO][2016-04-15 15:26:20]I/O exception (java.net.SocketException) caught when processing request to {}->http://localhost:17423: No buffer space available (maximum connections reached?): connect
[INFO][2016-04-15 15:26:20]Retrying request to {}->http://localhost:17423
[ERROR][2016-04-15 15:26:20]WebDriver error:
org.openqa.selenium.remote.UnreachableBrowserException: Error communicating with the remote browser. It may have died.
Build info: version: '2.53.0', revision: '35ae25b1534ae328c771e0856c93e187490ca824', time: '2016-03-15 10:43:46'
System info: host: 'song-PC', ip: '192.168.12.104', os.name: 'Windows 7', os.arch: 'amd64', os.version: '6.1', java.version: '1.7.0_79'
Driver info: driver.version: EventFiringWebDriver
Session ID: 6e094ec493041e60b61e7fdd5b701b9c
Capabilities [{platform=XP, acceptSslCerts=true, javascriptEnabled=true, browserName=chrome, chrome={userDataDir=C:\Users\ADMINI~1\AppData\Local\Temp\scoped_dir8924_16188}, rotatable=false, locationContextEnabled=true, mobileEmulationEnabled=false, version=49.0.2623.87, takesHeapSnapshot=true, cssSelectorsEnabled=true, databaseEnabled=false, handlesAlerts=true, browserConnectionEnabled=false, webStorageEnabled=true, nativeEvents=true, hasTouchScreen=false, applicationCacheEnabled=false, takesScreenshot=true}]
	at org.openqa.selenium.remote.RemoteWebDriver.execute(RemoteWebDriver.java:665)
	at org.openqa.selenium.remote.RemoteWebDriver.execute(RemoteWebDriver.java:701)
	at org.openqa.selenium.remote.RemoteWebDriver.quit(RemoteWebDriver.java:526)
	at sun.reflect.NativeMethodAccessorImpl.invoke0(Native Method)
	at sun.reflect.NativeMethodAccessorImpl.invoke(NativeMethodAccessorImpl.java:57)
	at sun.reflect.DelegatingMethodAccessorImpl.invoke(DelegatingMethodAccessorImpl.java:43)
	at java.lang.reflect.Method.invoke(Method.java:606)
	at org.openqa.selenium.support.events.EventFiringWebDriver$2.invoke(EventFiringWebDriver.java:103)
	at com.sun.proxy.$Proxy11.quit(Unknown Source)
	at org.openqa.selenium.support.events.EventFiringWebDriver.quit(EventFiringWebDriver.java:202)
	at webtest.core.TestCase$DriverManager.quitDriver(TestCase.java:197)
	at cases_ejj.dingdan.CancelOrderTest.after(CancelOrderTest.java:33)
	at sun.reflect.NativeMethodAccessorImpl.invoke0(Native Method)
	at sun.reflect.NativeMethodAccessorImpl.invoke(NativeMethodAccessorImpl.java:57)
	at sun.reflect.DelegatingMethodAccessorImpl.invoke(DelegatingMethodAccessorImpl.java:43)
	at java.lang.reflect.Method.invoke(Method.java:606)
	at org.testng.internal.MethodInvocationHelper.invokeMethod(MethodInvocationHelper.java:84)
	at org.testng.internal.Invoker.invokeConfigurationMethod(Invoker.java:564)
	at org.testng.internal.Invoker.invokeConfigurations(Invoker.java:213)
	at org.testng.internal.Invoker.invokeConfigurations(Invoker.java:138)
	at org.testng.internal.TestMethodWorker.invokeAfterClassMethods(TestMethodWorker.java:225)
	at org.testng.internal.TestMethodWorker.run(TestMethodWorker.java:114)
	at org.testng.TestRunner.privateRun(TestRunner.java:767)
	at org.testng.TestRunner.run(TestRunner.java:617)
	at org.testng.SuiteRunner.runTest(SuiteRunner.java:334)
	at org.testng.SuiteRunner.runSequentially(SuiteRunner.java:329)
	at org.testng.SuiteRunner.privateRun(SuiteRunner.java:291)
	at org.testng.SuiteRunner.run(SuiteRunner.java:240)
	at org.testng.SuiteRunnerWorker.runSuite(SuiteRunnerWorker.java:52)
	at org.testng.SuiteRunnerWorker.run(SuiteRunnerWorker.java:86)
	at org.testng.TestNG.runSuitesSequentially(TestNG.java:1224)
	at org.testng.TestNG.runSuitesLocally(TestNG.java:1149)
	at org.testng.TestNG.run(TestNG.java:1057)
	at org.testng.IDEARemoteTestNG.run(IDEARemoteTestNG.java:74)
	at org.testng.RemoteTestNGStarter.main(RemoteTestNGStarter.java:121)
	at sun.reflect.NativeMethodAccessorImpl.invoke0(Native Method)
	at sun.reflect.NativeMethodAccessorImpl.invoke(NativeMethodAccessorImpl.java:57)
	at sun.reflect.DelegatingMethodAccessorImpl.invoke(DelegatingMethodAccessorImpl.java:43)
	at java.lang.reflect.Method.invoke(Method.java:606)
	at com.intellij.rt.execution.application.AppMain.main(AppMain.java:144)
Caused by: org.openqa.selenium.WebDriverException: java.net.SocketException: No buffer space available (maximum connections reached?): connect
Build info: version: '2.53.0', revision: '35ae25b1534ae328c771e0856c93e187490ca824', time: '2016-03-15 10:43:46'
System info: host: 'song-PC', ip: '192.168.12.104', os.name: 'Windows 7', os.arch: 'amd64', os.version: '6.1', java.version: '1.7.0_79'
Driver info: driver.version: EventFiringWebDriver
	at org.openqa.selenium.remote.service.DriverCommandExecutor.execute(DriverCommandExecutor.java:91)
	at org.openqa.selenium.remote.RemoteWebDriver.execute(RemoteWebDriver.java:644)
	... 39 more
Caused by: java.net.SocketException: No buffer space available (maximum connections reached?): connect
	at java.net.DualStackPlainSocketImpl.connect0(Native Method)
	at java.net.DualStackPlainSocketImpl.socketConnect(DualStackPlainSocketImpl.java:83)
	at java.net.AbstractPlainSocketImpl.doConnect(AbstractPlainSocketImpl.java:339)
	at java.net.AbstractPlainSocketImpl.connectToAddress(AbstractPlainSocketImpl.java:200)
	at java.net.AbstractPlainSocketImpl.connect(AbstractPlainSocketImpl.java:182)
	at java.net.PlainSocketImpl.connect(PlainSocketImpl.java:172)
	at java.net.SocksSocketImpl.connect(SocksSocketImpl.java:392)
	at java.net.Socket.connect(Socket.java:579)
	at org.apache.http.conn.socket.PlainConnectionSocketFactory.connectSocket(PlainConnectionSocketFactory.java:74)
	at org.apache.http.impl.conn.DefaultHttpClientConnectionOperator.connect(DefaultHttpClientConnectionOperator.java:134)
	at org.apache.http.impl.conn.PoolingHttpClientConnectionManager.connect(PoolingHttpClientConnectionManager.java:353)
	at org.apache.http.impl.execchain.MainClientExec.establishRoute(MainClientExec.java:380)
	at org.apache.http.impl.execchain.MainClientExec.execute(MainClientExec.java:236)
	at org.apache.http.impl.execchain.ProtocolExec.execute(ProtocolExec.java:184)
	at org.apache.http.impl.execchain.RetryExec.execute(RetryExec.java:88)
	at org.apache.http.impl.execchain.RedirectExec.execute(RedirectExec.java:110)
	at org.apache.http.impl.client.InternalHttpClient.doExecute(InternalHttpClient.java:184)
	at org.apache.http.impl.client.CloseableHttpClient.execute(CloseableHttpClient.java:71)
	at org.apache.http.impl.client.CloseableHttpClient.execute(CloseableHttpClient.java:55)
	at org.openqa.selenium.remote.internal.ApacheHttpClient.fallBackExecute(ApacheHttpClient.java:144)
	at org.openqa.selenium.remote.internal.ApacheHttpClient.execute(ApacheHttpClient.java:90)
	at org.openqa.selenium.remote.HttpCommandExecutor.execute(HttpCommandExecutor.java:142)
	at org.openqa.selenium.remote.service.DriverCommandExecutor.execute(DriverCommandExecutor.java:82)
	... 40 more
[INFO][2016-04-15 15:26:20]/\/\/\/\/\/\---TestCase = CancelOrderTest---/\/\/\/\/\/\
[INFO][2016-04-15 15:26:20]#####################################################
[INFO][2016-04-15 16:14:57]#####################################################
[INFO][2016-04-15 16:14:57]\/\/\/\/\/\/---TestCase = LoginTest---\/\/\/\/\/\/
[INFO][2016-04-15 16:15:00]WebDriver navigating to:'http://101.200.2.207/'
[INFO][2016-04-15 16:15:07]WebDriver changing value in element found By.id: loginform-username from '' to ''
[INFO][2016-04-15 16:15:07]WebDriver changing value in element found By.id: loginform-username from '' to 'admin'
[INFO][2016-04-15 16:15:07]WebDriver changing value in element found By.id: loginform-password from '' to ''
[INFO][2016-04-15 16:15:07]WebDriver changing value in element found By.id: loginform-password from '' to 'Test2016QA'
[INFO][2016-04-15 16:15:07]WebDriver clicking on:'xpath: //*[@id='list']/li[5]/button'
[ERROR][2016-04-15 16:15:10]WebDriver error:
org.openqa.selenium.InvalidSelectorException: invalid selector: Unable to locate an element with the xpath expression /html/body/div[2]/aside[1]/div/section/div[1]/div[2]/p[1] because of the following error:
TypeError: Failed to execute 'createNSResolver' on 'Document': parameter 1 is not of type 'Node'.
  (Session info: chrome=49.0.2623.87)
  (Driver info: chromedriver=2.16.333243 (0bfa1d3575fc1044244f21ddb82bf870944ef961),platform=Windows NT 6.1 SP1 x86_64) (WARNING: The server did not provide any stacktrace information)
Command duration or timeout: 2.10 seconds
For documentation on this error, please visit: http://seleniumhq.org/exceptions/invalid_selector_exception.html
Build info: version: '2.53.0', revision: '35ae25b1534ae328c771e0856c93e187490ca824', time: '2016-03-15 10:43:46'
System info: host: 'song-PC', ip: '192.168.12.104', os.name: 'Windows 7', os.arch: 'amd64', os.version: '6.1', java.version: '1.7.0_79'
*** Element info: {Using=xpath, value=/html/body/div[2]/aside[1]/div/section/div[1]/div[2]/p[1]}
Session ID: ce30aac0fa335072f197528e2da01910
Driver info: org.openqa.selenium.chrome.ChromeDriver
Capabilities [{platform=XP, acceptSslCerts=true, javascriptEnabled=true, browserName=chrome, chrome={userDataDir=C:\Users\ADMINI~1\AppData\Local\Temp\scoped_dir7632_18140}, rotatable=false, locationContextEnabled=true, mobileEmulationEnabled=false, version=49.0.2623.87, takesHeapSnapshot=true, cssSelectorsEnabled=true, databaseEnabled=false, handlesAlerts=true, browserConnectionEnabled=false, webStorageEnabled=true, nativeEvents=true, hasTouchScreen=false, applicationCacheEnabled=false, takesScreenshot=true}]
	at sun.reflect.NativeConstructorAccessorImpl.newInstance0(Native Method)
	at sun.reflect.NativeConstructorAccessorImpl.newInstance(NativeConstructorAccessorImpl.java:57)
	at sun.reflect.DelegatingConstructorAccessorImpl.newInstance(DelegatingConstructorAccessorImpl.java:45)
	at java.lang.reflect.Constructor.newInstance(Constructor.java:526)
	at org.openqa.selenium.remote.ErrorHandler.createThrowable(ErrorHandler.java:206)
	at org.openqa.selenium.remote.ErrorHandler.throwIfResponseFailed(ErrorHandler.java:158)
	at org.openqa.selenium.remote.RemoteWebDriver.execute(RemoteWebDriver.java:678)
	at org.openqa.selenium.remote.RemoteWebDriver.findElement(RemoteWebDriver.java:363)
	at org.openqa.selenium.remote.RemoteWebDriver.findElementByXPath(RemoteWebDriver.java:500)
	at org.openqa.selenium.By$ByXPath.findElement(By.java:361)
	at org.openqa.selenium.remote.RemoteWebDriver.findElement(RemoteWebDriver.java:355)
	at sun.reflect.NativeMethodAccessorImpl.invoke0(Native Method)
	at sun.reflect.NativeMethodAccessorImpl.invoke(NativeMethodAccessorImpl.java:57)
	at sun.reflect.DelegatingMethodAccessorImpl.invoke(DelegatingMethodAccessorImpl.java:43)
	at java.lang.reflect.Method.invoke(Method.java:606)
	at org.openqa.selenium.support.events.EventFiringWebDriver$2.invoke(EventFiringWebDriver.java:103)
	at com.sun.proxy.$Proxy11.findElement(Unknown Source)
	at org.openqa.selenium.support.events.EventFiringWebDriver.findElement(EventFiringWebDriver.java:188)
	at org.openqa.selenium.support.pagefactory.DefaultElementLocator.findElement(DefaultElementLocator.java:69)
	at org.openqa.selenium.support.pagefactory.internal.LocatingElementHandler.invoke(LocatingElementHandler.java:38)
	at com.sun.proxy.$Proxy13.getText(Unknown Source)
	at webtest.core.util.Wait.reFresh(Wait.java:26)
	at cases_ejj.LoginTest.login(LoginTest.java:25)
	at sun.reflect.NativeMethodAccessorImpl.invoke0(Native Method)
	at sun.reflect.NativeMethodAccessorImpl.invoke(NativeMethodAccessorImpl.java:57)
	at sun.reflect.DelegatingMethodAccessorImpl.invoke(DelegatingMethodAccessorImpl.java:43)
	at java.lang.reflect.Method.invoke(Method.java:606)
	at org.testng.internal.MethodInvocationHelper.invokeMethod(MethodInvocationHelper.java:84)
	at org.testng.internal.Invoker.invokeMethod(Invoker.java:714)
	at org.testng.internal.Invoker.invokeTestMethod(Invoker.java:901)
	at org.testng.internal.Invoker.invokeTestMethods(Invoker.java:1231)
	at org.testng.internal.TestMethodWorker.invokeTestMethods(TestMethodWorker.java:127)
	at org.testng.internal.TestMethodWorker.run(TestMethodWorker.java:111)
	at org.testng.TestRunner.privateRun(TestRunner.java:767)
	at org.testng.TestRunner.run(TestRunner.java:617)
	at org.testng.SuiteRunner.runTest(SuiteRunner.java:334)
	at org.testng.SuiteRunner.runSequentially(SuiteRunner.java:329)
	at org.testng.SuiteRunner.privateRun(SuiteRunner.java:291)
	at org.testng.SuiteRunner.run(SuiteRunner.java:240)
	at org.testng.SuiteRunnerWorker.runSuite(SuiteRunnerWorker.java:52)
	at org.testng.SuiteRunnerWorker.run(SuiteRunnerWorker.java:86)
	at org.testng.TestNG.runSuitesSequentially(TestNG.java:1224)
	at org.testng.TestNG.runSuitesLocally(TestNG.java:1149)
	at org.testng.TestNG.run(TestNG.java:1057)
	at org.testng.IDEARemoteTestNG.run(IDEARemoteTestNG.java:74)
	at org.testng.RemoteTestNGStarter.main(RemoteTestNGStarter.java:121)
	at sun.reflect.NativeMethodAccessorImpl.invoke0(Native Method)
	at sun.reflect.NativeMethodAccessorImpl.invoke(NativeMethodAccessorImpl.java:57)
	at sun.reflect.DelegatingMethodAccessorImpl.invoke(DelegatingMethodAccessorImpl.java:43)
	at java.lang.reflect.Method.invoke(Method.java:606)
	at com.intellij.rt.execution.application.AppMain.main(AppMain.java:144)
[INFO][2016-04-15 16:15:13]WebDriver navigating to:'http://101.200.2.207/'
[INFO][2016-04-15 16:15:20]WebDriver changing value in element found By.id: loginform-username from '' to ''
[INFO][2016-04-15 16:15:20]WebDriver changing value in element found By.id: loginform-username from '' to 'admin'
[INFO][2016-04-15 16:15:20]WebDriver changing value in element found By.id: loginform-password from '' to ''
[INFO][2016-04-15 16:15:20]WebDriver changing value in element found By.id: loginform-password from '' to 'cuowumima'
[INFO][2016-04-15 16:15:20]WebDriver clicking on:'xpath: //*[@id='list']/li[5]/button'
[INFO][2016-04-15 16:15:21]/\/\/\/\/\/\---TestCase = LoginTest---/\/\/\/\/\/\
[INFO][2016-04-15 16:15:21]#####################################################
[INFO][2016-04-15 16:15:21]#####################################################
[INFO][2016-04-15 16:15:21]\/\/\/\/\/\/---TestCase = HomeLinkTest---\/\/\/\/\/\/
[INFO][2016-04-15 16:15:22]WebDriver navigating to:'http://101.200.2.207/'
[INFO][2016-04-15 16:15:30]WebDriver changing value in element found By.id: loginform-username from '' to ''
[INFO][2016-04-15 16:15:30]WebDriver changing value in element found By.id: loginform-username from '' to 'admin'
[INFO][2016-04-15 16:15:31]WebDriver changing value in element found By.id: loginform-password from '' to ''
[INFO][2016-04-15 16:15:31]WebDriver changing value in element found By.id: loginform-password from '' to 'Test2016QA'
[INFO][2016-04-15 16:15:31]WebDriver clicking on:'xpath: //*[@id='list']/li[5]/button'
[INFO][2016-04-15 16:15:34]WebDriver navigating to:'http://101.200.2.207/'
[INFO][2016-04-15 16:15:38]WebDriver navigating to:'http://101.200.2.207/'
[INFO][2016-04-15 16:15:40]WebDriver navigating to:'http://101.200.2.207/'
[INFO][2016-04-15 16:15:44]WebDriver navigating to:'http://101.200.2.207/'
[INFO][2016-04-15 16:15:47]/\/\/\/\/\/\---TestCase = HomeLinkTest---/\/\/\/\/\/\
[INFO][2016-04-15 16:15:47]#####################################################
[INFO][2016-04-15 16:15:47]#####################################################
[INFO][2016-04-15 16:15:47]\/\/\/\/\/\/---TestCase = MakeOrder_Test---\/\/\/\/\/\/
[INFO][2016-04-15 16:15:48]WebDriver navigating to:'http://101.200.2.207/'
[INFO][2016-04-15 16:15:54]WebDriver changing value in element found By.id: loginform-username from '' to ''
[INFO][2016-04-15 16:15:54]WebDriver changing value in element found By.id: loginform-username from '' to 'admin'
[INFO][2016-04-15 16:15:54]WebDriver changing value in element found By.id: loginform-password from '' to ''
[INFO][2016-04-15 16:15:54]WebDriver changing value in element found By.id: loginform-password from '' to 'Test2016QA'
[INFO][2016-04-15 16:15:54]WebDriver clicking on:'xpath: //*[@id='list']/li[5]/button'
[INFO][2016-04-15 16:16:00]WebDriver changing value in element found By.id: order-order_customer_phone from '' to '18911704270'
[ERROR][2016-04-15 16:16:03]WebDriver error: Element not found By.xpath: //*[@id='order-address_id']/div[1]/div[1]/select
[INFO][2016-04-15 16:16:03]WebDriver clicking on:'xpath: //*[@id='order-address_id']/div[1]/button'
[INFO][2016-04-15 16:16:03]WebDriver changing value in element found By.xpath: //*[@id="order-address_id"]/div[1]/div[4]/input from '大悦城' to ''
[INFO][2016-04-15 16:16:03]WebDriver changing value in element found By.xpath: //*[@id="order-address_id"]/div[1]/div[4]/input from '' to '大悦城'
[INFO][2016-04-15 16:16:03]WebDriver clicking on:'xpath: //*[@id="order-address_id"]/div[1]/div[7]/button[1]'
[INFO][2016-04-15 16:16:04]WebDriver clicking on:'xpath: //*[@id='order-address_id']/div[1]/label[1]'
[INFO][2016-04-15 16:16:04]WebDriver clicking on:'xpath: //*[@id='order-order_service_item_id']/label[1]/input'
[INFO][2016-04-15 16:16:04]WebDriver changing value in element found By.id: order-orderbookeddate from '2016-04-15' to ''
[INFO][2016-04-15 16:16:04]WebDriver changing value in element found By.id: order-orderbookeddate from '' to '2016-4-16'
[INFO][2016-04-15 16:16:04]WebDriver clicking on:'xpath: //*[@id="order-order_booked_count"]/label[2]'
[INFO][2016-04-15 16:16:04]WebDriver clicking on:'xpath: //*[@id="order-order_booked_count"]/label[1]/input'
[INFO][2016-04-15 16:16:06]WebDriver clicking on:'xpath: //*[@id="order-orderbookedtimerange"]/label[1]/input'
[INFO][2016-04-15 16:16:06]WebDriver clicking on:'xpath: //*[@id='order-pay_channel_id']/label[2]/input'
[INFO][2016-04-15 16:16:06]WebDriver clicking on:'xpath: //*[@id='order-order_flag_sys_assign']/label[2]/input'
[INFO][2016-04-15 16:16:06]WebDriver clicking on:'id: submit_button_3'
[INFO][2016-04-15 16:16:09]/\/\/\/\/\/\---TestCase = MakeOrder_Test---/\/\/\/\/\/\
[INFO][2016-04-15 16:16:09]#####################################################
[INFO][2016-04-15 16:16:09]#####################################################
[INFO][2016-04-15 16:16:09]\/\/\/\/\/\/---TestCase = CancelOrderTest---\/\/\/\/\/\/
[INFO][2016-04-15 16:16:10]WebDriver navigating to:'http://101.200.2.207/'
[INFO][2016-04-15 16:16:16]WebDriver changing value in element found By.id: loginform-username from '' to ''
[INFO][2016-04-15 16:16:16]WebDriver changing value in element found By.id: loginform-username from '' to 'admin'
[INFO][2016-04-15 16:16:16]WebDriver changing value in element found By.id: loginform-password from '' to ''
[INFO][2016-04-15 16:16:16]WebDriver changing value in element found By.id: loginform-password from '' to 'Test2016QA'
[INFO][2016-04-15 16:16:16]WebDriver clicking on:'xpath: //*[@id='list']/li[5]/button'
[ERROR][2016-04-15 16:16:18]WebDriver error:
org.openqa.selenium.InvalidSelectorException: invalid selector: Unable to locate an element with the xpath expression /html/body/div[2]/aside[1]/div/section/div[1]/div[2]/p[1] because of the following error:
TypeError: Failed to execute 'createNSResolver' on 'Document': parameter 1 is not of type 'Node'.
  (Session info: chrome=49.0.2623.87)
  (Driver info: chromedriver=2.16.333243 (0bfa1d3575fc1044244f21ddb82bf870944ef961),platform=Windows NT 6.1 SP1 x86_64) (WARNING: The server did not provide any stacktrace information)
Command duration or timeout: 2.10 seconds
For documentation on this error, please visit: http://seleniumhq.org/exceptions/invalid_selector_exception.html
Build info: version: '2.53.0', revision: '35ae25b1534ae328c771e0856c93e187490ca824', time: '2016-03-15 10:43:46'
System info: host: 'song-PC', ip: '192.168.12.104', os.name: 'Windows 7', os.arch: 'amd64', os.version: '6.1', java.version: '1.7.0_79'
*** Element info: {Using=xpath, value=/html/body/div[2]/aside[1]/div/section/div[1]/div[2]/p[1]}
Session ID: 83450df4cf57e7300fe7b05ea7dd57a3
Driver info: org.openqa.selenium.chrome.ChromeDriver
Capabilities [{platform=XP, acceptSslCerts=true, javascriptEnabled=true, browserName=chrome, chrome={userDataDir=C:\Users\ADMINI~1\AppData\Local\Temp\scoped_dir3616_12119}, rotatable=false, locationContextEnabled=true, mobileEmulationEnabled=false, version=49.0.2623.87, takesHeapSnapshot=true, cssSelectorsEnabled=true, databaseEnabled=false, handlesAlerts=true, browserConnectionEnabled=false, webStorageEnabled=true, nativeEvents=true, hasTouchScreen=false, applicationCacheEnabled=false, takesScreenshot=true}]
	at sun.reflect.NativeConstructorAccessorImpl.newInstance0(Native Method)
	at sun.reflect.NativeConstructorAccessorImpl.newInstance(NativeConstructorAccessorImpl.java:57)
	at sun.reflect.DelegatingConstructorAccessorImpl.newInstance(DelegatingConstructorAccessorImpl.java:45)
	at java.lang.reflect.Constructor.newInstance(Constructor.java:526)
	at org.openqa.selenium.remote.ErrorHandler.createThrowable(ErrorHandler.java:206)
	at org.openqa.selenium.remote.ErrorHandler.throwIfResponseFailed(ErrorHandler.java:158)
	at org.openqa.selenium.remote.RemoteWebDriver.execute(RemoteWebDriver.java:678)
	at org.openqa.selenium.remote.RemoteWebDriver.findElement(RemoteWebDriver.java:363)
	at org.openqa.selenium.remote.RemoteWebDriver.findElementByXPath(RemoteWebDriver.java:500)
	at org.openqa.selenium.By$ByXPath.findElement(By.java:361)
	at org.openqa.selenium.remote.RemoteWebDriver.findElement(RemoteWebDriver.java:355)
	at sun.reflect.GeneratedMethodAccessor3.invoke(Unknown Source)
	at sun.reflect.DelegatingMethodAccessorImpl.invoke(DelegatingMethodAccessorImpl.java:43)
	at java.lang.reflect.Method.invoke(Method.java:606)
	at org.openqa.selenium.support.events.EventFiringWebDriver$2.invoke(EventFiringWebDriver.java:103)
	at com.sun.proxy.$Proxy11.findElement(Unknown Source)
	at org.openqa.selenium.support.events.EventFiringWebDriver.findElement(EventFiringWebDriver.java:188)
	at org.openqa.selenium.support.pagefactory.DefaultElementLocator.findElement(DefaultElementLocator.java:69)
	at org.openqa.selenium.support.pagefactory.internal.LocatingElementHandler.invoke(LocatingElementHandler.java:38)
	at com.sun.proxy.$Proxy13.getText(Unknown Source)
	at webtest.core.util.Wait.reFresh(Wait.java:26)
	at cases_ejj.LoginTest.login(LoginTest.java:25)
	at cases_ejj.dingdan.CancelOrderTest.beforeMethod(CancelOrderTest.java:46)
	at sun.reflect.NativeMethodAccessorImpl.invoke0(Native Method)
	at sun.reflect.NativeMethodAccessorImpl.invoke(NativeMethodAccessorImpl.java:57)
	at sun.reflect.DelegatingMethodAccessorImpl.invoke(DelegatingMethodAccessorImpl.java:43)
	at java.lang.reflect.Method.invoke(Method.java:606)
	at org.testng.internal.MethodInvocationHelper.invokeMethod(MethodInvocationHelper.java:84)
	at org.testng.internal.Invoker.invokeConfigurationMethod(Invoker.java:564)
	at org.testng.internal.Invoker.invokeConfigurations(Invoker.java:213)
	at org.testng.internal.Invoker.invokeMethod(Invoker.java:653)
	at org.testng.internal.Invoker.invokeTestMethod(Invoker.java:901)
	at org.testng.internal.Invoker.invokeTestMethods(Invoker.java:1231)
	at org.testng.internal.TestMethodWorker.invokeTestMethods(TestMethodWorker.java:127)
	at org.testng.internal.TestMethodWorker.run(TestMethodWorker.java:111)
	at org.testng.TestRunner.privateRun(TestRunner.java:767)
	at org.testng.TestRunner.run(TestRunner.java:617)
	at org.testng.SuiteRunner.runTest(SuiteRunner.java:334)
	at org.testng.SuiteRunner.runSequentially(SuiteRunner.java:329)
	at org.testng.SuiteRunner.privateRun(SuiteRunner.java:291)
	at org.testng.SuiteRunner.run(SuiteRunner.java:240)
	at org.testng.SuiteRunnerWorker.runSuite(SuiteRunnerWorker.java:52)
	at org.testng.SuiteRunnerWorker.run(SuiteRunnerWorker.java:86)
	at org.testng.TestNG.runSuitesSequentially(TestNG.java:1224)
	at org.testng.TestNG.runSuitesLocally(TestNG.java:1149)
	at org.testng.TestNG.run(TestNG.java:1057)
	at org.testng.IDEARemoteTestNG.run(IDEARemoteTestNG.java:74)
	at org.testng.RemoteTestNGStarter.main(RemoteTestNGStarter.java:121)
	at sun.reflect.NativeMethodAccessorImpl.invoke0(Native Method)
	at sun.reflect.NativeMethodAccessorImpl.invoke(NativeMethodAccessorImpl.java:57)
	at sun.reflect.DelegatingMethodAccessorImpl.invoke(DelegatingMethodAccessorImpl.java:43)
	at java.lang.reflect.Method.invoke(Method.java:606)
	at com.intellij.rt.execution.application.AppMain.main(AppMain.java:144)
[INFO][2016-04-15 16:16:24]WebDriver clicking on:'xpath: //*[@id="w1"]/div[2]/div/table/tbody/tr[2]/td[5]/p[3]/a'
[INFO][2016-04-15 16:16:24]WebDriver clicking on:'xpath: //*[@id="HBox"]/form/ul/li[1]/div/label[1]/input'
[INFO][2016-04-15 16:16:24]WebDriver clicking on:'xpath: //*[@id="HBox"]/form/ul/li[2]/div[1]/label[2]/input'
[INFO][2016-04-15 16:16:24]WebDriver changing value in element found By.id: text_CancelNote from '' to '自动化测试取消订单'
[INFO][2016-04-15 16:16:25]WebDriver clicking on:'xpath: //*[@id="HBox"]/form/ul/li[4]/input'
[INFO][2016-04-15 16:16:25]/\/\/\/\/\/\---TestCase = CancelOrderTest---/\/\/\/\/\/\
[INFO][2016-04-15 16:16:25]#####################################################
[INFO][2016-04-15 16:26:40]#####################################################
[INFO][2016-04-15 16:26:40]\/\/\/\/\/\/---TestCase = LoginTest---\/\/\/\/\/\/
[INFO][2016-04-15 16:26:42]WebDriver navigating to:'http://101.200.2.207/'
[INFO][2016-04-15 16:26:50]WebDriver changing value in element found By.id: loginform-username from '' to ''
[INFO][2016-04-15 16:26:50]WebDriver changing value in element found By.id: loginform-username from '' to 'admin'
[INFO][2016-04-15 16:26:50]WebDriver changing value in element found By.id: loginform-password from '' to ''
[INFO][2016-04-15 16:26:50]WebDriver changing value in element found By.id: loginform-password from '' to 'Test2016QA'
[INFO][2016-04-15 16:26:51]WebDriver clicking on:'xpath: //*[@id='list']/li[5]/button'
[INFO][2016-04-15 16:26:57]WebDriver navigating to:'http://101.200.2.207/'
[INFO][2016-04-15 16:27:03]WebDriver changing value in element found By.id: loginform-username from '' to ''
[INFO][2016-04-15 16:27:03]WebDriver changing value in element found By.id: loginform-username from '' to 'admin'
[INFO][2016-04-15 16:27:04]WebDriver changing value in element found By.id: loginform-password from '' to ''
[INFO][2016-04-15 16:27:04]WebDriver changing value in element found By.id: loginform-password from '' to 'cuowumima'
[INFO][2016-04-15 16:27:04]WebDriver clicking on:'xpath: //*[@id='list']/li[5]/button'
[INFO][2016-04-15 16:27:05]/\/\/\/\/\/\---TestCase = LoginTest---/\/\/\/\/\/\
[INFO][2016-04-15 16:27:05]#####################################################
[INFO][2016-04-15 16:27:05]#####################################################
[INFO][2016-04-15 16:27:05]\/\/\/\/\/\/---TestCase = HomeLinkTest---\/\/\/\/\/\/
[INFO][2016-04-15 16:27:06]WebDriver navigating to:'http://101.200.2.207/'
[INFO][2016-04-15 16:27:12]WebDriver changing value in element found By.id: loginform-username from '' to ''
[INFO][2016-04-15 16:27:13]WebDriver changing value in element found By.id: loginform-username from '' to 'admin'
[INFO][2016-04-15 16:27:13]WebDriver changing value in element found By.id: loginform-password from '' to ''
[INFO][2016-04-15 16:27:13]WebDriver changing value in element found By.id: loginform-password from '' to 'Test2016QA'
[INFO][2016-04-15 16:27:13]WebDriver clicking on:'xpath: //*[@id='list']/li[5]/button'
[INFO][2016-04-15 16:27:17]WebDriver navigating to:'http://101.200.2.207/'
[INFO][2016-04-15 16:27:20]WebDriver navigating to:'http://101.200.2.207/'
[INFO][2016-04-15 16:27:22]WebDriver navigating to:'http://101.200.2.207/'
[INFO][2016-04-15 16:27:26]WebDriver navigating to:'http://101.200.2.207/'
[INFO][2016-04-15 16:27:29]/\/\/\/\/\/\---TestCase = HomeLinkTest---/\/\/\/\/\/\
[INFO][2016-04-15 16:27:29]#####################################################
[INFO][2016-04-15 16:27:29]#####################################################
[INFO][2016-04-15 16:27:29]\/\/\/\/\/\/---TestCase = MakeOrder_Test---\/\/\/\/\/\/
[INFO][2016-04-15 16:27:31]WebDriver navigating to:'http://101.200.2.207/'
[INFO][2016-04-15 16:27:37]WebDriver changing value in element found By.id: loginform-username from '' to ''
[INFO][2016-04-15 16:27:37]WebDriver changing value in element found By.id: loginform-username from '' to 'admin'
[INFO][2016-04-15 16:27:37]WebDriver changing value in element found By.id: loginform-password from '' to ''
[INFO][2016-04-15 16:27:37]WebDriver changing value in element found By.id: loginform-password from '' to 'Test2016QA'
[INFO][2016-04-15 16:27:37]WebDriver clicking on:'xpath: //*[@id='list']/li[5]/button'
[ERROR][2016-04-15 16:27:40]WebDriver error:
org.openqa.selenium.InvalidSelectorException: invalid selector: Unable to locate an element with the xpath expression /html/body/div[2]/aside[1]/div/section/div[1]/div[2]/p[1] because of the following error:
TypeError: Failed to execute 'createNSResolver' on 'Document': parameter 1 is not of type 'Node'.
  (Session info: chrome=49.0.2623.87)
  (Driver info: chromedriver=2.16.333243 (0bfa1d3575fc1044244f21ddb82bf870944ef961),platform=Windows NT 6.1 SP1 x86_64) (WARNING: The server did not provide any stacktrace information)
Command duration or timeout: 2.41 seconds
For documentation on this error, please visit: http://seleniumhq.org/exceptions/invalid_selector_exception.html
Build info: version: '2.53.0', revision: '35ae25b1534ae328c771e0856c93e187490ca824', time: '2016-03-15 10:43:46'
System info: host: 'song-PC', ip: '192.168.12.104', os.name: 'Windows 7', os.arch: 'amd64', os.version: '6.1', java.version: '1.7.0_79'
*** Element info: {Using=xpath, value=/html/body/div[2]/aside[1]/div/section/div[1]/div[2]/p[1]}
Session ID: 3d89f2c34bc3bb9cf3331ab3e76aebaa
Driver info: org.openqa.selenium.chrome.ChromeDriver
Capabilities [{platform=XP, acceptSslCerts=true, javascriptEnabled=true, browserName=chrome, chrome={userDataDir=C:\Users\ADMINI~1\AppData\Local\Temp\scoped_dir9104_20213}, rotatable=false, locationContextEnabled=true, mobileEmulationEnabled=false, version=49.0.2623.87, takesHeapSnapshot=true, cssSelectorsEnabled=true, databaseEnabled=false, handlesAlerts=true, browserConnectionEnabled=false, webStorageEnabled=true, nativeEvents=true, hasTouchScreen=false, applicationCacheEnabled=false, takesScreenshot=true}]
	at sun.reflect.NativeConstructorAccessorImpl.newInstance0(Native Method)
	at sun.reflect.NativeConstructorAccessorImpl.newInstance(NativeConstructorAccessorImpl.java:57)
	at sun.reflect.DelegatingConstructorAccessorImpl.newInstance(DelegatingConstructorAccessorImpl.java:45)
	at java.lang.reflect.Constructor.newInstance(Constructor.java:526)
	at org.openqa.selenium.remote.ErrorHandler.createThrowable(ErrorHandler.java:206)
	at org.openqa.selenium.remote.ErrorHandler.throwIfResponseFailed(ErrorHandler.java:158)
	at org.openqa.selenium.remote.RemoteWebDriver.execute(RemoteWebDriver.java:678)
	at org.openqa.selenium.remote.RemoteWebDriver.findElement(RemoteWebDriver.java:363)
	at org.openqa.selenium.remote.RemoteWebDriver.findElementByXPath(RemoteWebDriver.java:500)
	at org.openqa.selenium.By$ByXPath.findElement(By.java:361)
	at org.openqa.selenium.remote.RemoteWebDriver.findElement(RemoteWebDriver.java:355)
	at sun.reflect.GeneratedMethodAccessor3.invoke(Unknown Source)
	at sun.reflect.DelegatingMethodAccessorImpl.invoke(DelegatingMethodAccessorImpl.java:43)
	at java.lang.reflect.Method.invoke(Method.java:606)
	at org.openqa.selenium.support.events.EventFiringWebDriver$2.invoke(EventFiringWebDriver.java:103)
	at com.sun.proxy.$Proxy11.findElement(Unknown Source)
	at org.openqa.selenium.support.events.EventFiringWebDriver.findElement(EventFiringWebDriver.java:188)
	at org.openqa.selenium.support.pagefactory.DefaultElementLocator.findElement(DefaultElementLocator.java:69)
	at org.openqa.selenium.support.pagefactory.internal.LocatingElementHandler.invoke(LocatingElementHandler.java:38)
	at com.sun.proxy.$Proxy13.getText(Unknown Source)
	at webtest.core.util.Wait.reFresh(Wait.java:26)
	at cases_ejj.LoginTest.login(LoginTest.java:25)
	at cases_ejj.dingdan.MakeOrder_Test.beforeMethod(MakeOrder_Test.java:51)
	at sun.reflect.NativeMethodAccessorImpl.invoke0(Native Method)
	at sun.reflect.NativeMethodAccessorImpl.invoke(NativeMethodAccessorImpl.java:57)
	at sun.reflect.DelegatingMethodAccessorImpl.invoke(DelegatingMethodAccessorImpl.java:43)
	at java.lang.reflect.Method.invoke(Method.java:606)
	at org.testng.internal.MethodInvocationHelper.invokeMethod(MethodInvocationHelper.java:84)
	at org.testng.internal.Invoker.invokeConfigurationMethod(Invoker.java:564)
	at org.testng.internal.Invoker.invokeConfigurations(Invoker.java:213)
	at org.testng.internal.Invoker.invokeMethod(Invoker.java:653)
	at org.testng.internal.Invoker.invokeTestMethod(Invoker.java:901)
	at org.testng.internal.Invoker.invokeTestMethods(Invoker.java:1231)
	at org.testng.internal.TestMethodWorker.invokeTestMethods(TestMethodWorker.java:127)
	at org.testng.internal.TestMethodWorker.run(TestMethodWorker.java:111)
	at org.testng.TestRunner.privateRun(TestRunner.java:767)
	at org.testng.TestRunner.run(TestRunner.java:617)
	at org.testng.SuiteRunner.runTest(SuiteRunner.java:334)
	at org.testng.SuiteRunner.runSequentially(SuiteRunner.java:329)
	at org.testng.SuiteRunner.privateRun(SuiteRunner.java:291)
	at org.testng.SuiteRunner.run(SuiteRunner.java:240)
	at org.testng.SuiteRunnerWorker.runSuite(SuiteRunnerWorker.java:52)
	at org.testng.SuiteRunnerWorker.run(SuiteRunnerWorker.java:86)
	at org.testng.TestNG.runSuitesSequentially(TestNG.java:1224)
	at org.testng.TestNG.runSuitesLocally(TestNG.java:1149)
	at org.testng.TestNG.run(TestNG.java:1057)
	at org.testng.IDEARemoteTestNG.run(IDEARemoteTestNG.java:74)
	at org.testng.RemoteTestNGStarter.main(RemoteTestNGStarter.java:121)
	at sun.reflect.NativeMethodAccessorImpl.invoke0(Native Method)
	at sun.reflect.NativeMethodAccessorImpl.invoke(NativeMethodAccessorImpl.java:57)
	at sun.reflect.DelegatingMethodAccessorImpl.invoke(DelegatingMethodAccessorImpl.java:43)
	at java.lang.reflect.Method.invoke(Method.java:606)
	at com.intellij.rt.execution.application.AppMain.main(AppMain.java:144)
[INFO][2016-04-15 16:27:43]WebDriver changing value in element found By.id: order-order_customer_phone from '' to '18911704270'
[ERROR][2016-04-15 16:27:46]WebDriver error: Element not found By.xpath: //*[@id='order-address_id']/div[1]/div[1]/select
[INFO][2016-04-15 16:27:46]WebDriver clicking on:'xpath: //*[@id='order-address_id']/div[1]/button'
[INFO][2016-04-15 16:27:46]WebDriver changing value in element found By.xpath: //*[@id="order-address_id"]/div[1]/div[4]/input from '大悦城' to ''
[INFO][2016-04-15 16:27:46]WebDriver changing value in element found By.xpath: //*[@id="order-address_id"]/div[1]/div[4]/input from '' to '大悦城'
[INFO][2016-04-15 16:27:46]WebDriver clicking on:'xpath: //*[@id="order-address_id"]/div[1]/div[7]/button[1]'
[INFO][2016-04-15 16:27:47]WebDriver clicking on:'xpath: //*[@id='order-address_id']/div[1]/label[1]'
[INFO][2016-04-15 16:27:47]WebDriver clicking on:'xpath: //*[@id='order-order_service_item_id']/label[1]/input'
[INFO][2016-04-15 16:27:47]WebDriver changing value in element found By.id: order-orderbookeddate from '2016-04-15' to ''
[INFO][2016-04-15 16:27:47]WebDriver changing value in element found By.id: order-orderbookeddate from '' to '2016-4-16'
[INFO][2016-04-15 16:27:47]WebDriver clicking on:'xpath: //*[@id="order-order_booked_count"]/label[2]'
[INFO][2016-04-15 16:27:48]WebDriver clicking on:'xpath: //*[@id="order-order_booked_count"]/label[1]/input'
[INFO][2016-04-15 16:27:49]WebDriver clicking on:'xpath: //*[@id="order-orderbookedtimerange"]/label[1]/input'
[INFO][2016-04-15 16:27:49]WebDriver clicking on:'xpath: //*[@id='order-pay_channel_id']/label[2]/input'
[INFO][2016-04-15 16:27:49]WebDriver clicking on:'xpath: //*[@id='order-order_flag_sys_assign']/label[2]/input'
[INFO][2016-04-15 16:27:49]WebDriver clicking on:'id: submit_button_3'
[INFO][2016-04-15 16:27:52]/\/\/\/\/\/\---TestCase = MakeOrder_Test---/\/\/\/\/\/\
[INFO][2016-04-15 16:27:52]#####################################################
[INFO][2016-04-15 16:27:52]#####################################################
[INFO][2016-04-15 16:27:52]\/\/\/\/\/\/---TestCase = CancelOrderTest---\/\/\/\/\/\/
[INFO][2016-04-15 16:27:54]WebDriver navigating to:'http://101.200.2.207/'
[INFO][2016-04-15 16:28:00]WebDriver changing value in element found By.id: loginform-username from '' to ''
[INFO][2016-04-15 16:28:00]WebDriver changing value in element found By.id: loginform-username from '' to 'admin'
[INFO][2016-04-15 16:28:00]WebDriver changing value in element found By.id: loginform-password from '' to ''
[INFO][2016-04-15 16:28:00]WebDriver changing value in element found By.id: loginform-password from '' to 'Test2016QA'
[INFO][2016-04-15 16:28:00]WebDriver clicking on:'xpath: //*[@id='list']/li[5]/button'
[INFO][2016-04-15 16:28:08]WebDriver clicking on:'xpath: //*[@id="w1"]/div[2]/div/table/tbody/tr[2]/td[5]/p[3]/a'
[INFO][2016-04-15 16:28:08]WebDriver clicking on:'xpath: //*[@id="HBox"]/form/ul/li[1]/div/label[1]/input'
[INFO][2016-04-15 16:28:08]WebDriver clicking on:'xpath: //*[@id="HBox"]/form/ul/li[2]/div[1]/label[2]/input'
[INFO][2016-04-15 16:28:09]WebDriver changing value in element found By.id: text_CancelNote from '' to '自动化测试取消订单'
[INFO][2016-04-15 16:28:09]WebDriver clicking on:'xpath: //*[@id="HBox"]/form/ul/li[4]/input'
[INFO][2016-04-15 16:28:11]/\/\/\/\/\/\---TestCase = CancelOrderTest---/\/\/\/\/\/\
[INFO][2016-04-15 16:28:11]#####################################################
[INFO][2016-04-15 16:57:49]#####################################################
[INFO][2016-04-15 16:57:49]\/\/\/\/\/\/---TestCase = LoginTest---\/\/\/\/\/\/
[INFO][2016-04-15 16:57:52]WebDriver navigating to:'http://101.200.2.207/'
[INFO][2016-04-15 16:57:59]WebDriver changing value in element found By.id: loginform-username from '' to ''
[INFO][2016-04-15 16:57:59]WebDriver changing value in element found By.id: loginform-username from '' to 'admin'
[INFO][2016-04-15 16:57:59]WebDriver changing value in element found By.id: loginform-password from '' to ''
[INFO][2016-04-15 16:57:59]WebDriver changing value in element found By.id: loginform-password from '' to 'Test2016QA'
[INFO][2016-04-15 16:57:59]WebDriver clicking on:'xpath: //*[@id='list']/li[5]/button'
[INFO][2016-04-15 16:58:06]WebDriver navigating to:'http://101.200.2.207/'
[INFO][2016-04-15 16:58:12]WebDriver changing value in element found By.id: loginform-username from '' to ''
[INFO][2016-04-15 16:58:12]WebDriver changing value in element found By.id: loginform-username from '' to 'admin'
[INFO][2016-04-15 16:58:12]WebDriver changing value in element found By.id: loginform-password from '' to ''
[INFO][2016-04-15 16:58:12]WebDriver changing value in element found By.id: loginform-password from '' to 'cuowumima'
[INFO][2016-04-15 16:58:12]WebDriver clicking on:'xpath: //*[@id='list']/li[5]/button'
[INFO][2016-04-15 16:58:13]/\/\/\/\/\/\---TestCase = LoginTest---/\/\/\/\/\/\
[INFO][2016-04-15 16:58:13]#####################################################
[INFO][2016-04-15 16:58:13]#####################################################
[INFO][2016-04-15 16:58:13]\/\/\/\/\/\/---TestCase = HomeLinkTest---\/\/\/\/\/\/
[INFO][2016-04-15 16:58:15]WebDriver navigating to:'http://101.200.2.207/'
[INFO][2016-04-15 16:58:21]WebDriver changing value in element found By.id: loginform-username from '' to ''
[INFO][2016-04-15 16:58:22]WebDriver changing value in element found By.id: loginform-username from '' to 'admin'
[INFO][2016-04-15 16:58:22]WebDriver changing value in element found By.id: loginform-password from '' to ''
[INFO][2016-04-15 16:58:22]WebDriver changing value in element found By.id: loginform-password from '' to 'Test2016QA'
[INFO][2016-04-15 16:58:22]WebDriver clicking on:'xpath: //*[@id='list']/li[5]/button'
[ERROR][2016-04-15 16:58:24]WebDriver error:
org.openqa.selenium.InvalidSelectorException: invalid selector: Unable to locate an element with the xpath expression /html/body/div[2]/aside[1]/div/section/div[1]/div[2]/p[1] because of the following error:
TypeError: Failed to execute 'createNSResolver' on 'Document': parameter 1 is not of type 'Node'.
  (Session info: chrome=49.0.2623.87)
  (Driver info: chromedriver=2.16.333243 (0bfa1d3575fc1044244f21ddb82bf870944ef961),platform=Windows NT 6.1 SP1 x86_64) (WARNING: The server did not provide any stacktrace information)
Command duration or timeout: 2.15 seconds
For documentation on this error, please visit: http://seleniumhq.org/exceptions/invalid_selector_exception.html
Build info: version: '2.53.0', revision: '35ae25b1534ae328c771e0856c93e187490ca824', time: '2016-03-15 10:43:46'
System info: host: 'song-PC', ip: '192.168.12.104', os.name: 'Windows 7', os.arch: 'amd64', os.version: '6.1', java.version: '1.7.0_79'
*** Element info: {Using=xpath, value=/html/body/div[2]/aside[1]/div/section/div[1]/div[2]/p[1]}
Session ID: 120024cd733f0d659864aa87f5045f79
Driver info: org.openqa.selenium.chrome.ChromeDriver
Capabilities [{platform=XP, acceptSslCerts=true, javascriptEnabled=true, browserName=chrome, chrome={userDataDir=C:\Users\ADMINI~1\AppData\Local\Temp\scoped_dir9012_9919}, rotatable=false, locationContextEnabled=true, mobileEmulationEnabled=false, version=49.0.2623.87, takesHeapSnapshot=true, cssSelectorsEnabled=true, databaseEnabled=false, handlesAlerts=true, browserConnectionEnabled=false, webStorageEnabled=true, nativeEvents=true, hasTouchScreen=false, applicationCacheEnabled=false, takesScreenshot=true}]
	at sun.reflect.NativeConstructorAccessorImpl.newInstance0(Native Method)
	at sun.reflect.NativeConstructorAccessorImpl.newInstance(NativeConstructorAccessorImpl.java:57)
	at sun.reflect.DelegatingConstructorAccessorImpl.newInstance(DelegatingConstructorAccessorImpl.java:45)
	at java.lang.reflect.Constructor.newInstance(Constructor.java:526)
	at org.openqa.selenium.remote.ErrorHandler.createThrowable(ErrorHandler.java:206)
	at org.openqa.selenium.remote.ErrorHandler.throwIfResponseFailed(ErrorHandler.java:158)
	at org.openqa.selenium.remote.RemoteWebDriver.execute(RemoteWebDriver.java:678)
	at org.openqa.selenium.remote.RemoteWebDriver.findElement(RemoteWebDriver.java:363)
	at org.openqa.selenium.remote.RemoteWebDriver.findElementByXPath(RemoteWebDriver.java:500)
	at org.openqa.selenium.By$ByXPath.findElement(By.java:361)
	at org.openqa.selenium.remote.RemoteWebDriver.findElement(RemoteWebDriver.java:355)
	at sun.reflect.GeneratedMethodAccessor3.invoke(Unknown Source)
	at sun.reflect.DelegatingMethodAccessorImpl.invoke(DelegatingMethodAccessorImpl.java:43)
	at java.lang.reflect.Method.invoke(Method.java:606)
	at org.openqa.selenium.support.events.EventFiringWebDriver$2.invoke(EventFiringWebDriver.java:103)
	at com.sun.proxy.$Proxy11.findElement(Unknown Source)
	at org.openqa.selenium.support.events.EventFiringWebDriver.findElement(EventFiringWebDriver.java:188)
	at org.openqa.selenium.support.pagefactory.DefaultElementLocator.findElement(DefaultElementLocator.java:69)
	at org.openqa.selenium.support.pagefactory.internal.LocatingElementHandler.invoke(LocatingElementHandler.java:38)
	at com.sun.proxy.$Proxy13.getText(Unknown Source)
	at webtest.core.util.Wait.reFresh(Wait.java:26)
	at cases_ejj.LoginTest.login(LoginTest.java:25)
	at cases_ejj.HomeLinkTest.login(HomeLinkTest.java:39)
	at sun.reflect.NativeMethodAccessorImpl.invoke0(Native Method)
	at sun.reflect.NativeMethodAccessorImpl.invoke(NativeMethodAccessorImpl.java:57)
	at sun.reflect.DelegatingMethodAccessorImpl.invoke(DelegatingMethodAccessorImpl.java:43)
	at java.lang.reflect.Method.invoke(Method.java:606)
	at org.testng.internal.MethodInvocationHelper.invokeMethod(MethodInvocationHelper.java:84)
	at org.testng.internal.Invoker.invokeMethod(Invoker.java:714)
	at org.testng.internal.Invoker.invokeTestMethod(Invoker.java:901)
	at org.testng.internal.Invoker.invokeTestMethods(Invoker.java:1231)
	at org.testng.internal.TestMethodWorker.invokeTestMethods(TestMethodWorker.java:127)
	at org.testng.internal.TestMethodWorker.run(TestMethodWorker.java:111)
	at org.testng.TestRunner.privateRun(TestRunner.java:767)
	at org.testng.TestRunner.run(TestRunner.java:617)
	at org.testng.SuiteRunner.runTest(SuiteRunner.java:334)
	at org.testng.SuiteRunner.runSequentially(SuiteRunner.java:329)
	at org.testng.SuiteRunner.privateRun(SuiteRunner.java:291)
	at org.testng.SuiteRunner.run(SuiteRunner.java:240)
	at org.testng.SuiteRunnerWorker.runSuite(SuiteRunnerWorker.java:52)
	at org.testng.SuiteRunnerWorker.run(SuiteRunnerWorker.java:86)
	at org.testng.TestNG.runSuitesSequentially(TestNG.java:1224)
	at org.testng.TestNG.runSuitesLocally(TestNG.java:1149)
	at org.testng.TestNG.run(TestNG.java:1057)
	at org.testng.IDEARemoteTestNG.run(IDEARemoteTestNG.java:74)
	at org.testng.RemoteTestNGStarter.main(RemoteTestNGStarter.java:121)
	at sun.reflect.NativeMethodAccessorImpl.invoke0(Native Method)
	at sun.reflect.NativeMethodAccessorImpl.invoke(NativeMethodAccessorImpl.java:57)
	at sun.reflect.DelegatingMethodAccessorImpl.invoke(DelegatingMethodAccessorImpl.java:43)
	at java.lang.reflect.Method.invoke(Method.java:606)
	at com.intellij.rt.execution.application.AppMain.main(AppMain.java:144)
[INFO][2016-04-15 16:58:25]WebDriver navigating to:'http://101.200.2.207/'
[INFO][2016-04-15 16:58:29]WebDriver navigating to:'http://101.200.2.207/'
[INFO][2016-04-15 16:58:31]WebDriver navigating to:'http://101.200.2.207/'
[INFO][2016-04-15 16:58:35]WebDriver navigating to:'http://101.200.2.207/'
[INFO][2016-04-15 16:58:38]/\/\/\/\/\/\---TestCase = HomeLinkTest---/\/\/\/\/\/\
[INFO][2016-04-15 16:58:38]#####################################################
[INFO][2016-04-15 16:58:38]#####################################################
[INFO][2016-04-15 16:58:38]\/\/\/\/\/\/---TestCase = MakeOrder_Test---\/\/\/\/\/\/
[INFO][2016-04-15 16:58:40]WebDriver navigating to:'http://101.200.2.207/'
[INFO][2016-04-15 16:58:46]WebDriver changing value in element found By.id: loginform-username from '' to ''
[INFO][2016-04-15 16:58:46]WebDriver changing value in element found By.id: loginform-username from '' to 'admin'
[INFO][2016-04-15 16:58:46]WebDriver changing value in element found By.id: loginform-password from '' to ''
[INFO][2016-04-15 16:58:46]WebDriver changing value in element found By.id: loginform-password from '' to 'Test2016QA'
[INFO][2016-04-15 16:58:46]WebDriver clicking on:'xpath: //*[@id='list']/li[5]/button'
[ERROR][2016-04-15 16:58:49]WebDriver error:
org.openqa.selenium.InvalidSelectorException: invalid selector: Unable to locate an element with the xpath expression /html/body/div[2]/aside[1]/div/section/div[1]/div[2]/p[1] because of the following error:
TypeError: Failed to execute 'createNSResolver' on 'Document': parameter 1 is not of type 'Node'.
  (Session info: chrome=49.0.2623.87)
  (Driver info: chromedriver=2.16.333243 (0bfa1d3575fc1044244f21ddb82bf870944ef961),platform=Windows NT 6.1 SP1 x86_64) (WARNING: The server did not provide any stacktrace information)
Command duration or timeout: 2.61 seconds
For documentation on this error, please visit: http://seleniumhq.org/exceptions/invalid_selector_exception.html
Build info: version: '2.53.0', revision: '35ae25b1534ae328c771e0856c93e187490ca824', time: '2016-03-15 10:43:46'
System info: host: 'song-PC', ip: '192.168.12.104', os.name: 'Windows 7', os.arch: 'amd64', os.version: '6.1', java.version: '1.7.0_79'
*** Element info: {Using=xpath, value=/html/body/div[2]/aside[1]/div/section/div[1]/div[2]/p[1]}
Session ID: 5f8c6bc04f617776f65c857e5d38c6a7
Driver info: org.openqa.selenium.chrome.ChromeDriver
Capabilities [{platform=XP, acceptSslCerts=true, javascriptEnabled=true, browserName=chrome, chrome={userDataDir=C:\Users\ADMINI~1\AppData\Local\Temp\scoped_dir6656_6380}, rotatable=false, locationContextEnabled=true, mobileEmulationEnabled=false, version=49.0.2623.87, takesHeapSnapshot=true, cssSelectorsEnabled=true, databaseEnabled=false, handlesAlerts=true, browserConnectionEnabled=false, webStorageEnabled=true, nativeEvents=true, hasTouchScreen=false, applicationCacheEnabled=false, takesScreenshot=true}]
	at sun.reflect.NativeConstructorAccessorImpl.newInstance0(Native Method)
	at sun.reflect.NativeConstructorAccessorImpl.newInstance(NativeConstructorAccessorImpl.java:57)
	at sun.reflect.DelegatingConstructorAccessorImpl.newInstance(DelegatingConstructorAccessorImpl.java:45)
	at java.lang.reflect.Constructor.newInstance(Constructor.java:526)
	at org.openqa.selenium.remote.ErrorHandler.createThrowable(ErrorHandler.java:206)
	at org.openqa.selenium.remote.ErrorHandler.throwIfResponseFailed(ErrorHandler.java:158)
	at org.openqa.selenium.remote.RemoteWebDriver.execute(RemoteWebDriver.java:678)
	at org.openqa.selenium.remote.RemoteWebDriver.findElement(RemoteWebDriver.java:363)
	at org.openqa.selenium.remote.RemoteWebDriver.findElementByXPath(RemoteWebDriver.java:500)
	at org.openqa.selenium.By$ByXPath.findElement(By.java:361)
	at org.openqa.selenium.remote.RemoteWebDriver.findElement(RemoteWebDriver.java:355)
	at sun.reflect.GeneratedMethodAccessor3.invoke(Unknown Source)
	at sun.reflect.DelegatingMethodAccessorImpl.invoke(DelegatingMethodAccessorImpl.java:43)
	at java.lang.reflect.Method.invoke(Method.java:606)
	at org.openqa.selenium.support.events.EventFiringWebDriver$2.invoke(EventFiringWebDriver.java:103)
	at com.sun.proxy.$Proxy11.findElement(Unknown Source)
	at org.openqa.selenium.support.events.EventFiringWebDriver.findElement(EventFiringWebDriver.java:188)
	at org.openqa.selenium.support.pagefactory.DefaultElementLocator.findElement(DefaultElementLocator.java:69)
	at org.openqa.selenium.support.pagefactory.internal.LocatingElementHandler.invoke(LocatingElementHandler.java:38)
	at com.sun.proxy.$Proxy13.getText(Unknown Source)
	at webtest.core.util.Wait.reFresh(Wait.java:26)
	at cases_ejj.LoginTest.login(LoginTest.java:25)
	at cases_ejj.dingdan.MakeOrder_Test.beforeMethod(MakeOrder_Test.java:51)
	at sun.reflect.NativeMethodAccessorImpl.invoke0(Native Method)
	at sun.reflect.NativeMethodAccessorImpl.invoke(NativeMethodAccessorImpl.java:57)
	at sun.reflect.DelegatingMethodAccessorImpl.invoke(DelegatingMethodAccessorImpl.java:43)
	at java.lang.reflect.Method.invoke(Method.java:606)
	at org.testng.internal.MethodInvocationHelper.invokeMethod(MethodInvocationHelper.java:84)
	at org.testng.internal.Invoker.invokeConfigurationMethod(Invoker.java:564)
	at org.testng.internal.Invoker.invokeConfigurations(Invoker.java:213)
	at org.testng.internal.Invoker.invokeMethod(Invoker.java:653)
	at org.testng.internal.Invoker.invokeTestMethod(Invoker.java:901)
	at org.testng.internal.Invoker.invokeTestMethods(Invoker.java:1231)
	at org.testng.internal.TestMethodWorker.invokeTestMethods(TestMethodWorker.java:127)
	at org.testng.internal.TestMethodWorker.run(TestMethodWorker.java:111)
	at org.testng.TestRunner.privateRun(TestRunner.java:767)
	at org.testng.TestRunner.run(TestRunner.java:617)
	at org.testng.SuiteRunner.runTest(SuiteRunner.java:334)
	at org.testng.SuiteRunner.runSequentially(SuiteRunner.java:329)
	at org.testng.SuiteRunner.privateRun(SuiteRunner.java:291)
	at org.testng.SuiteRunner.run(SuiteRunner.java:240)
	at org.testng.SuiteRunnerWorker.runSuite(SuiteRunnerWorker.java:52)
	at org.testng.SuiteRunnerWorker.run(SuiteRunnerWorker.java:86)
	at org.testng.TestNG.runSuitesSequentially(TestNG.java:1224)
	at org.testng.TestNG.runSuitesLocally(TestNG.java:1149)
	at org.testng.TestNG.run(TestNG.java:1057)
	at org.testng.IDEARemoteTestNG.run(IDEARemoteTestNG.java:74)
	at org.testng.RemoteTestNGStarter.main(RemoteTestNGStarter.java:121)
	at sun.reflect.NativeMethodAccessorImpl.invoke0(Native Method)
	at sun.reflect.NativeMethodAccessorImpl.invoke(NativeMethodAccessorImpl.java:57)
	at sun.reflect.DelegatingMethodAccessorImpl.invoke(DelegatingMethodAccessorImpl.java:43)
	at java.lang.reflect.Method.invoke(Method.java:606)
	at com.intellij.rt.execution.application.AppMain.main(AppMain.java:144)
[INFO][2016-04-15 16:58:52]WebDriver changing value in element found By.id: order-order_customer_phone from '' to '18911704270'
[ERROR][2016-04-15 16:58:55]WebDriver error: Element not found By.xpath: //*[@id='order-address_id']/div[1]/div[1]/select
[INFO][2016-04-15 16:58:55]WebDriver clicking on:'xpath: //*[@id='order-address_id']/div[1]/button'
[INFO][2016-04-15 16:58:55]WebDriver changing value in element found By.xpath: //*[@id="order-address_id"]/div[1]/div[4]/input from '大悦城' to ''
[INFO][2016-04-15 16:58:55]WebDriver changing value in element found By.xpath: //*[@id="order-address_id"]/div[1]/div[4]/input from '' to '大悦城'
[INFO][2016-04-15 16:58:56]WebDriver clicking on:'xpath: //*[@id="order-address_id"]/div[1]/div[7]/button[1]'
[INFO][2016-04-15 16:58:56]WebDriver clicking on:'xpath: //*[@id='order-address_id']/div[1]/label[1]'
[INFO][2016-04-15 16:58:56]WebDriver clicking on:'xpath: //*[@id='order-order_service_item_id']/label[1]/input'
[INFO][2016-04-15 16:58:56]WebDriver changing value in element found By.id: order-orderbookeddate from '2016-04-15' to ''
[INFO][2016-04-15 16:58:57]WebDriver changing value in element found By.id: order-orderbookeddate from '' to '2016-4-16'
[INFO][2016-04-15 16:58:57]WebDriver clicking on:'xpath: //*[@id="order-order_booked_count"]/label[2]'
[INFO][2016-04-15 16:58:57]WebDriver clicking on:'xpath: //*[@id="order-order_booked_count"]/label[1]/input'
[INFO][2016-04-15 16:58:58]WebDriver clicking on:'xpath: //*[@id="order-orderbookedtimerange"]/label[1]/input'
[INFO][2016-04-15 16:58:58]WebDriver clicking on:'xpath: //*[@id='order-pay_channel_id']/label[2]/input'
[INFO][2016-04-15 16:58:58]WebDriver clicking on:'xpath: //*[@id='order-order_flag_sys_assign']/label[2]/input'
[INFO][2016-04-15 16:58:59]WebDriver clicking on:'id: submit_button_3'
[INFO][2016-04-15 16:59:01]/\/\/\/\/\/\---TestCase = MakeOrder_Test---/\/\/\/\/\/\
[INFO][2016-04-15 16:59:01]#####################################################
[INFO][2016-04-15 16:59:01]#####################################################
[INFO][2016-04-15 16:59:01]\/\/\/\/\/\/---TestCase = CancelOrderTest---\/\/\/\/\/\/
[INFO][2016-04-15 16:59:03]WebDriver navigating to:'http://101.200.2.207/'
[INFO][2016-04-15 16:59:09]WebDriver changing value in element found By.id: loginform-username from '' to ''
[INFO][2016-04-15 16:59:09]WebDriver changing value in element found By.id: loginform-username from '' to 'admin'
[INFO][2016-04-15 16:59:09]WebDriver changing value in element found By.id: loginform-password from '' to ''
[INFO][2016-04-15 16:59:09]WebDriver changing value in element found By.id: loginform-password from '' to 'Test2016QA'
[INFO][2016-04-15 16:59:09]WebDriver clicking on:'xpath: //*[@id='list']/li[5]/button'
[ERROR][2016-04-15 16:59:12]WebDriver error:
org.openqa.selenium.InvalidSelectorException: invalid selector: Unable to locate an element with the xpath expression /html/body/div[2]/aside[1]/div/section/div[1]/div[2]/p[1] because of the following error:
TypeError: Failed to execute 'createNSResolver' on 'Document': parameter 1 is not of type 'Node'.
  (Session info: chrome=49.0.2623.87)
  (Driver info: chromedriver=2.16.333243 (0bfa1d3575fc1044244f21ddb82bf870944ef961),platform=Windows NT 6.1 SP1 x86_64) (WARNING: The server did not provide any stacktrace information)
Command duration or timeout: 2.30 seconds
For documentation on this error, please visit: http://seleniumhq.org/exceptions/invalid_selector_exception.html
Build info: version: '2.53.0', revision: '35ae25b1534ae328c771e0856c93e187490ca824', time: '2016-03-15 10:43:46'
System info: host: 'song-PC', ip: '192.168.12.104', os.name: 'Windows 7', os.arch: 'amd64', os.version: '6.1', java.version: '1.7.0_79'
*** Element info: {Using=xpath, value=/html/body/div[2]/aside[1]/div/section/div[1]/div[2]/p[1]}
Session ID: 63ba09388c1d32ea7854c599765624bd
Driver info: org.openqa.selenium.chrome.ChromeDriver
Capabilities [{platform=XP, acceptSslCerts=true, javascriptEnabled=true, browserName=chrome, chrome={userDataDir=C:\Users\ADMINI~1\AppData\Local\Temp\scoped_dir3324_29216}, rotatable=false, locationContextEnabled=true, mobileEmulationEnabled=false, version=49.0.2623.87, takesHeapSnapshot=true, cssSelectorsEnabled=true, databaseEnabled=false, handlesAlerts=true, browserConnectionEnabled=false, webStorageEnabled=true, nativeEvents=true, hasTouchScreen=false, applicationCacheEnabled=false, takesScreenshot=true}]
	at sun.reflect.NativeConstructorAccessorImpl.newInstance0(Native Method)
	at sun.reflect.NativeConstructorAccessorImpl.newInstance(NativeConstructorAccessorImpl.java:57)
	at sun.reflect.DelegatingConstructorAccessorImpl.newInstance(DelegatingConstructorAccessorImpl.java:45)
	at java.lang.reflect.Constructor.newInstance(Constructor.java:526)
	at org.openqa.selenium.remote.ErrorHandler.createThrowable(ErrorHandler.java:206)
	at org.openqa.selenium.remote.ErrorHandler.throwIfResponseFailed(ErrorHandler.java:158)
	at org.openqa.selenium.remote.RemoteWebDriver.execute(RemoteWebDriver.java:678)
	at org.openqa.selenium.remote.RemoteWebDriver.findElement(RemoteWebDriver.java:363)
	at org.openqa.selenium.remote.RemoteWebDriver.findElementByXPath(RemoteWebDriver.java:500)
	at org.openqa.selenium.By$ByXPath.findElement(By.java:361)
	at org.openqa.selenium.remote.RemoteWebDriver.findElement(RemoteWebDriver.java:355)
	at sun.reflect.GeneratedMethodAccessor3.invoke(Unknown Source)
	at sun.reflect.DelegatingMethodAccessorImpl.invoke(DelegatingMethodAccessorImpl.java:43)
	at java.lang.reflect.Method.invoke(Method.java:606)
	at org.openqa.selenium.support.events.EventFiringWebDriver$2.invoke(EventFiringWebDriver.java:103)
	at com.sun.proxy.$Proxy11.findElement(Unknown Source)
	at org.openqa.selenium.support.events.EventFiringWebDriver.findElement(EventFiringWebDriver.java:188)
	at org.openqa.selenium.support.pagefactory.DefaultElementLocator.findElement(DefaultElementLocator.java:69)
	at org.openqa.selenium.support.pagefactory.internal.LocatingElementHandler.invoke(LocatingElementHandler.java:38)
	at com.sun.proxy.$Proxy13.getText(Unknown Source)
	at webtest.core.util.Wait.reFresh(Wait.java:26)
	at cases_ejj.LoginTest.login(LoginTest.java:25)
	at cases_ejj.dingdan.CancelOrderTest.beforeMethod(CancelOrderTest.java:49)
	at sun.reflect.NativeMethodAccessorImpl.invoke0(Native Method)
	at sun.reflect.NativeMethodAccessorImpl.invoke(NativeMethodAccessorImpl.java:57)
	at sun.reflect.DelegatingMethodAccessorImpl.invoke(DelegatingMethodAccessorImpl.java:43)
	at java.lang.reflect.Method.invoke(Method.java:606)
	at org.testng.internal.MethodInvocationHelper.invokeMethod(MethodInvocationHelper.java:84)
	at org.testng.internal.Invoker.invokeConfigurationMethod(Invoker.java:564)
	at org.testng.internal.Invoker.invokeConfigurations(Invoker.java:213)
	at org.testng.internal.Invoker.invokeMethod(Invoker.java:653)
	at org.testng.internal.Invoker.invokeTestMethod(Invoker.java:901)
	at org.testng.internal.Invoker.invokeTestMethods(Invoker.java:1231)
	at org.testng.internal.TestMethodWorker.invokeTestMethods(TestMethodWorker.java:127)
	at org.testng.internal.TestMethodWorker.run(TestMethodWorker.java:111)
	at org.testng.TestRunner.privateRun(TestRunner.java:767)
	at org.testng.TestRunner.run(TestRunner.java:617)
	at org.testng.SuiteRunner.runTest(SuiteRunner.java:334)
	at org.testng.SuiteRunner.runSequentially(SuiteRunner.java:329)
	at org.testng.SuiteRunner.privateRun(SuiteRunner.java:291)
	at org.testng.SuiteRunner.run(SuiteRunner.java:240)
	at org.testng.SuiteRunnerWorker.runSuite(SuiteRunnerWorker.java:52)
	at org.testng.SuiteRunnerWorker.run(SuiteRunnerWorker.java:86)
	at org.testng.TestNG.runSuitesSequentially(TestNG.java:1224)
	at org.testng.TestNG.runSuitesLocally(TestNG.java:1149)
	at org.testng.TestNG.run(TestNG.java:1057)
	at org.testng.IDEARemoteTestNG.run(IDEARemoteTestNG.java:74)
	at org.testng.RemoteTestNGStarter.main(RemoteTestNGStarter.java:121)
	at sun.reflect.NativeMethodAccessorImpl.invoke0(Native Method)
	at sun.reflect.NativeMethodAccessorImpl.invoke(NativeMethodAccessorImpl.java:57)
	at sun.reflect.DelegatingMethodAccessorImpl.invoke(DelegatingMethodAccessorImpl.java:43)
	at java.lang.reflect.Method.invoke(Method.java:606)
	at com.intellij.rt.execution.application.AppMain.main(AppMain.java:144)
[INFO][2016-04-15 16:59:18]WebDriver clicking on:'xpath: //*[@id="w1"]/div[2]/div/table/tbody/tr[2]/td[5]/p[3]/a'
[INFO][2016-04-15 16:59:18]WebDriver clicking on:'xpath: //*[@id="HBox"]/form/ul/li[1]/div/label[1]/input'
[INFO][2016-04-15 16:59:18]WebDriver clicking on:'xpath: //*[@id="HBox"]/form/ul/li[2]/div[1]/label[2]/input'
[INFO][2016-04-15 16:59:18]WebDriver changing value in element found By.id: text_CancelNote from '' to '自动化测试取消订单'
[INFO][2016-04-15 16:59:18]WebDriver clicking on:'xpath: //*[@id="HBox"]/form/ul/li[4]/input'
[INFO][2016-04-15 16:59:19]/\/\/\/\/\/\---TestCase = CancelOrderTest---/\/\/\/\/\/\
[INFO][2016-04-15 16:59:19]#####################################################
